CorrectoSalida de consola
Descartando 653 KB.. Registro completo

 kB | 10 kB | 13 kB | 20/26 kB
Progress (4): 178 kB | 10 kB | 13 kB | 25/26 kB
Progress (4): 178 kB | 10 kB | 13 kB | 26 kB   
                                            
Downloaded from central: https://repo.maven.apache.org/maven2/org/apache/maven/maven-core/2.2.1/maven-core-2.2.1.jar (178 kB at 671 kB/s)
Downloading from central: https://repo.maven.apache.org/maven2/classworlds/classworlds/1.1/classworlds-1.1.jar
Downloading from central: https://repo.maven.apache.org/maven2/org/apache/maven/maven-toolchain/2.2.1/maven-toolchain-2.2.1.jar
Downloaded from central: https://repo.maven.apache.org/maven2/org/apache/maven/maven-repository-metadata/2.2.1/maven-repository-metadata-2.2.1.jar (26 kB at 95 kB/s)
Progress (3): 10 kB | 13 kB | 4.1/38 kB
Progress (3): 10 kB | 13 kB | 8.2/38 kB
Progress (3): 10 kB | 13 kB | 12/38 kB 
Progress (3): 10 kB | 13 kB | 16/38 kB
Progress (3): 10 kB | 13 kB | 20/38 kB
Progress (3): 10 kB | 13 kB | 25/38 kB
Progress (3): 10 kB | 13 kB | 29/38 kB
Progress (3): 10 kB | 13 kB | 33/38 kB
Progress (3): 10 kB | 13 kB | 37/38 kB
Progress (3): 10 kB | 13 kB | 38 kB   
                                   
Downloaded from central: https://repo.maven.apache.org/maven2/org/apache/maven/maven-error-diagnostics/2.2.1/maven-error-diagnostics-2.2.1.jar (13 kB at 48 kB/s)
Progress (3): 10 kB | 38 kB | 4.1/38 kB
Progress (3): 10 kB | 38 kB | 8.2/38 kB
Progress (3): 10 kB | 38 kB | 12/38 kB 
Progress (3): 10 kB | 38 kB | 16/38 kB
Progress (3): 10 kB | 38 kB | 20/38 kB
                                      
Downloaded from central: https://repo.maven.apache.org/maven2/org/apache/maven/maven-monitor/2.2.1/maven-monitor-2.2.1.jar (10 kB at 38 kB/s)
Progress (2): 38 kB | 25/38 kB
Progress (2): 38 kB | 29/38 kB
Progress (2): 38 kB | 33/38 kB
Progress (2): 38 kB | 37/38 kB
Progress (2): 38 kB | 38 kB   
                           
Downloaded from central: https://repo.maven.apache.org/maven2/classworlds/classworlds/1.1/classworlds-1.1.jar (38 kB at 135 kB/s)
Downloading from central: https://repo.maven.apache.org/maven2/com/thoughtworks/qdox/qdox/2.0-M8/qdox-2.0-M8.jar
Downloaded from central: https://repo.maven.apache.org/maven2/org/apache/maven/maven-toolchain/2.2.1/maven-toolchain-2.2.1.jar (38 kB at 133 kB/s)
Progress (1): 4.1/316 kB
Progress (1): 8.2/316 kB
Progress (1): 12/316 kB 
Progress (1): 16/316 kB
Progress (1): 20/316 kB
Progress (1): 25/316 kB
Progress (1): 29/316 kB
Progress (1): 33/316 kB
Progress (1): 37/316 kB
Progress (1): 41/316 kB
Progress (1): 45/316 kB
Progress (1): 49/316 kB
Progress (1): 53/316 kB
Progress (1): 57/316 kB
Progress (1): 61/316 kB
Progress (1): 66/316 kB
Progress (1): 70/316 kB
Progress (1): 74/316 kB
Progress (1): 78/316 kB
Progress (1): 82/316 kB
Progress (1): 86/316 kB
Progress (1): 90/316 kB
Progress (1): 94/316 kB
Progress (1): 98/316 kB
Progress (1): 102/316 kB
Progress (1): 106/316 kB
Progress (1): 111/316 kB
Progress (1): 115/316 kB
Progress (1): 119/316 kB
Progress (1): 123/316 kB
Progress (1): 127/316 kB
Progress (1): 131/316 kB
Progress (1): 135/316 kB
Progress (1): 139/316 kB
Progress (1): 143/316 kB
Progress (1): 147/316 kB
Progress (1): 152/316 kB
Progress (1): 156/316 kB
Progress (1): 160/316 kB
Progress (1): 164/316 kB
Progress (1): 168/316 kB
Progress (1): 172/316 kB
Progress (1): 176/316 kB
Progress (1): 180/316 kB
Progress (1): 184/316 kB
Progress (1): 188/316 kB
Progress (1): 193/316 kB
Progress (1): 197/316 kB
Progress (1): 201/316 kB
Progress (1): 205/316 kB
Progress (1): 209/316 kB
Progress (1): 213/316 kB
Progress (1): 217/316 kB
Progress (1): 221/316 kB
Progress (1): 225/316 kB
Progress (1): 229/316 kB
Progress (1): 233/316 kB
Progress (1): 238/316 kB
Progress (1): 242/316 kB
Progress (1): 246/316 kB
Progress (1): 250/316 kB
Progress (1): 254/316 kB
Progress (1): 258/316 kB
Progress (1): 262/316 kB
Progress (1): 266/316 kB
Progress (1): 270/316 kB
Progress (1): 274/316 kB
Progress (1): 279/316 kB
Progress (1): 283/316 kB
Progress (1): 287/316 kB
Progress (1): 291/316 kB
Progress (1): 295/316 kB
Progress (1): 299/316 kB
Progress (1): 303/316 kB
Progress (1): 307/316 kB
Progress (1): 311/316 kB
Progress (1): 315/316 kB
Progress (1): 316 kB    
                    
Downloaded from central: https://repo.maven.apache.org/maven2/com/thoughtworks/qdox/qdox/2.0-M8/qdox-2.0-M8.jar (316 kB at 989 kB/s)
Downloading from central: https://repo.maven.apache.org/maven2/org/apache/maven/surefire/surefire-junit4/2.22.2/surefire-junit4-2.22.2.pom
Progress (1): 3.1 kB
                    
Downloaded from central: https://repo.maven.apache.org/maven2/org/apache/maven/surefire/surefire-junit4/2.22.2/surefire-junit4-2.22.2.pom (3.1 kB at 343 kB/s)
Downloading from central: https://repo.maven.apache.org/maven2/org/apache/maven/surefire/surefire-providers/2.22.2/surefire-providers-2.22.2.pom
Progress (1): 2.5 kB
                    
Downloaded from central: https://repo.maven.apache.org/maven2/org/apache/maven/surefire/surefire-providers/2.22.2/surefire-providers-2.22.2.pom (2.5 kB at 415 kB/s)
Downloading from central: https://repo.maven.apache.org/maven2/org/apache/maven/surefire/surefire-junit4/2.22.2/surefire-junit4-2.22.2.jar
Progress (1): 4.1/85 kB
Progress (1): 8.2/85 kB
Progress (1): 12/85 kB 
Progress (1): 16/85 kB
Progress (1): 20/85 kB
Progress (1): 25/85 kB
Progress (1): 29/85 kB
Progress (1): 33/85 kB
Progress (1): 37/85 kB
Progress (1): 41/85 kB
Progress (1): 45/85 kB
Progress (1): 49/85 kB
Progress (1): 53/85 kB
Progress (1): 57/85 kB
Progress (1): 61/85 kB
Progress (1): 66/85 kB
Progress (1): 70/85 kB
Progress (1): 74/85 kB
Progress (1): 78/85 kB
Progress (1): 82/85 kB
Progress (1): 85 kB   
                   
Downloaded from central: https://repo.maven.apache.org/maven2/org/apache/maven/surefire/surefire-junit4/2.22.2/surefire-junit4-2.22.2.jar (85 kB at 5.0 MB/s)
[INFO] 
[INFO] -------------------------------------------------------
[INFO]  T E S T S
[INFO] -------------------------------------------------------
[INFO] Running com.example.demo.SareetaApplicationTests

  .   ____          _            __ _ _
 /\\ / ___'_ __ _ _(_)_ __  __ _ \ \ \ \
( ( )\___ | '_ | '_| | '_ \/ _` | \ \ \ \
 \\/  ___)| |_)| | | | | || (_| |  ) ) ) )
  '  |____| .__|_| |_|_| |_\__, | / / / /
 =========|_|==============|___/=/_/_/_/
 :: Spring Boot ::        (v2.1.5.RELEASE)

2020-08-20 17:46:20.476  INFO 2343 --- [           main] c.e.d.SareetaApplicationTests            : Starting SareetaApplicationTests on 38c0e7f0f100 with PID 2343 (started by root in /var/jenkins_home/workspace/project-ecommerce/PROJECT)
2020-08-20 17:46:20.499  INFO 2343 --- [           main] c.e.d.SareetaApplicationTests            : No active profile set, falling back to default profiles: default
2020-08-20 17:46:22.288  INFO 2343 --- [           main] .s.d.r.c.RepositoryConfigurationDelegate : Bootstrapping Spring Data repositories in DEFAULT mode.
2020-08-20 17:46:22.457  INFO 2343 --- [           main] .s.d.r.c.RepositoryConfigurationDelegate : Finished Spring Data repository scanning in 148ms. Found 4 repository interfaces.
2020-08-20 17:46:23.816  INFO 2343 --- [           main] trationDelegate$BeanPostProcessorChecker : Bean 'org.springframework.transaction.annotation.ProxyTransactionManagementConfiguration' of type [org.springframework.transaction.annotation.ProxyTransactionManagementConfiguration$$EnhancerBySpringCGLIB$$85f66282] is not eligible for getting processed by all BeanPostProcessors (for example: not eligible for auto-proxying)
2020-08-20 17:46:23.945  INFO 2343 --- [           main] trationDelegate$BeanPostProcessorChecker : Bean 'org.springframework.security.config.annotation.configuration.ObjectPostProcessorConfiguration' of type [org.springframework.security.config.annotation.configuration.ObjectPostProcessorConfiguration$$EnhancerBySpringCGLIB$$1ea42abc] is not eligible for getting processed by all BeanPostProcessors (for example: not eligible for auto-proxying)
2020-08-20 17:46:23.964  INFO 2343 --- [           main] trationDelegate$BeanPostProcessorChecker : Bean 'objectPostProcessor' of type [org.springframework.security.config.annotation.configuration.AutowireBeanFactoryObjectPostProcessor] is not eligible for getting processed by all BeanPostProcessors (for example: not eligible for auto-proxying)
2020-08-20 17:46:23.977  INFO 2343 --- [           main] trationDelegate$BeanPostProcessorChecker : Bean 'org.springframework.security.access.expression.method.DefaultMethodSecurityExpressionHandler@1b7cae6f' of type [org.springframework.security.access.expression.method.DefaultMethodSecurityExpressionHandler] is not eligible for getting processed by all BeanPostProcessors (for example: not eligible for auto-proxying)
2020-08-20 17:46:23.989  INFO 2343 --- [           main] trationDelegate$BeanPostProcessorChecker : Bean 'org.springframework.security.config.annotation.method.configuration.GlobalMethodSecurityConfiguration' of type [org.springframework.security.config.annotation.method.configuration.GlobalMethodSecurityConfiguration$$EnhancerBySpringCGLIB$$4378cd6e] is not eligible for getting processed by all BeanPostProcessors (for example: not eligible for auto-proxying)
2020-08-20 17:46:24.013  INFO 2343 --- [           main] trationDelegate$BeanPostProcessorChecker : Bean 'methodSecurityMetadataSource' of type [org.springframework.security.access.method.DelegatingMethodSecurityMetadataSource] is not eligible for getting processed by all BeanPostProcessors (for example: not eligible for auto-proxying)
2020-08-20 17:46:24.529  INFO 2343 --- [           main] c.z.h.HikariDataSource                   : HikariPool-1 - Starting...
2020-08-20 17:46:24.968  INFO 2343 --- [           main] c.z.h.HikariDataSource                   : HikariPool-1 - Start completed.
2020-08-20 17:46:25.245  INFO 2343 --- [           main] o.h.j.i.u.LogHelper                      : HHH000204: Processing PersistenceUnitInfo [
	name: default
	...]
2020-08-20 17:46:25.413  INFO 2343 --- [           main] o.h.Version                              : HHH000412: Hibernate Core {5.3.10.Final}
2020-08-20 17:46:25.416  INFO 2343 --- [           main] o.h.c.Environment                        : HHH000206: hibernate.properties not found
2020-08-20 17:46:25.769  INFO 2343 --- [           main] o.h.a.c.Version                          : HCANN000001: Hibernate Commons Annotations {5.0.4.Final}
2020-08-20 17:46:26.103  INFO 2343 --- [           main] o.h.d.Dialect                            : HHH000400: Using dialect: org.hibernate.dialect.H2Dialect
2020-08-20 17:46:27.908  INFO 2343 --- [           main] j.LocalContainerEntityManagerFactoryBean : Initialized JPA EntityManagerFactory for persistence unit 'default'
2020-08-20 17:46:29.842  WARN 2343 --- [           main] aWebConfiguration$JpaWebMvcConfiguration : spring.jpa.open-in-view is enabled by default. Therefore, database queries may be performed during view rendering. Explicitly configure spring.jpa.open-in-view to disable this warning
2020-08-20 17:46:30.178  INFO 2343 --- [           main] o.s.s.w.DefaultSecurityFilterChain       : Creating filter chain: any request, [org.springframework.security.web.context.request.async.WebAsyncManagerIntegrationFilter@29c244e, org.springframework.security.web.context.SecurityContextPersistenceFilter@769b0752, org.springframework.security.web.header.HeaderWriterFilter@425b5fe2, org.springframework.web.filter.CorsFilter@6cc8da1c, org.springframework.security.web.authentication.logout.LogoutFilter@305e95a4, com.example.demo.security.JwtAuthenticationFilter@39a3984c, com.example.demo.security.JwtAuthorizationFilter@4404a6b, org.springframework.security.web.savedrequest.RequestCacheAwareFilter@59a94d0f, org.springframework.security.web.servletapi.SecurityContextHolderAwareRequestFilter@5c0e2ec, org.springframework.security.web.authentication.AnonymousAuthenticationFilter@671da0f9, org.springframework.security.web.session.SessionManagementFilter@66e1b2a, org.springframework.security.web.access.ExceptionTranslationFilter@32d0d7eb, org.springframework.security.web.access.intercept.FilterSecurityInterceptor@965bcbc]
2020-08-20 17:46:31.460  INFO 2343 --- [           main] o.s.s.c.ThreadPoolTaskExecutor           : Initializing ExecutorService 'applicationTaskExecutor'
2020-08-20 17:46:32.212  INFO 2343 --- [           main] c.e.d.SareetaApplicationTests            : Started SareetaApplicationTests in 12.78 seconds (JVM running for 14.872)
[INFO] Tests run: 1, Failures: 0, Errors: 0, Skipped: 0, Time elapsed: 14.425 s - in com.example.demo.SareetaApplicationTests
[INFO] Running com.example.demo.controllers.OrderControllerTest
2020-08-20 17:46:32.833 ERROR 2343 --- [           main] c.e.d.c.UserController                   : History not found linked to this username.
2020-08-20 17:46:32.851  INFO 2343 --- [           main] c.e.d.c.UserController                   : Order submitted successfully
2020-08-20 17:46:32.853  INFO 2343 --- [           main] c.e.d.c.UserController                   : Order submitted successfully
2020-08-20 17:46:32.853  INFO 2343 --- [           main] c.e.d.c.UserController                   : Order history retrieved for: user
2020-08-20 17:46:32.855  INFO 2343 --- [           main] c.e.d.c.UserController                   : Order submitted successfully
2020-08-20 17:46:32.856 ERROR 2343 --- [           main] c.e.d.c.UserController                   : Username not found.
[INFO] Tests run: 4, Failures: 0, Errors: 0, Skipped: 0, Time elapsed: 0.414 s - in com.example.demo.controllers.OrderControllerTest
[INFO] Running com.example.demo.controllers.CartControllerTest
2020-08-20 17:46:33.045 ERROR 2343 --- [           main] c.e.d.c.UserController                   : Item not found in removeFromCart operation.
2020-08-20 17:46:33.052  INFO 2343 --- [           main] c.e.d.c.UserController                   : Item added successfully to cart.
2020-08-20 17:46:33.054 ERROR 2343 --- [           main] c.e.d.c.UserController                   : Item not found in addToCart operation.
2020-08-20 17:46:33.059 ERROR 2343 --- [           main] c.e.d.c.UserController                   : Username not found in addToCart operation.
2020-08-20 17:46:33.061  INFO 2343 --- [           main] c.e.d.c.UserController                   : Removal operation from cart successfully performed.
[INFO] Tests run: 5, Failures: 0, Errors: 0, Skipped: 0, Time elapsed: 0.183 s - in com.example.demo.controllers.CartControllerTest
[INFO] Running com.example.demo.controllers.ItemControllerTest
[INFO] Tests run: 5, Failures: 0, Errors: 0, Skipped: 0, Time elapsed: 0.01 s - in com.example.demo.controllers.ItemControllerTest
[INFO] Running com.example.demo.controllers.UserControllerTest
2020-08-20 17:46:33.136  INFO 2343 --- [           main] c.e.d.c.UserController                   : Initialized user process creation for user test
2020-08-20 17:46:33.144  INFO 2343 --- [           main] c.e.d.c.UserController                   : User created successfully.
2020-08-20 17:46:33.145  INFO 2343 --- [           main] c.e.d.c.UserController                   : Initialized user process creation for user test
2020-08-20 17:46:33.146 ERROR 2343 --- [           main] c.e.d.c.UserController                   : Error with user password. Impossible to create user test
2020-08-20 17:46:33.149  INFO 2343 --- [           main] c.e.d.c.UserController                   : Initialized user process creation for user test
2020-08-20 17:46:33.149  INFO 2343 --- [           main] c.e.d.c.UserController                   : User created successfully.
[INFO] Tests run: 5, Failures: 0, Errors: 0, Skipped: 0, Time elapsed: 0.064 s - in com.example.demo.controllers.UserControllerTest
2020-08-20 17:46:33.195  INFO 2343 --- [       Thread-3] o.s.s.c.ThreadPoolTaskExecutor           : Shutting down ExecutorService 'applicationTaskExecutor'
2020-08-20 17:46:33.199  INFO 2343 --- [       Thread-3] j.LocalContainerEntityManagerFactoryBean : Closing JPA EntityManagerFactory for persistence unit 'default'
2020-08-20 17:46:33.204  INFO 2343 --- [       Thread-3] c.z.h.HikariDataSource                   : HikariPool-1 - Shutdown initiated...
2020-08-20 17:46:33.216  INFO 2343 --- [       Thread-3] c.z.h.HikariDataSource                   : HikariPool-1 - Shutdown completed.
[INFO] 
[INFO] Results:
[INFO] 
[INFO] Tests run: 20, Failures: 0, Errors: 0, Skipped: 0
[INFO] 
[INFO] 
[INFO] --- maven-jar-plugin:3.1.1:jar (default-jar) @ auth-course ---
Downloading from central: https://repo.maven.apache.org/maven2/org/apache/maven/maven-archiver/3.3.0/maven-archiver-3.3.0.pom
Progress (1): 4.1/4.4 kB
Progress (1): 4.4 kB    
                    
Downloaded from central: https://repo.maven.apache.org/maven2/org/apache/maven/maven-archiver/3.3.0/maven-archiver-3.3.0.pom (4.4 kB at 233 kB/s)
Downloading from central: https://repo.maven.apache.org/maven2/org/apache/maven/shared/maven-shared-components/33/maven-shared-components-33.pom
Progress (1): 4.1/5.1 kB
Progress (1): 5.1 kB    
                    
Downloaded from central: https://repo.maven.apache.org/maven2/org/apache/maven/shared/maven-shared-components/33/maven-shared-components-33.pom (5.1 kB at 566 kB/s)
Downloading from central: https://repo.maven.apache.org/maven2/org/codehaus/plexus/plexus-archiver/3.6.0/plexus-archiver-3.6.0.pom
Progress (1): 4.1/4.8 kB
Progress (1): 4.8 kB    
                    
Downloaded from central: https://repo.maven.apache.org/maven2/org/codehaus/plexus/plexus-archiver/3.6.0/plexus-archiver-3.6.0.pom (4.8 kB at 535 kB/s)
Downloading from central: https://repo.maven.apache.org/maven2/org/codehaus/plexus/plexus/5.0/plexus-5.0.pom
Progress (1): 4.1/21 kB
Progress (1): 8.2/21 kB
Progress (1): 12/21 kB 
Progress (1): 16/21 kB
Progress (1): 20/21 kB
Progress (1): 21 kB   
                   
Downloaded from central: https://repo.maven.apache.org/maven2/org/codehaus/plexus/plexus/5.0/plexus-5.0.pom (21 kB at 1.3 MB/s)
Downloading from central: https://repo.maven.apache.org/maven2/org/codehaus/plexus/plexus-io/3.0.1/plexus-io-3.0.1.pom
Progress (1): 4.1/4.5 kB
Progress (1): 4.5 kB    
                    
Downloaded from central: https://repo.maven.apache.org/maven2/org/codehaus/plexus/plexus-io/3.0.1/plexus-io-3.0.1.pom (4.5 kB at 253 kB/s)
Downloading from central: https://repo.maven.apache.org/maven2/commons-io/commons-io/2.6/commons-io-2.6.pom
Progress (1): 4.1/14 kB
Progress (1): 8.2/14 kB
Progress (1): 12/14 kB 
Progress (1): 14 kB   
                   
Downloaded from central: https://repo.maven.apache.org/maven2/commons-io/commons-io/2.6/commons-io-2.6.pom (14 kB at 1.0 MB/s)
Downloading from central: https://repo.maven.apache.org/maven2/org/apache/commons/commons-compress/1.16.1/commons-compress-1.16.1.pom
Progress (1): 4.1/16 kB
Progress (1): 8.2/16 kB
Progress (1): 12/16 kB 
Progress (1): 16 kB   
                   
Downloaded from central: https://repo.maven.apache.org/maven2/org/apache/commons/commons-compress/1.16.1/commons-compress-1.16.1.pom (16 kB at 1.7 MB/s)
Downloading from central: https://repo.maven.apache.org/maven2/org/apache/commons/commons-parent/43/commons-parent-43.pom
Progress (1): 4.1/70 kB
Progress (1): 8.2/70 kB
Progress (1): 12/70 kB 
Progress (1): 16/70 kB
Progress (1): 20/70 kB
Progress (1): 25/70 kB
Progress (1): 29/70 kB
Progress (1): 33/70 kB
Progress (1): 37/70 kB
Progress (1): 41/70 kB
Progress (1): 45/70 kB
Progress (1): 49/70 kB
Progress (1): 53/70 kB
Progress (1): 57/70 kB
Progress (1): 61/70 kB
Progress (1): 66/70 kB
Progress (1): 70/70 kB
Progress (1): 70 kB   
                   
Downloaded from central: https://repo.maven.apache.org/maven2/org/apache/commons/commons-parent/43/commons-parent-43.pom (70 kB at 4.1 MB/s)
Downloading from central: https://repo.maven.apache.org/maven2/org/iq80/snappy/snappy/0.4/snappy-0.4.pom
Progress (1): 4.1/15 kB
Progress (1): 8.2/15 kB
Progress (1): 12/15 kB 
Progress (1): 15 kB   
                   
Downloaded from central: https://repo.maven.apache.org/maven2/org/iq80/snappy/snappy/0.4/snappy-0.4.pom (15 kB at 2.4 MB/s)
Downloading from central: https://repo.maven.apache.org/maven2/org/tukaani/xz/1.8/xz-1.8.pom
Progress (1): 1.9 kB
                    
Downloaded from central: https://repo.maven.apache.org/maven2/org/tukaani/xz/1.8/xz-1.8.pom (1.9 kB at 318 kB/s)
Downloading from central: https://repo.maven.apache.org/maven2/org/codehaus/plexus/plexus-interpolation/1.25/plexus-interpolation-1.25.pom
Progress (1): 2.6 kB
                    
Downloaded from central: https://repo.maven.apache.org/maven2/org/codehaus/plexus/plexus-interpolation/1.25/plexus-interpolation-1.25.pom (2.6 kB at 378 kB/s)
Downloading from central: https://repo.maven.apache.org/maven2/org/codehaus/plexus/plexus/5.1/plexus-5.1.pom
Progress (1): 4.1/23 kB
Progress (1): 8.2/23 kB
Progress (1): 12/23 kB 
Progress (1): 16/23 kB
Progress (1): 20/23 kB
Progress (1): 23 kB   
                   
Downloaded from central: https://repo.maven.apache.org/maven2/org/codehaus/plexus/plexus/5.1/plexus-5.1.pom (23 kB at 2.5 MB/s)
Downloading from central: https://repo.maven.apache.org/maven2/org/codehaus/plexus/plexus-archiver/3.7.0/plexus-archiver-3.7.0.pom
Progress (1): 4.1/4.8 kB
Progress (1): 4.8 kB    
                    
Downloaded from central: https://repo.maven.apache.org/maven2/org/codehaus/plexus/plexus-archiver/3.7.0/plexus-archiver-3.7.0.pom (4.8 kB at 484 kB/s)
Downloading from central: https://repo.maven.apache.org/maven2/org/codehaus/plexus/plexus-io/3.1.0/plexus-io-3.1.0.pom
Progress (1): 4.1/4.5 kB
Progress (1): 4.5 kB    
                    
Downloaded from central: https://repo.maven.apache.org/maven2/org/codehaus/plexus/plexus-io/3.1.0/plexus-io-3.1.0.pom (4.5 kB at 568 kB/s)
Downloading from central: https://repo.maven.apache.org/maven2/org/apache/commons/commons-compress/1.18/commons-compress-1.18.pom
Progress (1): 4.1/18 kB
Progress (1): 8.2/18 kB
Progress (1): 12/18 kB 
Progress (1): 16/18 kB
Progress (1): 18 kB   
                   
Downloaded from central: https://repo.maven.apache.org/maven2/org/apache/commons/commons-compress/1.18/commons-compress-1.18.pom (18 kB at 2.6 MB/s)
Downloading from central: https://repo.maven.apache.org/maven2/org/apache/commons/commons-parent/47/commons-parent-47.pom
Progress (1): 4.1/78 kB
Progress (1): 8.2/78 kB
Progress (1): 12/78 kB 
Progress (1): 16/78 kB
Progress (1): 20/78 kB
Progress (1): 25/78 kB
Progress (1): 29/78 kB
Progress (1): 33/78 kB
Progress (1): 37/78 kB
Progress (1): 41/78 kB
Progress (1): 45/78 kB
Progress (1): 49/78 kB
Progress (1): 53/78 kB
Progress (1): 57/78 kB
Progress (1): 61/78 kB
Progress (1): 66/78 kB
Progress (1): 70/78 kB
Progress (1): 74/78 kB
Progress (1): 78 kB   
                   
Downloaded from central: https://repo.maven.apache.org/maven2/org/apache/commons/commons-parent/47/commons-parent-47.pom (78 kB at 6.0 MB/s)
Downloading from central: https://repo.maven.apache.org/maven2/org/apache/maven/maven-archiver/3.3.0/maven-archiver-3.3.0.jar
Downloading from central: https://repo.maven.apache.org/maven2/org/codehaus/plexus/plexus-archiver/3.7.0/plexus-archiver-3.7.0.jar
Downloading from central: https://repo.maven.apache.org/maven2/org/codehaus/plexus/plexus-io/3.1.0/plexus-io-3.1.0.jar
Downloading from central: https://repo.maven.apache.org/maven2/org/apache/commons/commons-compress/1.18/commons-compress-1.18.jar
Downloading from central: https://repo.maven.apache.org/maven2/org/iq80/snappy/snappy/0.4/snappy-0.4.jar
Progress (1): 4.1/192 kB
Progress (1): 8.2/192 kB
Progress (1): 12/192 kB 
Progress (1): 16/192 kB
Progress (2): 16/192 kB | 4.1/24 kB
Progress (2): 16/192 kB | 8.2/24 kB
Progress (2): 16/192 kB | 12/24 kB 
Progress (2): 16/192 kB | 16/24 kB
Progress (2): 16/192 kB | 20/24 kB
Progress (2): 16/192 kB | 24 kB   
Progress (3): 16/192 kB | 24 kB | 4.1/592 kB
Progress (3): 16/192 kB | 24 kB | 8.2/592 kB
Progress (3): 16/192 kB | 24 kB | 12/592 kB 
Progress (3): 16/192 kB | 24 kB | 16/592 kB
Progress (3): 16/192 kB | 24 kB | 20/592 kB
Progress (4): 16/192 kB | 24 kB | 20/592 kB | 4.1/75 kB
Progress (4): 16/192 kB | 24 kB | 20/592 kB | 8.2/75 kB
Progress (4): 16/192 kB | 24 kB | 20/592 kB | 12/75 kB 
Progress (4): 16/192 kB | 24 kB | 20/592 kB | 16/75 kB
Progress (4): 16/192 kB | 24 kB | 20/592 kB | 20/75 kB
Progress (4): 16/192 kB | 24 kB | 20/592 kB | 25/75 kB
Progress (4): 16/192 kB | 24 kB | 20/592 kB | 29/75 kB
Progress (4): 16/192 kB | 24 kB | 20/592 kB | 33/75 kB
Progress (4): 16/192 kB | 24 kB | 20/592 kB | 37/75 kB
Progress (4): 16/192 kB | 24 kB | 20/592 kB | 41/75 kB
Progress (4): 16/192 kB | 24 kB | 20/592 kB | 45/75 kB
Progress (4): 16/192 kB | 24 kB | 20/592 kB | 49/75 kB
Progress (4): 16/192 kB | 24 kB | 20/592 kB | 53/75 kB
Progress (4): 16/192 kB | 24 kB | 20/592 kB | 57/75 kB
Progress (4): 16/192 kB | 24 kB | 20/592 kB | 61/75 kB
Progress (4): 16/192 kB | 24 kB | 20/592 kB | 66/75 kB
Progress (4): 16/192 kB | 24 kB | 20/592 kB | 70/75 kB
Progress (4): 16/192 kB | 24 kB | 25/592 kB | 70/75 kB
Progress (4): 16/192 kB | 24 kB | 29/592 kB | 70/75 kB
Progress (4): 16/192 kB | 24 kB | 33/592 kB | 70/75 kB
Progress (4): 16/192 kB | 24 kB | 37/592 kB | 70/75 kB
Progress (4): 16/192 kB | 24 kB | 41/592 kB | 70/75 kB
Progress (4): 16/192 kB | 24 kB | 45/592 kB | 70/75 kB
Progress (5): 16/192 kB | 24 kB | 45/592 kB | 70/75 kB | 4.1/58 kB
Progress (5): 20/192 kB | 24 kB | 45/592 kB | 70/75 kB | 4.1/58 kB
Progress (5): 25/192 kB | 24 kB | 45/592 kB | 70/75 kB | 4.1/58 kB
Progress (5): 29/192 kB | 24 kB | 45/592 kB | 70/75 kB | 4.1/58 kB
Progress (5): 33/192 kB | 24 kB | 45/592 kB | 70/75 kB | 4.1/58 kB
Progress (5): 37/192 kB | 24 kB | 45/592 kB | 70/75 kB | 4.1/58 kB
Progress (5): 41/192 kB | 24 kB | 45/592 kB | 70/75 kB | 4.1/58 kB
Progress (5): 45/192 kB | 24 kB | 45/592 kB | 70/75 kB | 4.1/58 kB
Progress (5): 49/192 kB | 24 kB | 45/592 kB | 70/75 kB | 4.1/58 kB
Progress (5): 53/192 kB | 24 kB | 45/592 kB | 70/75 kB | 4.1/58 kB
Progress (5): 57/192 kB | 24 kB | 45/592 kB | 70/75 kB | 4.1/58 kB
Progress (5): 61/192 kB | 24 kB | 45/592 kB | 70/75 kB | 4.1/58 kB
Progress (5): 66/192 kB | 24 kB | 45/592 kB | 70/75 kB | 4.1/58 kB
Progress (5): 70/192 kB | 24 kB | 45/592 kB | 70/75 kB | 4.1/58 kB
Progress (5): 74/192 kB | 24 kB | 45/592 kB | 70/75 kB | 4.1/58 kB
Progress (5): 78/192 kB | 24 kB | 45/592 kB | 70/75 kB | 4.1/58 kB
Progress (5): 82/192 kB | 24 kB | 45/592 kB | 70/75 kB | 4.1/58 kB
Progress (5): 86/192 kB | 24 kB | 45/592 kB | 70/75 kB | 4.1/58 kB
Progress (5): 90/192 kB | 24 kB | 45/592 kB | 70/75 kB | 4.1/58 kB
Progress (5): 94/192 kB | 24 kB | 45/592 kB | 70/75 kB | 4.1/58 kB
Progress (5): 98/192 kB | 24 kB | 45/592 kB | 70/75 kB | 4.1/58 kB
Progress (5): 102/192 kB | 24 kB | 45/592 kB | 70/75 kB | 4.1/58 kB
Progress (5): 106/192 kB | 24 kB | 45/592 kB | 70/75 kB | 4.1/58 kB
Progress (5): 111/192 kB | 24 kB | 45/592 kB | 70/75 kB | 4.1/58 kB
Progress (5): 115/192 kB | 24 kB | 45/592 kB | 70/75 kB | 4.1/58 kB
Progress (5): 119/192 kB | 24 kB | 45/592 kB | 70/75 kB | 4.1/58 kB
Progress (5): 123/192 kB | 24 kB | 45/592 kB | 70/75 kB | 4.1/58 kB
Progress (5): 127/192 kB | 24 kB | 45/592 kB | 70/75 kB | 4.1/58 kB
Progress (5): 131/192 kB | 24 kB | 45/592 kB | 70/75 kB | 4.1/58 kB
Progress (5): 135/192 kB | 24 kB | 45/592 kB | 70/75 kB | 4.1/58 kB
Progress (5): 139/192 kB | 24 kB | 45/592 kB | 70/75 kB | 4.1/58 kB
Progress (5): 143/192 kB | 24 kB | 45/592 kB | 70/75 kB | 4.1/58 kB
Progress (5): 147/192 kB | 24 kB | 45/592 kB | 70/75 kB | 4.1/58 kB
Progress (5): 152/192 kB | 24 kB | 45/592 kB | 70/75 kB | 4.1/58 kB
Progress (5): 156/192 kB | 24 kB | 45/592 kB | 70/75 kB | 4.1/58 kB
                                                                   
Downloaded from central: https://repo.maven.apache.org/maven2/org/apache/maven/maven-archiver/3.3.0/maven-archiver-3.3.0.jar (24 kB at 530 kB/s)
Downloading from central: https://repo.maven.apache.org/maven2/org/tukaani/xz/1.8/xz-1.8.jar
Progress (4): 156/192 kB | 45/592 kB | 74/75 kB | 4.1/58 kB
Progress (4): 156/192 kB | 45/592 kB | 75 kB | 4.1/58 kB   
Progress (4): 156/192 kB | 49/592 kB | 75 kB | 4.1/58 kB
Progress (4): 156/192 kB | 53/592 kB | 75 kB | 4.1/58 kB
Progress (4): 156/192 kB | 57/592 kB | 75 kB | 4.1/58 kB
Progress (4): 156/192 kB | 61/592 kB | 75 kB | 4.1/58 kB
Progress (4): 156/192 kB | 66/592 kB | 75 kB | 4.1/58 kB
Progress (4): 156/192 kB | 70/592 kB | 75 kB | 4.1/58 kB
Progress (4): 156/192 kB | 74/592 kB | 75 kB | 4.1/58 kB
Progress (4): 156/192 kB | 78/592 kB | 75 kB | 4.1/58 kB
Progress (4): 156/192 kB | 82/592 kB | 75 kB | 4.1/58 kB
Progress (4): 156/192 kB | 86/592 kB | 75 kB | 4.1/58 kB
Progress (4): 156/192 kB | 90/592 kB | 75 kB | 4.1/58 kB
Progress (4): 156/192 kB | 94/592 kB | 75 kB | 4.1/58 kB
Progress (4): 156/192 kB | 98/592 kB | 75 kB | 4.1/58 kB
Progress (4): 156/192 kB | 102/592 kB | 75 kB | 4.1/58 kB
Progress (4): 156/192 kB | 106/592 kB | 75 kB | 4.1/58 kB
Progress (4): 156/192 kB | 111/592 kB | 75 kB | 4.1/58 kB
Progress (4): 156/192 kB | 111/592 kB | 75 kB | 8.2/58 kB
Progress (4): 156/192 kB | 111/592 kB | 75 kB | 12/58 kB 
Progress (4): 156/192 kB | 111/592 kB | 75 kB | 16/58 kB
Progress (4): 156/192 kB | 111/592 kB | 75 kB | 20/58 kB
Progress (4): 156/192 kB | 111/592 kB | 75 kB | 25/58 kB
Progress (4): 156/192 kB | 111/592 kB | 75 kB | 29/58 kB
Progress (4): 156/192 kB | 111/592 kB | 75 kB | 33/58 kB
Progress (4): 156/192 kB | 111/592 kB | 75 kB | 37/58 kB
Progress (4): 156/192 kB | 111/592 kB | 75 kB | 41/58 kB
Progress (4): 156/192 kB | 111/592 kB | 75 kB | 45/58 kB
Progress (4): 156/192 kB | 111/592 kB | 75 kB | 49/58 kB
Progress (4): 156/192 kB | 111/592 kB | 75 kB | 53/58 kB
Progress (4): 156/192 kB | 111/592 kB | 75 kB | 57/58 kB
Progress (5): 156/192 kB | 111/592 kB | 75 kB | 57/58 kB | 4.1/109 kB
Progress (5): 156/192 kB | 111/592 kB | 75 kB | 57/58 kB | 8.2/109 kB
Progress (5): 156/192 kB | 111/592 kB | 75 kB | 57/58 kB | 12/109 kB 
Progress (5): 156/192 kB | 111/592 kB | 75 kB | 57/58 kB | 16/109 kB
Progress (5): 156/192 kB | 111/592 kB | 75 kB | 57/58 kB | 20/109 kB
Progress (5): 156/192 kB | 111/592 kB | 75 kB | 57/58 kB | 25/109 kB
Progress (5): 156/192 kB | 111/592 kB | 75 kB | 57/58 kB | 29/109 kB
Progress (5): 156/192 kB | 111/592 kB | 75 kB | 57/58 kB | 33/109 kB
Progress (5): 156/192 kB | 111/592 kB | 75 kB | 57/58 kB | 37/109 kB
Progress (5): 156/192 kB | 111/592 kB | 75 kB | 57/58 kB | 41/109 kB
                                                                    
Downloaded from central: https://repo.maven.apache.org/maven2/org/codehaus/plexus/plexus-io/3.1.0/plexus-io-3.1.0.jar (75 kB at 1.5 MB/s)
Progress (4): 156/192 kB | 115/592 kB | 57/58 kB | 41/109 kB
Progress (4): 156/192 kB | 119/592 kB | 57/58 kB | 41/109 kB
Progress (4): 156/192 kB | 123/592 kB | 57/58 kB | 41/109 kB
Progress (4): 156/192 kB | 127/592 kB | 57/58 kB | 41/109 kB
Progress (4): 156/192 kB | 131/592 kB | 57/58 kB | 41/109 kB
Progress (4): 156/192 kB | 131/592 kB | 58 kB | 41/109 kB   
Progress (4): 160/192 kB | 131/592 kB | 58 kB | 41/109 kB
Progress (4): 164/192 kB | 131/592 kB | 58 kB | 41/109 kB
Progress (4): 168/192 kB | 131/592 kB | 58 kB | 41/109 kB
Progress (4): 172/192 kB | 131/592 kB | 58 kB | 41/109 kB
Progress (4): 176/192 kB | 131/592 kB | 58 kB | 41/109 kB
Progress (4): 180/192 kB | 131/592 kB | 58 kB | 41/109 kB
Progress (4): 180/192 kB | 131/592 kB | 58 kB | 45/109 kB
Progress (4): 180/192 kB | 131/592 kB | 58 kB | 49/109 kB
Progress (4): 180/192 kB | 131/592 kB | 58 kB | 53/109 kB
Progress (4): 180/192 kB | 131/592 kB | 58 kB | 57/109 kB
Progress (4): 180/192 kB | 131/592 kB | 58 kB | 61/109 kB
Progress (4): 180/192 kB | 131/592 kB | 58 kB | 66/109 kB
Progress (4): 180/192 kB | 131/592 kB | 58 kB | 70/109 kB
Progress (4): 180/192 kB | 131/592 kB | 58 kB | 74/109 kB
Progress (4): 180/192 kB | 131/592 kB | 58 kB | 78/109 kB
Progress (4): 180/192 kB | 131/592 kB | 58 kB | 82/109 kB
Progress (4): 180/192 kB | 131/592 kB | 58 kB | 86/109 kB
Progress (4): 180/192 kB | 131/592 kB | 58 kB | 90/109 kB
Progress (4): 180/192 kB | 131/592 kB | 58 kB | 94/109 kB
Progress (4): 180/192 kB | 131/592 kB | 58 kB | 98/109 kB
Progress (4): 180/192 kB | 131/592 kB | 58 kB | 102/109 kB
Progress (4): 180/192 kB | 131/592 kB | 58 kB | 106/109 kB
Progress (4): 180/192 kB | 131/592 kB | 58 kB | 109 kB    
                                                      
Downloaded from central: https://repo.maven.apache.org/maven2/org/iq80/snappy/snappy/0.4/snappy-0.4.jar (58 kB at 1.1 MB/s)
Progress (3): 180/192 kB | 135/592 kB | 109 kB
Progress (3): 180/192 kB | 139/592 kB | 109 kB
Progress (3): 180/192 kB | 143/592 kB | 109 kB
Progress (3): 180/192 kB | 147/592 kB | 109 kB
Progress (3): 180/192 kB | 152/592 kB | 109 kB
Progress (3): 180/192 kB | 156/592 kB | 109 kB
Progress (3): 180/192 kB | 160/592 kB | 109 kB
Progress (3): 180/192 kB | 164/592 kB | 109 kB
Progress (3): 180/192 kB | 168/592 kB | 109 kB
Progress (3): 180/192 kB | 172/592 kB | 109 kB
Progress (3): 180/192 kB | 176/592 kB | 109 kB
Progress (3): 180/192 kB | 180/592 kB | 109 kB
Progress (3): 180/192 kB | 184/592 kB | 109 kB
Progress (3): 180/192 kB | 188/592 kB | 109 kB
Progress (3): 180/192 kB | 193/592 kB | 109 kB
Progress (3): 180/192 kB | 197/592 kB | 109 kB
Progress (3): 180/192 kB | 201/592 kB | 109 kB
Progress (3): 180/192 kB | 205/592 kB | 109 kB
Progress (3): 180/192 kB | 209/592 kB | 109 kB
Progress (3): 180/192 kB | 213/592 kB | 109 kB
Progress (3): 180/192 kB | 217/592 kB | 109 kB
Progress (3): 180/192 kB | 221/592 kB | 109 kB
Progress (3): 180/192 kB | 225/592 kB | 109 kB
Progress (3): 180/192 kB | 229/592 kB | 109 kB
Progress (3): 180/192 kB | 233/592 kB | 109 kB
Progress (3): 180/192 kB | 238/592 kB | 109 kB
Progress (3): 180/192 kB | 242/592 kB | 109 kB
Progress (3): 180/192 kB | 246/592 kB | 109 kB
Progress (3): 180/192 kB | 250/592 kB | 109 kB
Progress (3): 184/192 kB | 250/592 kB | 109 kB
Progress (3): 188/192 kB | 250/592 kB | 109 kB
Progress (3): 192 kB | 250/592 kB | 109 kB    
                                          
Downloaded from central: https://repo.maven.apache.org/maven2/org/tukaani/xz/1.8/xz-1.8.jar (109 kB at 1.7 MB/s)
Progress (2): 192 kB | 254/592 kB
Progress (2): 192 kB | 258/592 kB
Progress (2): 192 kB | 262/592 kB
Progress (2): 192 kB | 266/592 kB
Progress (2): 192 kB | 270/592 kB
                                 
Downloaded from central: https://repo.maven.apache.org/maven2/org/codehaus/plexus/plexus-archiver/3.7.0/plexus-archiver-3.7.0.jar (192 kB at 2.4 MB/s)
Progress (1): 274/592 kB
Progress (1): 279/592 kB
Progress (1): 283/592 kB
Progress (1): 287/592 kB
Progress (1): 291/592 kB
Progress (1): 295/592 kB
Progress (1): 299/592 kB
Progress (1): 303/592 kB
Progress (1): 307/592 kB
Progress (1): 311/592 kB
Progress (1): 315/592 kB
Progress (1): 319/592 kB
Progress (1): 324/592 kB
Progress (1): 328/592 kB
Progress (1): 332/592 kB
Progress (1): 336/592 kB
Progress (1): 340/592 kB
Progress (1): 344/592 kB
Progress (1): 348/592 kB
Progress (1): 352/592 kB
Progress (1): 356/592 kB
Progress (1): 360/592 kB
Progress (1): 365/592 kB
Progress (1): 369/592 kB
Progress (1): 373/592 kB
Progress (1): 377/592 kB
Progress (1): 381/592 kB
Progress (1): 385/592 kB
Progress (1): 389/592 kB
Progress (1): 393/592 kB
Progress (1): 397/592 kB
Progress (1): 401/592 kB
Progress (1): 406/592 kB
Progress (1): 410/592 kB
Progress (1): 414/592 kB
Progress (1): 418/592 kB
Progress (1): 422/592 kB
Progress (1): 426/592 kB
Progress (1): 430/592 kB
Progress (1): 434/592 kB
Progress (1): 438/592 kB
Progress (1): 442/592 kB
Progress (1): 446/592 kB
Progress (1): 450/592 kB
Progress (1): 454/592 kB
Progress (1): 458/592 kB
Progress (1): 463/592 kB
Progress (1): 467/592 kB
Progress (1): 471/592 kB
Progress (1): 475/592 kB
Progress (1): 479/592 kB
Progress (1): 483/592 kB
Progress (1): 487/592 kB
Progress (1): 491/592 kB
Progress (1): 495/592 kB
Progress (1): 499/592 kB
Progress (1): 504/592 kB
Progress (1): 508/592 kB
Progress (1): 512/592 kB
Progress (1): 516/592 kB
Progress (1): 520/592 kB
Progress (1): 524/592 kB
Progress (1): 528/592 kB
Progress (1): 532/592 kB
Progress (1): 536/592 kB
Progress (1): 540/592 kB
Progress (1): 544/592 kB
Progress (1): 549/592 kB
Progress (1): 553/592 kB
Progress (1): 557/592 kB
Progress (1): 561/592 kB
Progress (1): 565/592 kB
Progress (1): 569/592 kB
Progress (1): 573/592 kB
Progress (1): 577/592 kB
Progress (1): 581/592 kB
Progress (1): 585/592 kB
Progress (1): 590/592 kB
Progress (1): 592 kB    
                    
Downloaded from central: https://repo.maven.apache.org/maven2/org/apache/commons/commons-compress/1.18/commons-compress-1.18.jar (592 kB at 5.6 MB/s)
[INFO] Building jar: /var/jenkins_home/workspace/project-ecommerce/PROJECT/target/auth-course-0.0.1-SNAPSHOT.jar
[INFO] 
[INFO] --- spring-boot-maven-plugin:2.1.5.RELEASE:repackage (repackage) @ auth-course ---
Downloading from central: https://repo.maven.apache.org/maven2/org/springframework/boot/spring-boot-loader-tools/2.1.5.RELEASE/spring-boot-loader-tools-2.1.5.RELEASE.pom
Progress (1): 2.7 kB
                    
Downloaded from central: https://repo.maven.apache.org/maven2/org/springframework/boot/spring-boot-loader-tools/2.1.5.RELEASE/spring-boot-loader-tools-2.1.5.RELEASE.pom (2.7 kB at 204 kB/s)
Downloading from central: https://repo.maven.apache.org/maven2/org/apache/maven/maven-archiver/3.2.0/maven-archiver-3.2.0.pom
Progress (1): 4.1/4.3 kB
Progress (1): 4.3 kB    
                    
Downloaded from central: https://repo.maven.apache.org/maven2/org/apache/maven/maven-archiver/3.2.0/maven-archiver-3.2.0.pom (4.3 kB at 718 kB/s)
Downloading from central: https://repo.maven.apache.org/maven2/org/codehaus/plexus/plexus-component-annotations/1.5.5/plexus-component-annotations-1.5.5.pom
Progress (1): 815 B
                   
Downloaded from central: https://repo.maven.apache.org/maven2/org/codehaus/plexus/plexus-component-annotations/1.5.5/plexus-component-annotations-1.5.5.pom (815 B at 116 kB/s)
Downloading from central: https://repo.maven.apache.org/maven2/org/codehaus/plexus/plexus-containers/1.5.5/plexus-containers-1.5.5.pom
Progress (1): 4.1/4.2 kB
Progress (1): 4.2 kB    
                    
Downloaded from central: https://repo.maven.apache.org/maven2/org/codehaus/plexus/plexus-containers/1.5.5/plexus-containers-1.5.5.pom (4.2 kB at 530 kB/s)
Downloading from central: https://repo.maven.apache.org/maven2/org/codehaus/plexus/plexus-component-annotations/1.5.4/plexus-component-annotations-1.5.4.pom
Progress (1): 815 B
                   
Downloaded from central: https://repo.maven.apache.org/maven2/org/codehaus/plexus/plexus-component-annotations/1.5.4/plexus-component-annotations-1.5.4.pom (815 B at 102 kB/s)
Downloading from central: https://repo.maven.apache.org/maven2/org/codehaus/plexus/plexus-containers/1.5.4/plexus-containers-1.5.4.pom
Progress (1): 4.1/4.2 kB
Progress (1): 4.2 kB    
                    
Downloaded from central: https://repo.maven.apache.org/maven2/org/codehaus/plexus/plexus-containers/1.5.4/plexus-containers-1.5.4.pom (4.2 kB at 707 kB/s)
Downloading from central: https://repo.maven.apache.org/maven2/org/codehaus/plexus/plexus/2.0.5/plexus-2.0.5.pom
Progress (1): 4.1/17 kB
Progress (1): 8.2/17 kB
Progress (1): 12/17 kB 
Progress (1): 16/17 kB
Progress (1): 17 kB   
                   
Downloaded from central: https://repo.maven.apache.org/maven2/org/codehaus/plexus/plexus/2.0.5/plexus-2.0.5.pom (17 kB at 2.9 MB/s)
Downloading from central: https://repo.maven.apache.org/maven2/org/apache/maven/shared/maven-shared-utils/3.2.0/maven-shared-utils-3.2.0.pom
Progress (1): 4.1/4.9 kB
Progress (1): 4.9 kB    
                    
Downloaded from central: https://repo.maven.apache.org/maven2/org/apache/maven/shared/maven-shared-utils/3.2.0/maven-shared-utils-3.2.0.pom (4.9 kB at 613 kB/s)
Downloading from central: https://repo.maven.apache.org/maven2/org/codehaus/plexus/plexus-archiver/3.5/plexus-archiver-3.5.pom
Progress (1): 4.1/4.8 kB
Progress (1): 4.8 kB    
                    
Downloaded from central: https://repo.maven.apache.org/maven2/org/codehaus/plexus/plexus-archiver/3.5/plexus-archiver-3.5.pom (4.8 kB at 534 kB/s)
Downloading from central: https://repo.maven.apache.org/maven2/org/codehaus/plexus/plexus-io/3.0.0/plexus-io-3.0.0.pom
Progress (1): 4.1/4.5 kB
Progress (1): 4.5 kB    
                    
Downloaded from central: https://repo.maven.apache.org/maven2/org/codehaus/plexus/plexus-io/3.0.0/plexus-io-3.0.0.pom (4.5 kB at 758 kB/s)
Downloading from central: https://repo.maven.apache.org/maven2/org/apache/commons/commons-compress/1.14/commons-compress-1.14.pom
Progress (1): 4.1/13 kB
Progress (1): 8.2/13 kB
Progress (1): 12/13 kB 
Progress (1): 13 kB   
                   
Downloaded from central: https://repo.maven.apache.org/maven2/org/apache/commons/commons-compress/1.14/commons-compress-1.14.pom (13 kB at 1.6 MB/s)
Downloading from central: https://repo.maven.apache.org/maven2/org/tukaani/xz/1.6/xz-1.6.pom
Progress (1): 1.9 kB
                    
Downloaded from central: https://repo.maven.apache.org/maven2/org/tukaani/xz/1.6/xz-1.6.pom (1.9 kB at 159 kB/s)
Downloading from central: https://repo.maven.apache.org/maven2/org/apache/maven/maven-artifact/3.3.9/maven-artifact-3.3.9.pom
Progress (1): 2.1 kB
                    
Downloaded from central: https://repo.maven.apache.org/maven2/org/apache/maven/maven-artifact/3.3.9/maven-artifact-3.3.9.pom (2.1 kB at 267 kB/s)
Downloading from central: https://repo.maven.apache.org/maven2/org/apache/maven/maven/3.3.9/maven-3.3.9.pom
Progress (1): 4.1/24 kB
Progress (1): 8.2/24 kB
Progress (1): 12/24 kB 
Progress (1): 16/24 kB
Progress (1): 20/24 kB
Progress (1): 24 kB   
                   
Downloaded from central: https://repo.maven.apache.org/maven2/org/apache/maven/maven/3.3.9/maven-3.3.9.pom (24 kB at 2.0 MB/s)
Downloading from central: https://repo.maven.apache.org/maven2/org/apache/maven/maven-parent/27/maven-parent-27.pom
Progress (1): 4.1/41 kB
Progress (1): 8.2/41 kB
Progress (1): 12/41 kB 
Progress (1): 16/41 kB
Progress (1): 20/41 kB
Progress (1): 25/41 kB
Progress (1): 29/41 kB
Progress (1): 33/41 kB
Progress (1): 37/41 kB
Progress (1): 41 kB   
                   
Downloaded from central: https://repo.maven.apache.org/maven2/org/apache/maven/maven-parent/27/maven-parent-27.pom (41 kB at 3.7 MB/s)
Downloading from central: https://repo.maven.apache.org/maven2/org/apache/apache/17/apache-17.pom
Progress (1): 4.1/16 kB
Progress (1): 8.2/16 kB
Progress (1): 12/16 kB 
Progress (1): 16 kB   
                   
Downloaded from central: https://repo.maven.apache.org/maven2/org/apache/apache/17/apache-17.pom (16 kB at 1.6 MB/s)
Downloading from central: https://repo.maven.apache.org/maven2/org/apache/commons/commons-lang3/3.8.1/commons-lang3-3.8.1.pom
Progress (1): 4.1/28 kB
Progress (1): 8.2/28 kB
Progress (1): 12/28 kB 
Progress (1): 16/28 kB
Progress (1): 20/28 kB
Progress (1): 25/28 kB
Progress (1): 28 kB   
                   
Downloaded from central: https://repo.maven.apache.org/maven2/org/apache/commons/commons-lang3/3.8.1/commons-lang3-3.8.1.pom (28 kB at 2.8 MB/s)
Downloading from central: https://repo.maven.apache.org/maven2/org/apache/maven/maven-core/3.3.9/maven-core-3.3.9.pom
Progress (1): 4.1/8.3 kB
Progress (1): 8.2/8.3 kB
Progress (1): 8.3 kB    
                    
Downloaded from central: https://repo.maven.apache.org/maven2/org/apache/maven/maven-core/3.3.9/maven-core-3.3.9.pom (8.3 kB at 592 kB/s)
Downloading from central: https://repo.maven.apache.org/maven2/org/apache/maven/maven-model/3.3.9/maven-model-3.3.9.pom
Progress (1): 4.0 kB
                    
Downloaded from central: https://repo.maven.apache.org/maven2/org/apache/maven/maven-model/3.3.9/maven-model-3.3.9.pom (4.0 kB at 367 kB/s)
Downloading from central: https://repo.maven.apache.org/maven2/org/apache/maven/maven-settings/3.3.9/maven-settings-3.3.9.pom
Progress (1): 1.8 kB
                    
Downloaded from central: https://repo.maven.apache.org/maven2/org/apache/maven/maven-settings/3.3.9/maven-settings-3.3.9.pom (1.8 kB at 131 kB/s)
Downloading from central: https://repo.maven.apache.org/maven2/org/apache/maven/maven-settings-builder/3.3.9/maven-settings-builder-3.3.9.pom
Progress (1): 2.6 kB
                    
Downloaded from central: https://repo.maven.apache.org/maven2/org/apache/maven/maven-settings-builder/3.3.9/maven-settings-builder-3.3.9.pom (2.6 kB at 262 kB/s)
Downloading from central: https://repo.maven.apache.org/maven2/org/apache/maven/maven-builder-support/3.3.9/maven-builder-support-3.3.9.pom
Progress (1): 1.7 kB
                    
Downloaded from central: https://repo.maven.apache.org/maven2/org/apache/maven/maven-builder-support/3.3.9/maven-builder-support-3.3.9.pom (1.7 kB at 183 kB/s)
Downloading from central: https://repo.maven.apache.org/maven2/org/codehaus/plexus/plexus-interpolation/1.21/plexus-interpolation-1.21.pom
Progress (1): 1.5 kB
                    
Downloaded from central: https://repo.maven.apache.org/maven2/org/codehaus/plexus/plexus-interpolation/1.21/plexus-interpolation-1.21.pom (1.5 kB at 128 kB/s)
Downloading from central: https://repo.maven.apache.org/maven2/org/codehaus/plexus/plexus-component-annotations/1.6/plexus-component-annotations-1.6.pom
Progress (1): 748 B
                   
Downloaded from central: https://repo.maven.apache.org/maven2/org/codehaus/plexus/plexus-component-annotations/1.6/plexus-component-annotations-1.6.pom (748 B at 75 kB/s)
Downloading from central: https://repo.maven.apache.org/maven2/org/codehaus/plexus/plexus-containers/1.6/plexus-containers-1.6.pom
Progress (1): 3.8 kB
                    
Downloaded from central: https://repo.maven.apache.org/maven2/org/codehaus/plexus/plexus-containers/1.6/plexus-containers-1.6.pom (3.8 kB at 753 kB/s)
Downloading from central: https://repo.maven.apache.org/maven2/org/codehaus/plexus/plexus/3.3.2/plexus-3.3.2.pom
Progress (1): 4.1/22 kB
Progress (1): 8.2/22 kB
Progress (1): 12/22 kB 
Progress (1): 16/22 kB
Progress (1): 20/22 kB
Progress (1): 22 kB   
                   
Downloaded from central: https://repo.maven.apache.org/maven2/org/codehaus/plexus/plexus/3.3.2/plexus-3.3.2.pom (22 kB at 2.4 MB/s)
Downloading from central: https://repo.maven.apache.org/maven2/org/apache/maven/maven-repository-metadata/3.3.9/maven-repository-metadata-3.3.9.pom
Progress (1): 1.9 kB
                    
Downloaded from central: https://repo.maven.apache.org/maven2/org/apache/maven/maven-repository-metadata/3.3.9/maven-repository-metadata-3.3.9.pom (1.9 kB at 189 kB/s)
Downloading from central: https://repo.maven.apache.org/maven2/org/apache/maven/maven-plugin-api/3.3.9/maven-plugin-api-3.3.9.pom
Progress (1): 2.7 kB
                    
Downloaded from central: https://repo.maven.apache.org/maven2/org/apache/maven/maven-plugin-api/3.3.9/maven-plugin-api-3.3.9.pom (2.7 kB at 448 kB/s)
Downloading from central: https://repo.maven.apache.org/maven2/org/eclipse/sisu/org.eclipse.sisu.plexus/0.3.2/org.eclipse.sisu.plexus-0.3.2.pom
Progress (1): 4.1/4.2 kB
Progress (1): 4.2 kB    
                    
Downloaded from central: https://repo.maven.apache.org/maven2/org/eclipse/sisu/org.eclipse.sisu.plexus/0.3.2/org.eclipse.sisu.plexus-0.3.2.pom (4.2 kB at 521 kB/s)
Downloading from central: https://repo.maven.apache.org/maven2/org/eclipse/sisu/sisu-plexus/0.3.2/sisu-plexus-0.3.2.pom
Progress (1): 4.1/14 kB
Progress (1): 8.2/14 kB
Progress (1): 12/14 kB 
Progress (1): 14 kB   
                   
Downloaded from central: https://repo.maven.apache.org/maven2/org/eclipse/sisu/sisu-plexus/0.3.2/sisu-plexus-0.3.2.pom (14 kB at 1.5 MB/s)
Downloading from central: https://repo.maven.apache.org/maven2/javax/enterprise/cdi-api/1.0/cdi-api-1.0.pom
Progress (1): 1.4 kB
                    
Downloaded from central: https://repo.maven.apache.org/maven2/javax/enterprise/cdi-api/1.0/cdi-api-1.0.pom (1.4 kB at 68 kB/s)
Downloading from central: https://repo.maven.apache.org/maven2/org/jboss/weld/weld-api-parent/1.0/weld-api-parent-1.0.pom
Progress (1): 2.4 kB
                    
Downloaded from central: https://repo.maven.apache.org/maven2/org/jboss/weld/weld-api-parent/1.0/weld-api-parent-1.0.pom (2.4 kB at 392 kB/s)
Downloading from central: https://repo.maven.apache.org/maven2/org/jboss/weld/weld-api-bom/1.0/weld-api-bom-1.0.pom
Progress (1): 4.1/7.9 kB
Progress (1): 7.9 kB    
                    
Downloaded from central: https://repo.maven.apache.org/maven2/org/jboss/weld/weld-api-bom/1.0/weld-api-bom-1.0.pom (7.9 kB at 608 kB/s)
Downloading from central: https://repo.maven.apache.org/maven2/org/jboss/weld/weld-parent/6/weld-parent-6.pom
Progress (1): 4.1/21 kB
Progress (1): 8.2/21 kB
Progress (1): 12/21 kB 
Progress (1): 16/21 kB
Progress (1): 20/21 kB
Progress (1): 21 kB   
                   
Downloaded from central: https://repo.maven.apache.org/maven2/org/jboss/weld/weld-parent/6/weld-parent-6.pom (21 kB at 1.7 MB/s)
Downloading from central: https://repo.maven.apache.org/maven2/javax/annotation/jsr250-api/1.0/jsr250-api-1.0.pom
Progress (1): 1.0 kB
                    
Downloaded from central: https://repo.maven.apache.org/maven2/javax/annotation/jsr250-api/1.0/jsr250-api-1.0.pom (1.0 kB at 114 kB/s)
Downloading from central: https://repo.maven.apache.org/maven2/javax/inject/javax.inject/1/javax.inject-1.pom
Progress (1): 612 B
                   
Downloaded from central: https://repo.maven.apache.org/maven2/javax/inject/javax.inject/1/javax.inject-1.pom (612 B at 68 kB/s)
Downloading from central: https://repo.maven.apache.org/maven2/org/eclipse/sisu/org.eclipse.sisu.inject/0.3.2/org.eclipse.sisu.inject-0.3.2.pom
Progress (1): 2.6 kB
                    
Downloaded from central: https://repo.maven.apache.org/maven2/org/eclipse/sisu/org.eclipse.sisu.inject/0.3.2/org.eclipse.sisu.inject-0.3.2.pom (2.6 kB at 219 kB/s)
Downloading from central: https://repo.maven.apache.org/maven2/org/eclipse/sisu/sisu-inject/0.3.2/sisu-inject-0.3.2.pom
Progress (1): 4.1/14 kB
Progress (1): 8.2/14 kB
Progress (1): 12/14 kB 
Progress (1): 14 kB   
                   
Downloaded from central: https://repo.maven.apache.org/maven2/org/eclipse/sisu/sisu-inject/0.3.2/sisu-inject-0.3.2.pom (14 kB at 1.6 MB/s)
Downloading from central: https://repo.maven.apache.org/maven2/org/codehaus/plexus/plexus-classworlds/2.5.2/plexus-classworlds-2.5.2.pom
Progress (1): 4.1/7.3 kB
Progress (1): 7.3 kB    
                    
Downloaded from central: https://repo.maven.apache.org/maven2/org/codehaus/plexus/plexus-classworlds/2.5.2/plexus-classworlds-2.5.2.pom (7.3 kB at 318 kB/s)
Downloading from central: https://repo.maven.apache.org/maven2/org/codehaus/plexus/plexus-utils/3.0.17/plexus-utils-3.0.17.pom
Progress (1): 3.4 kB
                    
Downloaded from central: https://repo.maven.apache.org/maven2/org/codehaus/plexus/plexus-utils/3.0.17/plexus-utils-3.0.17.pom (3.4 kB at 283 kB/s)
Downloading from central: https://repo.maven.apache.org/maven2/org/apache/maven/maven-model-builder/3.3.9/maven-model-builder-3.3.9.pom
Progress (1): 3.1 kB
                    
Downloaded from central: https://repo.maven.apache.org/maven2/org/apache/maven/maven-model-builder/3.3.9/maven-model-builder-3.3.9.pom (3.1 kB at 392 kB/s)
Downloading from central: https://repo.maven.apache.org/maven2/com/google/guava/guava/18.0/guava-18.0.pom
Progress (1): 4.1/5.7 kB
Progress (1): 5.7 kB    
                    
Downloaded from central: https://repo.maven.apache.org/maven2/com/google/guava/guava/18.0/guava-18.0.pom (5.7 kB at 567 kB/s)
Downloading from central: https://repo.maven.apache.org/maven2/com/google/guava/guava-parent/18.0/guava-parent-18.0.pom
Progress (1): 4.1/7.7 kB
Progress (1): 7.7 kB    
                    
Downloaded from central: https://repo.maven.apache.org/maven2/com/google/guava/guava-parent/18.0/guava-parent-18.0.pom (7.7 kB at 854 kB/s)
Downloading from central: https://repo.maven.apache.org/maven2/org/apache/maven/maven-aether-provider/3.3.9/maven-aether-provider-3.3.9.pom
Progress (1): 4.0 kB
                    
Downloaded from central: https://repo.maven.apache.org/maven2/org/apache/maven/maven-aether-provider/3.3.9/maven-aether-provider-3.3.9.pom (4.0 kB at 192 kB/s)
Downloading from central: https://repo.maven.apache.org/maven2/org/eclipse/aether/aether-api/1.0.2.v20150114/aether-api-1.0.2.v20150114.pom
Progress (1): 1.8 kB
                    
Downloaded from central: https://repo.maven.apache.org/maven2/org/eclipse/aether/aether-api/1.0.2.v20150114/aether-api-1.0.2.v20150114.pom (1.8 kB at 167 kB/s)
Downloading from central: https://repo.maven.apache.org/maven2/org/eclipse/aether/aether/1.0.2.v20150114/aether-1.0.2.v20150114.pom
Progress (1): 4.1/29 kB
Progress (1): 8.2/29 kB
Progress (1): 12/29 kB 
Progress (1): 16/29 kB
Progress (1): 20/29 kB
Progress (1): 25/29 kB
Progress (1): 29/29 kB
Progress (1): 29 kB   
                   
Downloaded from central: https://repo.maven.apache.org/maven2/org/eclipse/aether/aether/1.0.2.v20150114/aether-1.0.2.v20150114.pom (29 kB at 3.7 MB/s)
Downloading from central: https://repo.maven.apache.org/maven2/org/eclipse/aether/aether-spi/1.0.2.v20150114/aether-spi-1.0.2.v20150114.pom
Progress (1): 2.0 kB
                    
Downloaded from central: https://repo.maven.apache.org/maven2/org/eclipse/aether/aether-spi/1.0.2.v20150114/aether-spi-1.0.2.v20150114.pom (2.0 kB at 142 kB/s)
Downloading from central: https://repo.maven.apache.org/maven2/org/eclipse/aether/aether-util/1.0.2.v20150114/aether-util-1.0.2.v20150114.pom
Progress (1): 2.1 kB
                    
Downloaded from central: https://repo.maven.apache.org/maven2/org/eclipse/aether/aether-util/1.0.2.v20150114/aether-util-1.0.2.v20150114.pom (2.1 kB at 212 kB/s)
Downloading from central: https://repo.maven.apache.org/maven2/org/eclipse/aether/aether-impl/1.0.2.v20150114/aether-impl-1.0.2.v20150114.pom
Progress (1): 3.4 kB
                    
Downloaded from central: https://repo.maven.apache.org/maven2/org/eclipse/aether/aether-impl/1.0.2.v20150114/aether-impl-1.0.2.v20150114.pom (3.4 kB at 336 kB/s)
Downloading from central: https://repo.maven.apache.org/maven2/com/google/inject/guice/4.0/guice-4.0.pom
Progress (1): 4.1/11 kB
Progress (1): 8.2/11 kB
Progress (1): 11 kB    
                   
Downloaded from central: https://repo.maven.apache.org/maven2/com/google/inject/guice/4.0/guice-4.0.pom (11 kB at 760 kB/s)
Downloading from central: https://repo.maven.apache.org/maven2/com/google/inject/guice-parent/4.0/guice-parent-4.0.pom
Progress (1): 4.1/15 kB
Progress (1): 8.2/15 kB
Progress (1): 12/15 kB 
Progress (1): 15 kB   
                   
Downloaded from central: https://repo.maven.apache.org/maven2/com/google/inject/guice-parent/4.0/guice-parent-4.0.pom (15 kB at 1.3 MB/s)
Downloading from central: https://repo.maven.apache.org/maven2/com/google/google/5/google-5.pom
Progress (1): 2.5 kB
                    
Downloaded from central: https://repo.maven.apache.org/maven2/com/google/google/5/google-5.pom (2.5 kB at 351 kB/s)
Downloading from central: https://repo.maven.apache.org/maven2/aopalliance/aopalliance/1.0/aopalliance-1.0.pom
Progress (1): 363 B
                   
Downloaded from central: https://repo.maven.apache.org/maven2/aopalliance/aopalliance/1.0/aopalliance-1.0.pom (363 B at 73 kB/s)
Downloading from central: https://repo.maven.apache.org/maven2/com/google/guava/guava/16.0.1/guava-16.0.1.pom
Progress (1): 4.1/6.1 kB
Progress (1): 6.1 kB    
                    
Downloaded from central: https://repo.maven.apache.org/maven2/com/google/guava/guava/16.0.1/guava-16.0.1.pom (6.1 kB at 872 kB/s)
Downloading from central: https://repo.maven.apache.org/maven2/com/google/guava/guava-parent/16.0.1/guava-parent-16.0.1.pom
Progress (1): 4.1/7.3 kB
Progress (1): 7.3 kB    
                    
Downloaded from central: https://repo.maven.apache.org/maven2/com/google/guava/guava-parent/16.0.1/guava-parent-16.0.1.pom (7.3 kB at 611 kB/s)
Downloading from central: https://repo.maven.apache.org/maven2/org/apache/maven/shared/maven-common-artifact-filters/3.0.1/maven-common-artifact-filters-3.0.1.pom
Progress (1): 4.1/4.8 kB
Progress (1): 4.8 kB    
                    
Downloaded from central: https://repo.maven.apache.org/maven2/org/apache/maven/shared/maven-common-artifact-filters/3.0.1/maven-common-artifact-filters-3.0.1.pom (4.8 kB at 302 kB/s)
Downloading from central: https://repo.maven.apache.org/maven2/org/apache/maven/shared/maven-shared-utils/3.1.0/maven-shared-utils-3.1.0.pom
Progress (1): 4.1/5.0 kB
Progress (1): 5.0 kB    
                    
Downloaded from central: https://repo.maven.apache.org/maven2/org/apache/maven/shared/maven-shared-utils/3.1.0/maven-shared-utils-3.1.0.pom (5.0 kB at 453 kB/s)
Downloading from central: https://repo.maven.apache.org/maven2/org/apache/maven/plugins/maven-shade-plugin/3.2.1/maven-shade-plugin-3.2.1.pom
Progress (1): 4.1/9.3 kB
Progress (1): 8.2/9.3 kB
Progress (1): 9.3 kB    
                    
Downloaded from central: https://repo.maven.apache.org/maven2/org/apache/maven/plugins/maven-shade-plugin/3.2.1/maven-shade-plugin-3.2.1.pom (9.3 kB at 848 kB/s)
Downloading from central: https://repo.maven.apache.org/maven2/org/apache/maven/shared/maven-artifact-transfer/0.10.0/maven-artifact-transfer-0.10.0.pom
Progress (1): 4.1/12 kB
Progress (1): 8.2/12 kB
Progress (1): 12 kB    
                   
Downloaded from central: https://repo.maven.apache.org/maven2/org/apache/maven/shared/maven-artifact-transfer/0.10.0/maven-artifact-transfer-0.10.0.pom (12 kB at 643 kB/s)
Downloading from central: https://repo.maven.apache.org/maven2/org/apache/maven/shared/maven-shared-components/31/maven-shared-components-31.pom
Progress (1): 4.1/5.1 kB
Progress (1): 5.1 kB    
                    
Downloaded from central: https://repo.maven.apache.org/maven2/org/apache/maven/shared/maven-shared-components/31/maven-shared-components-31.pom (5.1 kB at 852 kB/s)
Downloading from central: https://repo.maven.apache.org/maven2/org/ow2/asm/asm/7.0/asm-7.0.pom
Progress (1): 2.9 kB
                    
Downloaded from central: https://repo.maven.apache.org/maven2/org/ow2/asm/asm/7.0/asm-7.0.pom (2.9 kB at 587 kB/s)
Downloading from central: https://repo.maven.apache.org/maven2/org/ow2/asm/asm-commons/7.0/asm-commons-7.0.pom
Progress (1): 3.7 kB
                    
Downloaded from central: https://repo.maven.apache.org/maven2/org/ow2/asm/asm-commons/7.0/asm-commons-7.0.pom (3.7 kB at 215 kB/s)
Downloading from central: https://repo.maven.apache.org/maven2/org/ow2/asm/asm-tree/7.0/asm-tree-7.0.pom
Progress (1): 3.1 kB
                    
Downloaded from central: https://repo.maven.apache.org/maven2/org/ow2/asm/asm-tree/7.0/asm-tree-7.0.pom (3.1 kB at 223 kB/s)
Downloading from central: https://repo.maven.apache.org/maven2/org/ow2/asm/asm-analysis/7.0/asm-analysis-7.0.pom
Progress (1): 3.2 kB
                    
Downloaded from central: https://repo.maven.apache.org/maven2/org/ow2/asm/asm-analysis/7.0/asm-analysis-7.0.pom (3.2 kB at 242 kB/s)
Downloading from central: https://repo.maven.apache.org/maven2/org/jdom/jdom2/2.0.6/jdom2-2.0.6.pom
Progress (1): 4.1/4.6 kB
Progress (1): 4.6 kB    
                    
Downloaded from central: https://repo.maven.apache.org/maven2/org/jdom/jdom2/2.0.6/jdom2-2.0.6.pom (4.6 kB at 575 kB/s)
Downloading from central: https://repo.maven.apache.org/maven2/org/apache/maven/shared/maven-dependency-tree/3.0.1/maven-dependency-tree-3.0.1.pom
Progress (1): 4.1/7.5 kB
Progress (1): 7.5 kB    
                    
Downloaded from central: https://repo.maven.apache.org/maven2/org/apache/maven/shared/maven-dependency-tree/3.0.1/maven-dependency-tree-3.0.1.pom (7.5 kB at 937 kB/s)
Downloading from central: https://repo.maven.apache.org/maven2/org/eclipse/aether/aether-util/0.9.0.M2/aether-util-0.9.0.M2.pom
Progress (1): 2.0 kB
                    
Downloaded from central: https://repo.maven.apache.org/maven2/org/eclipse/aether/aether-util/0.9.0.M2/aether-util-0.9.0.M2.pom (2.0 kB at 291 kB/s)
Downloading from central: https://repo.maven.apache.org/maven2/org/eclipse/aether/aether/0.9.0.M2/aether-0.9.0.M2.pom
Progress (1): 4.1/28 kB
Progress (1): 8.2/28 kB
Progress (1): 12/28 kB 
Progress (1): 16/28 kB
Progress (1): 20/28 kB
Progress (1): 25/28 kB
Progress (1): 28 kB   
                   
Downloaded from central: https://repo.maven.apache.org/maven2/org/eclipse/aether/aether/0.9.0.M2/aether-0.9.0.M2.pom (28 kB at 3.1 MB/s)
Downloading from central: https://repo.maven.apache.org/maven2/org/vafer/jdependency/2.1.1/jdependency-2.1.1.pom
Progress (1): 4.1/11 kB
Progress (1): 8.2/11 kB
Progress (1): 11 kB    
                   
Downloaded from central: https://repo.maven.apache.org/maven2/org/vafer/jdependency/2.1.1/jdependency-2.1.1.pom (11 kB at 938 kB/s)
Downloading from central: https://repo.maven.apache.org/maven2/org/ow2/asm/asm/7.0-beta/asm-7.0-beta.pom
Progress (1): 2.9 kB
                    
Downloaded from central: https://repo.maven.apache.org/maven2/org/ow2/asm/asm/7.0-beta/asm-7.0-beta.pom (2.9 kB at 421 kB/s)
Downloading from central: https://repo.maven.apache.org/maven2/org/ow2/asm/asm-analysis/7.0-beta/asm-analysis-7.0-beta.pom
Progress (1): 3.2 kB
                    
Downloaded from central: https://repo.maven.apache.org/maven2/org/ow2/asm/asm-analysis/7.0-beta/asm-analysis-7.0-beta.pom (3.2 kB at 352 kB/s)
Downloading from central: https://repo.maven.apache.org/maven2/org/ow2/asm/asm-tree/7.0-beta/asm-tree-7.0-beta.pom
Progress (1): 3.1 kB
                    
Downloaded from central: https://repo.maven.apache.org/maven2/org/ow2/asm/asm-tree/7.0-beta/asm-tree-7.0-beta.pom (3.1 kB at 392 kB/s)
Downloading from central: https://repo.maven.apache.org/maven2/org/ow2/asm/asm-commons/7.0-beta/asm-commons-7.0-beta.pom
Progress (1): 3.7 kB
                    
Downloaded from central: https://repo.maven.apache.org/maven2/org/ow2/asm/asm-commons/7.0-beta/asm-commons-7.0-beta.pom (3.7 kB at 527 kB/s)
Downloading from central: https://repo.maven.apache.org/maven2/org/ow2/asm/asm-util/7.0-beta/asm-util-7.0-beta.pom
Progress (1): 3.7 kB
                    
Downloaded from central: https://repo.maven.apache.org/maven2/org/ow2/asm/asm-util/7.0-beta/asm-util-7.0-beta.pom (3.7 kB at 367 kB/s)
Downloading from central: https://repo.maven.apache.org/maven2/com/google/guava/guava/19.0/guava-19.0.pom
Progress (1): 4.1/6.8 kB
Progress (1): 6.8 kB    
                    
Downloaded from central: https://repo.maven.apache.org/maven2/com/google/guava/guava/19.0/guava-19.0.pom (6.8 kB at 849 kB/s)
Downloading from central: https://repo.maven.apache.org/maven2/com/google/guava/guava-parent/19.0/guava-parent-19.0.pom
Progress (1): 4.1/9.9 kB
Progress (1): 8.2/9.9 kB
Progress (1): 9.9 kB    
                    
Downloaded from central: https://repo.maven.apache.org/maven2/com/google/guava/guava-parent/19.0/guava-parent-19.0.pom (9.9 kB at 1.4 MB/s)
Downloading from central: https://repo.maven.apache.org/maven2/org/springframework/boot/spring-boot-loader-tools/2.1.5.RELEASE/spring-boot-loader-tools-2.1.5.RELEASE.jar
Downloading from central: https://repo.maven.apache.org/maven2/org/apache/maven/maven-archiver/3.2.0/maven-archiver-3.2.0.jar
Downloading from central: https://repo.maven.apache.org/maven2/org/apache/maven/shared/maven-shared-utils/3.2.0/maven-shared-utils-3.2.0.jar
Downloading from central: https://repo.maven.apache.org/maven2/org/codehaus/plexus/plexus-interpolation/1.22/plexus-interpolation-1.22.jar
Downloading from central: https://repo.maven.apache.org/maven2/org/apache/maven/maven-artifact/3.3.9/maven-artifact-3.3.9.jar
Progress (1): 4.1/24 kB
Progress (1): 8.2/24 kB
Progress (1): 12/24 kB 
Progress (1): 16/24 kB
Progress (1): 20/24 kB
Progress (1): 24 kB   
Progress (2): 24 kB | 4.1/149 kB
Progress (2): 24 kB | 8.2/149 kB
Progress (2): 24 kB | 12/149 kB 
Progress (2): 24 kB | 16/149 kB
Progress (2): 24 kB | 20/149 kB
Progress (2): 24 kB | 25/149 kB
Progress (2): 24 kB | 29/149 kB
Progress (2): 24 kB | 33/149 kB
Progress (2): 24 kB | 37/149 kB
Progress (2): 24 kB | 41/149 kB
Progress (2): 24 kB | 45/149 kB
Progress (2): 24 kB | 49/149 kB
Progress (3): 24 kB | 49/149 kB | 4.1/55 kB
Progress (3): 24 kB | 49/149 kB | 8.2/55 kB
Progress (3): 24 kB | 49/149 kB | 12/55 kB 
Progress (3): 24 kB | 49/149 kB | 16/55 kB
Progress (4): 24 kB | 49/149 kB | 16/55 kB | 4.1/165 kB
Progress (4): 24 kB | 49/149 kB | 16/55 kB | 8.2/165 kB
Progress (4): 24 kB | 49/149 kB | 16/55 kB | 12/165 kB 
Progress (4): 24 kB | 49/149 kB | 16/55 kB | 16/165 kB
Progress (4): 24 kB | 49/149 kB | 16/55 kB | 20/165 kB
Progress (4): 24 kB | 49/149 kB | 16/55 kB | 25/165 kB
Progress (4): 24 kB | 49/149 kB | 16/55 kB | 29/165 kB
Progress (4): 24 kB | 49/149 kB | 16/55 kB | 33/165 kB
Progress (4): 24 kB | 49/149 kB | 20/55 kB | 33/165 kB
Progress (4): 24 kB | 49/149 kB | 25/55 kB | 33/165 kB
Progress (4): 24 kB | 49/149 kB | 29/55 kB | 33/165 kB
Progress (4): 24 kB | 49/149 kB | 33/55 kB | 33/165 kB
Progress (4): 24 kB | 49/149 kB | 37/55 kB | 33/165 kB
Progress (4): 24 kB | 49/149 kB | 41/55 kB | 33/165 kB
Progress (4): 24 kB | 49/149 kB | 45/55 kB | 33/165 kB
Progress (4): 24 kB | 49/149 kB | 49/55 kB | 33/165 kB
Progress (4): 24 kB | 49/149 kB | 53/55 kB | 33/165 kB
Progress (4): 24 kB | 49/149 kB | 55 kB | 33/165 kB   
Progress (4): 24 kB | 49/149 kB | 55 kB | 37/165 kB
Progress (4): 24 kB | 49/149 kB | 55 kB | 41/165 kB
Progress (4): 24 kB | 49/149 kB | 55 kB | 45/165 kB
Progress (4): 24 kB | 49/149 kB | 55 kB | 49/165 kB
Progress (4): 24 kB | 49/149 kB | 55 kB | 53/165 kB
Progress (4): 24 kB | 49/149 kB | 55 kB | 57/165 kB
Progress (4): 24 kB | 49/149 kB | 55 kB | 61/165 kB
Progress (4): 24 kB | 49/149 kB | 55 kB | 66/165 kB
Progress (4): 24 kB | 53/149 kB | 55 kB | 66/165 kB
Progress (4): 24 kB | 57/149 kB | 55 kB | 66/165 kB
Progress (4): 24 kB | 61/149 kB | 55 kB | 66/165 kB
Progress (4): 24 kB | 66/149 kB | 55 kB | 66/165 kB
Progress (4): 24 kB | 70/149 kB | 55 kB | 66/165 kB
Progress (4): 24 kB | 74/149 kB | 55 kB | 66/165 kB
Progress (4): 24 kB | 78/149 kB | 55 kB | 66/165 kB
Progress (4): 24 kB | 82/149 kB | 55 kB | 66/165 kB
Progress (4): 24 kB | 86/149 kB | 55 kB | 66/165 kB
Progress (4): 24 kB | 90/149 kB | 55 kB | 66/165 kB
Progress (4): 24 kB | 94/149 kB | 55 kB | 66/165 kB
Progress (4): 24 kB | 98/149 kB | 55 kB | 66/165 kB
Progress (4): 24 kB | 102/149 kB | 55 kB | 66/165 kB
Progress (4): 24 kB | 106/149 kB | 55 kB | 66/165 kB
Progress (4): 24 kB | 111/149 kB | 55 kB | 66/165 kB
Progress (4): 24 kB | 115/149 kB | 55 kB | 66/165 kB
Progress (4): 24 kB | 119/149 kB | 55 kB | 66/165 kB
Progress (4): 24 kB | 123/149 kB | 55 kB | 66/165 kB
Progress (4): 24 kB | 127/149 kB | 55 kB | 66/165 kB
Progress (4): 24 kB | 131/149 kB | 55 kB | 66/165 kB
Progress (4): 24 kB | 135/149 kB | 55 kB | 66/165 kB
Progress (4): 24 kB | 139/149 kB | 55 kB | 66/165 kB
Progress (4): 24 kB | 143/149 kB | 55 kB | 66/165 kB
                                                    
Downloaded from central: https://repo.maven.apache.org/maven2/org/apache/maven/maven-archiver/3.2.0/maven-archiver-3.2.0.jar (24 kB at 658 kB/s)
Downloading from central: https://repo.maven.apache.org/maven2/org/apache/commons/commons-lang3/3.8.1/commons-lang3-3.8.1.jar
Downloaded from central: https://repo.maven.apache.org/maven2/org/apache/maven/maven-artifact/3.3.9/maven-artifact-3.3.9.jar (55 kB at 1.7 MB/s)
Downloading from central: https://repo.maven.apache.org/maven2/org/apache/maven/maven-core/3.3.9/maven-core-3.3.9.jar
Progress (2): 143/149 kB | 70/165 kB
Progress (3): 143/149 kB | 70/165 kB | 4.1/77 kB
Progress (3): 143/149 kB | 70/165 kB | 8.2/77 kB
Progress (3): 143/149 kB | 70/165 kB | 12/77 kB 
Progress (3): 143/149 kB | 70/165 kB | 16/77 kB
Progress (3): 143/149 kB | 70/165 kB | 20/77 kB
Progress (3): 143/149 kB | 70/165 kB | 25/77 kB
Progress (3): 143/149 kB | 70/165 kB | 29/77 kB
Progress (3): 143/149 kB | 70/165 kB | 33/77 kB
Progress (3): 143/149 kB | 70/165 kB | 37/77 kB
Progress (3): 143/149 kB | 70/165 kB | 41/77 kB
Progress (3): 143/149 kB | 70/165 kB | 45/77 kB
Progress (3): 143/149 kB | 70/165 kB | 49/77 kB
Progress (3): 143/149 kB | 70/165 kB | 53/77 kB
Progress (3): 143/149 kB | 70/165 kB | 57/77 kB
Progress (3): 143/149 kB | 70/165 kB | 61/77 kB
Progress (3): 143/149 kB | 70/165 kB | 66/77 kB
Progress (3): 143/149 kB | 70/165 kB | 70/77 kB
Progress (3): 143/149 kB | 70/165 kB | 74/77 kB
Progress (3): 143/149 kB | 70/165 kB | 77 kB   
Progress (3): 143/149 kB | 74/165 kB | 77 kB
Progress (3): 143/149 kB | 78/165 kB | 77 kB
Progress (3): 143/149 kB | 82/165 kB | 77 kB
Progress (3): 143/149 kB | 86/165 kB | 77 kB
Progress (3): 143/149 kB | 90/165 kB | 77 kB
Progress (3): 143/149 kB | 94/165 kB | 77 kB
Progress (3): 143/149 kB | 98/165 kB | 77 kB
Progress (3): 143/149 kB | 102/165 kB | 77 kB
Progress (3): 143/149 kB | 106/165 kB | 77 kB
Progress (3): 143/149 kB | 111/165 kB | 77 kB
Progress (3): 143/149 kB | 115/165 kB | 77 kB
Progress (3): 143/149 kB | 119/165 kB | 77 kB
Progress (3): 143/149 kB | 123/165 kB | 77 kB
Progress (3): 143/149 kB | 127/165 kB | 77 kB
Progress (3): 143/149 kB | 131/165 kB | 77 kB
Progress (3): 143/149 kB | 135/165 kB | 77 kB
Progress (3): 143/149 kB | 139/165 kB | 77 kB
Progress (3): 143/149 kB | 143/165 kB | 77 kB
Progress (3): 143/149 kB | 147/165 kB | 77 kB
Progress (3): 143/149 kB | 152/165 kB | 77 kB
Progress (3): 143/149 kB | 156/165 kB | 77 kB
Progress (3): 143/149 kB | 160/165 kB | 77 kB
Progress (3): 143/149 kB | 164/165 kB | 77 kB
Progress (3): 143/149 kB | 165 kB | 77 kB    
Progress (3): 147/149 kB | 165 kB | 77 kB
Progress (3): 149 kB | 165 kB | 77 kB    
Progress (4): 149 kB | 165 kB | 77 kB | 4.1/502 kB
Progress (4): 149 kB | 165 kB | 77 kB | 8.2/502 kB
Progress (4): 149 kB | 165 kB | 77 kB | 12/502 kB 
Progress (4): 149 kB | 165 kB | 77 kB | 16/502 kB
Progress (4): 149 kB | 165 kB | 77 kB | 20/502 kB
Progress (4): 149 kB | 165 kB | 77 kB | 25/502 kB
Progress (4): 149 kB | 165 kB | 77 kB | 29/502 kB
Progress (4): 149 kB | 165 kB | 77 kB | 33/502 kB
Progress (4): 149 kB | 165 kB | 77 kB | 37/502 kB
Progress (4): 149 kB | 165 kB | 77 kB | 41/502 kB
Progress (4): 149 kB | 165 kB | 77 kB | 45/502 kB
Progress (4): 149 kB | 165 kB | 77 kB | 49/502 kB
Progress (4): 149 kB | 165 kB | 77 kB | 53/502 kB
Progress (4): 149 kB | 165 kB | 77 kB | 57/502 kB
Progress (4): 149 kB | 165 kB | 77 kB | 61/502 kB
                                                 
Downloaded from central: https://repo.maven.apache.org/maven2/org/codehaus/plexus/plexus-interpolation/1.22/plexus-interpolation-1.22.jar (77 kB at 1.5 MB/s)
Progress (4): 149 kB | 165 kB | 61/502 kB | 4.1/638 kB
Progress (4): 149 kB | 165 kB | 61/502 kB | 8.2/638 kB
Progress (4): 149 kB | 165 kB | 61/502 kB | 12/638 kB 
Progress (4): 149 kB | 165 kB | 61/502 kB | 16/638 kB
Progress (4): 149 kB | 165 kB | 61/502 kB | 20/638 kB
Progress (4): 149 kB | 165 kB | 61/502 kB | 25/638 kB
Progress (4): 149 kB | 165 kB | 61/502 kB | 29/638 kB
Progress (4): 149 kB | 165 kB | 61/502 kB | 33/638 kB
Progress (4): 149 kB | 165 kB | 61/502 kB | 37/638 kB
Progress (4): 149 kB | 165 kB | 61/502 kB | 41/638 kB
Progress (4): 149 kB | 165 kB | 61/502 kB | 45/638 kB
Progress (4): 149 kB | 165 kB | 61/502 kB | 49/638 kB
Progress (4): 149 kB | 165 kB | 61/502 kB | 53/638 kB
Progress (4): 149 kB | 165 kB | 61/502 kB | 57/638 kB
                                                     
Downloading from central: https://repo.maven.apache.org/maven2/org/apache/maven/maven-settings-builder/3.3.9/maven-settings-builder-3.3.9.jar
Downloaded from central: https://repo.maven.apache.org/maven2/org/springframework/boot/spring-boot-loader-tools/2.1.5.RELEASE/spring-boot-loader-tools-2.1.5.RELEASE.jar (149 kB at 2.3 MB/s)
Downloading from central: https://repo.maven.apache.org/maven2/org/apache/maven/maven-builder-support/3.3.9/maven-builder-support-3.3.9.jar
Progress (4): 165 kB | 61/502 kB | 57/638 kB | 4.1/43 kB
Progress (4): 165 kB | 61/502 kB | 57/638 kB | 8.2/43 kB
Progress (4): 165 kB | 61/502 kB | 57/638 kB | 12/43 kB 
Progress (4): 165 kB | 61/502 kB | 57/638 kB | 16/43 kB
Progress (4): 165 kB | 61/502 kB | 57/638 kB | 20/43 kB
Progress (4): 165 kB | 61/502 kB | 57/638 kB | 25/43 kB
Progress (4): 165 kB | 61/502 kB | 57/638 kB | 29/43 kB
Progress (4): 165 kB | 61/502 kB | 57/638 kB | 33/43 kB
Progress (4): 165 kB | 61/502 kB | 57/638 kB | 37/43 kB
Progress (4): 165 kB | 61/502 kB | 57/638 kB | 41/43 kB
Progress (4): 165 kB | 61/502 kB | 57/638 kB | 43 kB   
                                                    
Downloaded from central: https://repo.maven.apache.org/maven2/org/apache/maven/shared/maven-shared-utils/3.2.0/maven-shared-utils-3.2.0.jar (165 kB at 2.7 MB/s)
Progress (3): 66/502 kB | 57/638 kB | 43 kB
Progress (3): 70/502 kB | 57/638 kB | 43 kB
Progress (3): 70/502 kB | 61/638 kB | 43 kB
Progress (3): 70/502 kB | 66/638 kB | 43 kB
Progress (3): 70/502 kB | 70/638 kB | 43 kB
Progress (3): 70/502 kB | 74/638 kB | 43 kB
Progress (3): 70/502 kB | 78/638 kB | 43 kB
Progress (3): 70/502 kB | 82/638 kB | 43 kB
Progress (3): 70/502 kB | 86/638 kB | 43 kB
Progress (3): 70/502 kB | 90/638 kB | 43 kB
Progress (3): 70/502 kB | 94/638 kB | 43 kB
Progress (3): 70/502 kB | 98/638 kB | 43 kB
Progress (3): 70/502 kB | 102/638 kB | 43 kB
Progress (3): 70/502 kB | 106/638 kB | 43 kB
Progress (3): 70/502 kB | 111/638 kB | 43 kB
Progress (3): 70/502 kB | 115/638 kB | 43 kB
Progress (3): 70/502 kB | 119/638 kB | 43 kB
Progress (3): 70/502 kB | 123/638 kB | 43 kB
Progress (3): 70/502 kB | 127/638 kB | 43 kB
Progress (3): 70/502 kB | 131/638 kB | 43 kB
Progress (3): 70/502 kB | 135/638 kB | 43 kB
Progress (3): 70/502 kB | 139/638 kB | 43 kB
Progress (3): 70/502 kB | 143/638 kB | 43 kB
Progress (3): 70/502 kB | 147/638 kB | 43 kB
Progress (3): 70/502 kB | 152/638 kB | 43 kB
Progress (3): 70/502 kB | 156/638 kB | 43 kB
Progress (3): 70/502 kB | 160/638 kB | 43 kB
Progress (3): 70/502 kB | 164/638 kB | 43 kB
Progress (3): 70/502 kB | 168/638 kB | 43 kB
Progress (3): 70/502 kB | 172/638 kB | 43 kB
Progress (3): 70/502 kB | 176/638 kB | 43 kB
Progress (3): 70/502 kB | 180/638 kB | 43 kB
Progress (3): 70/502 kB | 184/638 kB | 43 kB
Progress (3): 74/502 kB | 184/638 kB | 43 kB
Progress (3): 78/502 kB | 184/638 kB | 43 kB
Progress (3): 82/502 kB | 184/638 kB | 43 kB
Progress (3): 86/502 kB | 184/638 kB | 43 kB
Progress (3): 90/502 kB | 184/638 kB | 43 kB
Progress (3): 94/502 kB | 184/638 kB | 43 kB
Progress (3): 98/502 kB | 184/638 kB | 43 kB
Progress (3): 102/502 kB | 184/638 kB | 43 kB
Progress (3): 106/502 kB | 184/638 kB | 43 kB
Progress (3): 111/502 kB | 184/638 kB | 43 kB
Progress (3): 115/502 kB | 184/638 kB | 43 kB
Progress (3): 119/502 kB | 184/638 kB | 43 kB
Progress (3): 123/502 kB | 184/638 kB | 43 kB
Progress (3): 127/502 kB | 184/638 kB | 43 kB
Progress (3): 131/502 kB | 184/638 kB | 43 kB
Progress (3): 135/502 kB | 184/638 kB | 43 kB
Progress (3): 139/502 kB | 184/638 kB | 43 kB
Progress (3): 143/502 kB | 184/638 kB | 43 kB
Progress (3): 147/502 kB | 184/638 kB | 43 kB
Progress (3): 152/502 kB | 184/638 kB | 43 kB
Progress (3): 156/502 kB | 184/638 kB | 43 kB
Progress (3): 160/502 kB | 184/638 kB | 43 kB
Progress (3): 164/502 kB | 184/638 kB | 43 kB
Progress (3): 168/502 kB | 184/638 kB | 43 kB
Progress (3): 172/502 kB | 184/638 kB | 43 kB
Progress (3): 176/502 kB | 184/638 kB | 43 kB
Progress (3): 180/502 kB | 184/638 kB | 43 kB
Progress (3): 184/502 kB | 184/638 kB | 43 kB
Progress (3): 188/502 kB | 184/638 kB | 43 kB
Progress (3): 193/502 kB | 184/638 kB | 43 kB
Progress (3): 197/502 kB | 184/638 kB | 43 kB
Progress (3): 201/502 kB | 184/638 kB | 43 kB
                                             
Downloaded from central: https://repo.maven.apache.org/maven2/org/apache/maven/maven-settings-builder/3.3.9/maven-settings-builder-3.3.9.jar (43 kB at 598 kB/s)
Downloading from central: https://repo.maven.apache.org/maven2/org/apache/maven/maven-model-builder/3.3.9/maven-model-builder-3.3.9.jar
Progress (3): 201/502 kB | 184/638 kB | 4.1/15 kB
Progress (3): 201/502 kB | 184/638 kB | 8.2/15 kB
Progress (3): 201/502 kB | 184/638 kB | 12/15 kB 
Progress (3): 201/502 kB | 184/638 kB | 15 kB   
Progress (3): 201/502 kB | 188/638 kB | 15 kB
                                             
Downloading from central: https://repo.maven.apache.org/maven2/org/apache/maven/maven-repository-metadata/3.3.9/maven-repository-metadata-3.3.9.jar
Progress (3): 201/502 kB | 193/638 kB | 15 kB
Progress (3): 201/502 kB | 197/638 kB | 15 kB
Progress (3): 201/502 kB | 201/638 kB | 15 kB
Progress (4): 201/502 kB | 201/638 kB | 15 kB | 4.1/177 kB
Progress (4): 201/502 kB | 201/638 kB | 15 kB | 8.2/177 kB
Progress (4): 201/502 kB | 201/638 kB | 15 kB | 12/177 kB 
Progress (4): 201/502 kB | 201/638 kB | 15 kB | 16/177 kB
Progress (5): 201/502 kB | 201/638 kB | 15 kB | 16/177 kB | 4.1/27 kB
Progress (5): 201/502 kB | 201/638 kB | 15 kB | 16/177 kB | 8.2/27 kB
Progress (5): 201/502 kB | 201/638 kB | 15 kB | 16/177 kB | 12/27 kB 
Progress (5): 201/502 kB | 201/638 kB | 15 kB | 16/177 kB | 16/27 kB
Progress (5): 201/502 kB | 201/638 kB | 15 kB | 16/177 kB | 20/27 kB
Progress (5): 201/502 kB | 201/638 kB | 15 kB | 16/177 kB | 25/27 kB
Progress (5): 201/502 kB | 201/638 kB | 15 kB | 16/177 kB | 27 kB   
                                                                 
Downloaded from central: https://repo.maven.apache.org/maven2/org/apache/maven/maven-builder-support/3.3.9/maven-builder-support-3.3.9.jar (15 kB at 188 kB/s)
Downloading from central: https://repo.maven.apache.org/maven2/org/apache/maven/maven-aether-provider/3.3.9/maven-aether-provider-3.3.9.jar
Progress (4): 201/502 kB | 201/638 kB | 20/177 kB | 27 kB
Progress (4): 201/502 kB | 201/638 kB | 25/177 kB | 27 kB
Progress (4): 201/502 kB | 201/638 kB | 29/177 kB | 27 kB
Progress (4): 201/502 kB | 201/638 kB | 33/177 kB | 27 kB
Progress (4): 201/502 kB | 201/638 kB | 37/177 kB | 27 kB
Progress (4): 201/502 kB | 201/638 kB | 41/177 kB | 27 kB
Progress (4): 201/502 kB | 201/638 kB | 45/177 kB | 27 kB
Progress (4): 201/502 kB | 201/638 kB | 49/177 kB | 27 kB
Progress (4): 201/502 kB | 201/638 kB | 53/177 kB | 27 kB
Progress (4): 205/502 kB | 201/638 kB | 53/177 kB | 27 kB
Progress (4): 209/502 kB | 201/638 kB | 53/177 kB | 27 kB
Progress (4): 213/502 kB | 201/638 kB | 53/177 kB | 27 kB
Progress (4): 217/502 kB | 201/638 kB | 53/177 kB | 27 kB
Progress (4): 221/502 kB | 201/638 kB | 53/177 kB | 27 kB
Progress (4): 225/502 kB | 201/638 kB | 53/177 kB | 27 kB
Progress (4): 229/502 kB | 201/638 kB | 53/177 kB | 27 kB
Progress (4): 233/502 kB | 201/638 kB | 53/177 kB | 27 kB
Progress (4): 238/502 kB | 201/638 kB | 53/177 kB | 27 kB
Progress (4): 242/502 kB | 201/638 kB | 53/177 kB | 27 kB
Progress (4): 246/502 kB | 201/638 kB | 53/177 kB | 27 kB
Progress (4): 250/502 kB | 201/638 kB | 53/177 kB | 27 kB
Progress (4): 254/502 kB | 201/638 kB | 53/177 kB | 27 kB
Progress (4): 258/502 kB | 201/638 kB | 53/177 kB | 27 kB
Progress (4): 262/502 kB | 201/638 kB | 53/177 kB | 27 kB
Progress (4): 262/502 kB | 205/638 kB | 53/177 kB | 27 kB
Progress (4): 262/502 kB | 209/638 kB | 53/177 kB | 27 kB
Progress (4): 262/502 kB | 213/638 kB | 53/177 kB | 27 kB
Progress (4): 262/502 kB | 217/638 kB | 53/177 kB | 27 kB
Progress (4): 262/502 kB | 221/638 kB | 53/177 kB | 27 kB
Progress (4): 262/502 kB | 225/638 kB | 53/177 kB | 27 kB
Progress (4): 262/502 kB | 229/638 kB | 53/177 kB | 27 kB
Progress (4): 262/502 kB | 233/638 kB | 53/177 kB | 27 kB
Progress (4): 262/502 kB | 238/638 kB | 53/177 kB | 27 kB
Progress (4): 262/502 kB | 242/638 kB | 53/177 kB | 27 kB
Progress (4): 262/502 kB | 246/638 kB | 53/177 kB | 27 kB
Progress (4): 262/502 kB | 250/638 kB | 53/177 kB | 27 kB
Progress (4): 262/502 kB | 254/638 kB | 53/177 kB | 27 kB
Progress (4): 262/502 kB | 258/638 kB | 53/177 kB | 27 kB
Progress (4): 262/502 kB | 262/638 kB | 53/177 kB | 27 kB
Progress (4): 262/502 kB | 266/638 kB | 53/177 kB | 27 kB
Progress (4): 262/502 kB | 270/638 kB | 53/177 kB | 27 kB
Progress (4): 262/502 kB | 274/638 kB | 53/177 kB | 27 kB
Progress (4): 262/502 kB | 279/638 kB | 53/177 kB | 27 kB
Progress (4): 262/502 kB | 283/638 kB | 53/177 kB | 27 kB
Progress (4): 262/502 kB | 287/638 kB | 53/177 kB | 27 kB
Progress (4): 262/502 kB | 291/638 kB | 53/177 kB | 27 kB
Progress (4): 262/502 kB | 295/638 kB | 53/177 kB | 27 kB
Progress (4): 262/502 kB | 299/638 kB | 53/177 kB | 27 kB
Progress (4): 262/502 kB | 303/638 kB | 53/177 kB | 27 kB
Progress (4): 262/502 kB | 307/638 kB | 53/177 kB | 27 kB
Progress (4): 262/502 kB | 311/638 kB | 53/177 kB | 27 kB
Progress (4): 262/502 kB | 315/638 kB | 53/177 kB | 27 kB
Progress (4): 262/502 kB | 315/638 kB | 57/177 kB | 27 kB
Progress (5): 262/502 kB | 315/638 kB | 57/177 kB | 27 kB | 4.1/67 kB
Progress (5): 262/502 kB | 315/638 kB | 57/177 kB | 27 kB | 8.2/67 kB
Progress (5): 262/502 kB | 315/638 kB | 57/177 kB | 27 kB | 12/67 kB 
Progress (5): 262/502 kB | 315/638 kB | 57/177 kB | 27 kB | 16/67 kB
Progress (5): 262/502 kB | 315/638 kB | 57/177 kB | 27 kB | 20/67 kB
Progress (5): 262/502 kB | 315/638 kB | 57/177 kB | 27 kB | 25/67 kB
Progress (5): 262/502 kB | 315/638 kB | 57/177 kB | 27 kB | 29/67 kB
Progress (5): 262/502 kB | 315/638 kB | 57/177 kB | 27 kB | 33/67 kB
Progress (5): 262/502 kB | 315/638 kB | 57/177 kB | 27 kB | 37/67 kB
Progress (5): 262/502 kB | 315/638 kB | 57/177 kB | 27 kB | 41/67 kB
Progress (5): 262/502 kB | 315/638 kB | 57/177 kB | 27 kB | 45/67 kB
Progress (5): 262/502 kB | 315/638 kB | 57/177 kB | 27 kB | 49/67 kB
Progress (5): 262/502 kB | 315/638 kB | 57/177 kB | 27 kB | 53/67 kB
Progress (5): 262/502 kB | 315/638 kB | 57/177 kB | 27 kB | 57/67 kB
Progress (5): 262/502 kB | 315/638 kB | 57/177 kB | 27 kB | 61/67 kB
Progress (5): 262/502 kB | 315/638 kB | 57/177 kB | 27 kB | 66/67 kB
Progress (5): 262/502 kB | 315/638 kB | 57/177 kB | 27 kB | 67 kB   
                                                                 
Downloaded from central: https://repo.maven.apache.org/maven2/org/apache/maven/maven-repository-metadata/3.3.9/maven-repository-metadata-3.3.9.jar (27 kB at 278 kB/s)
Downloading from central: https://repo.maven.apache.org/maven2/org/eclipse/aether/aether-spi/1.0.2.v20150114/aether-spi-1.0.2.v20150114.jar
Progress (4): 262/502 kB | 315/638 kB | 61/177 kB | 67 kB
Progress (4): 262/502 kB | 315/638 kB | 66/177 kB | 67 kB
Progress (4): 262/502 kB | 315/638 kB | 70/177 kB | 67 kB
Progress (4): 262/502 kB | 315/638 kB | 74/177 kB | 67 kB
Progress (4): 262/502 kB | 315/638 kB | 78/177 kB | 67 kB
Progress (4): 262/502 kB | 315/638 kB | 82/177 kB | 67 kB
Progress (4): 262/502 kB | 315/638 kB | 86/177 kB | 67 kB
Progress (4): 262/502 kB | 315/638 kB | 90/177 kB | 67 kB
Progress (4): 262/502 kB | 315/638 kB | 94/177 kB | 67 kB
Progress (4): 262/502 kB | 315/638 kB | 98/177 kB | 67 kB
Progress (4): 262/502 kB | 315/638 kB | 102/177 kB | 67 kB
Progress (4): 266/502 kB | 315/638 kB | 102/177 kB | 67 kB
Progress (5): 266/502 kB | 315/638 kB | 102/177 kB | 67 kB | 4.1/31 kB
Progress (5): 266/502 kB | 315/638 kB | 102/177 kB | 67 kB | 8.2/31 kB
Progress (5): 266/502 kB | 315/638 kB | 102/177 kB | 67 kB | 12/31 kB 
Progress (5): 266/502 kB | 315/638 kB | 102/177 kB | 67 kB | 16/31 kB
Progress (5): 266/502 kB | 315/638 kB | 102/177 kB | 67 kB | 20/31 kB
Progress (5): 266/502 kB | 315/638 kB | 102/177 kB | 67 kB | 25/31 kB
Progress (5): 266/502 kB | 315/638 kB | 102/177 kB | 67 kB | 29/31 kB
Progress (5): 266/502 kB | 315/638 kB | 102/177 kB | 67 kB | 31 kB   
Progress (5): 270/502 kB | 315/638 kB | 102/177 kB | 67 kB | 31 kB
Progress (5): 274/502 kB | 315/638 kB | 102/177 kB | 67 kB | 31 kB
Progress (5): 279/502 kB | 315/638 kB | 102/177 kB | 67 kB | 31 kB
Progress (5): 283/502 kB | 315/638 kB | 102/177 kB | 67 kB | 31 kB
Progress (5): 287/502 kB | 315/638 kB | 102/177 kB | 67 kB | 31 kB
Progress (5): 291/502 kB | 315/638 kB | 102/177 kB | 67 kB | 31 kB
Progress (5): 295/502 kB | 315/638 kB | 102/177 kB | 67 kB | 31 kB
Progress (5): 299/502 kB | 315/638 kB | 102/177 kB | 67 kB | 31 kB
Progress (5): 303/502 kB | 315/638 kB | 102/177 kB | 67 kB | 31 kB
                                                                  
Downloaded from central: https://repo.maven.apache.org/maven2/org/apache/maven/maven-aether-provider/3.3.9/maven-aether-provider-3.3.9.jar (67 kB at 597 kB/s)
Downloading from central: https://repo.maven.apache.org/maven2/org/eclipse/aether/aether-impl/1.0.2.v20150114/aether-impl-1.0.2.v20150114.jar
Progress (4): 303/502 kB | 319/638 kB | 102/177 kB | 31 kB
                                                          
Downloaded from central: https://repo.maven.apache.org/maven2/org/eclipse/aether/aether-spi/1.0.2.v20150114/aether-spi-1.0.2.v20150114.jar (31 kB at 272 kB/s)
Downloading from central: https://repo.maven.apache.org/maven2/org/eclipse/aether/aether-api/1.0.2.v20150114/aether-api-1.0.2.v20150114.jar
Progress (3): 303/502 kB | 319/638 kB | 106/177 kB
Progress (3): 303/502 kB | 319/638 kB | 111/177 kB
Progress (3): 303/502 kB | 319/638 kB | 115/177 kB
Progress (3): 303/502 kB | 319/638 kB | 119/177 kB
Progress (3): 303/502 kB | 319/638 kB | 123/177 kB
Progress (3): 303/502 kB | 319/638 kB | 127/177 kB
Progress (3): 303/502 kB | 319/638 kB | 131/177 kB
Progress (3): 303/502 kB | 319/638 kB | 135/177 kB
Progress (3): 303/502 kB | 319/638 kB | 139/177 kB
Progress (3): 303/502 kB | 319/638 kB | 143/177 kB
Progress (3): 303/502 kB | 319/638 kB | 147/177 kB
Progress (3): 303/502 kB | 324/638 kB | 147/177 kB
Progress (3): 303/502 kB | 328/638 kB | 147/177 kB
Progress (3): 303/502 kB | 332/638 kB | 147/177 kB
Progress (3): 303/502 kB | 336/638 kB | 147/177 kB
Progress (3): 303/502 kB | 340/638 kB | 147/177 kB
Progress (3): 303/502 kB | 344/638 kB | 147/177 kB
Progress (3): 303/502 kB | 348/638 kB | 147/177 kB
Progress (3): 303/502 kB | 352/638 kB | 147/177 kB
Progress (3): 303/502 kB | 356/638 kB | 147/177 kB
Progress (3): 303/502 kB | 360/638 kB | 147/177 kB
Progress (3): 303/502 kB | 365/638 kB | 147/177 kB
Progress (4): 303/502 kB | 365/638 kB | 147/177 kB | 4.1/173 kB
Progress (4): 303/502 kB | 365/638 kB | 147/177 kB | 8.2/173 kB
Progress (4): 303/502 kB | 365/638 kB | 147/177 kB | 12/173 kB 
Progress (4): 303/502 kB | 365/638 kB | 147/177 kB | 16/173 kB
Progress (4): 303/502 kB | 365/638 kB | 147/177 kB | 20/173 kB
Progress (4): 303/502 kB | 365/638 kB | 147/177 kB | 25/173 kB
Progress (4): 303/502 kB | 365/638 kB | 147/177 kB | 29/173 kB
Progress (4): 303/502 kB | 365/638 kB | 147/177 kB | 33/173 kB
Progress (4): 303/502 kB | 365/638 kB | 147/177 kB | 37/173 kB
Progress (4): 303/502 kB | 365/638 kB | 147/177 kB | 41/173 kB
Progress (4): 303/502 kB | 365/638 kB | 147/177 kB | 45/173 kB
Progress (4): 303/502 kB | 365/638 kB | 147/177 kB | 49/173 kB
Progress (5): 303/502 kB | 365/638 kB | 147/177 kB | 49/173 kB | 4.1/136 kB
Progress (5): 303/502 kB | 365/638 kB | 147/177 kB | 49/173 kB | 8.2/136 kB
Progress (5): 303/502 kB | 365/638 kB | 147/177 kB | 49/173 kB | 12/136 kB 
Progress (5): 303/502 kB | 365/638 kB | 147/177 kB | 49/173 kB | 16/136 kB
Progress (5): 303/502 kB | 365/638 kB | 147/177 kB | 49/173 kB | 20/136 kB
Progress (5): 303/502 kB | 365/638 kB | 147/177 kB | 49/173 kB | 25/136 kB
Progress (5): 303/502 kB | 365/638 kB | 147/177 kB | 49/173 kB | 29/136 kB
Progress (5): 303/502 kB | 365/638 kB | 147/177 kB | 49/173 kB | 33/136 kB
Progress (5): 303/502 kB | 365/638 kB | 147/177 kB | 49/173 kB | 37/136 kB
Progress (5): 303/502 kB | 365/638 kB | 147/177 kB | 49/173 kB | 41/136 kB
Progress (5): 303/502 kB | 365/638 kB | 147/177 kB | 49/173 kB | 45/136 kB
Progress (5): 303/502 kB | 365/638 kB | 147/177 kB | 49/173 kB | 49/136 kB
Progress (5): 303/502 kB | 365/638 kB | 147/177 kB | 49/173 kB | 53/136 kB
Progress (5): 303/502 kB | 365/638 kB | 147/177 kB | 49/173 kB | 57/136 kB
Progress (5): 303/502 kB | 365/638 kB | 147/177 kB | 49/173 kB | 61/136 kB
Progress (5): 303/502 kB | 365/638 kB | 147/177 kB | 49/173 kB | 66/136 kB
Progress (5): 303/502 kB | 365/638 kB | 147/177 kB | 49/173 kB | 70/136 kB
Progress (5): 303/502 kB | 365/638 kB | 147/177 kB | 49/173 kB | 74/136 kB
Progress (5): 303/502 kB | 365/638 kB | 147/177 kB | 49/173 kB | 78/136 kB
Progress (5): 303/502 kB | 365/638 kB | 147/177 kB | 49/173 kB | 82/136 kB
Progress (5): 303/502 kB | 365/638 kB | 147/177 kB | 49/173 kB | 86/136 kB
Progress (5): 303/502 kB | 365/638 kB | 147/177 kB | 49/173 kB | 90/136 kB
Progress (5): 303/502 kB | 365/638 kB | 147/177 kB | 49/173 kB | 94/136 kB
Progress (5): 303/502 kB | 365/638 kB | 147/177 kB | 53/173 kB | 94/136 kB
Progress (5): 303/502 kB | 365/638 kB | 147/177 kB | 57/173 kB | 94/136 kB
Progress (5): 303/502 kB | 369/638 kB | 147/177 kB | 57/173 kB | 94/136 kB
Progress (5): 303/502 kB | 369/638 kB | 152/177 kB | 57/173 kB | 94/136 kB
Progress (5): 307/502 kB | 369/638 kB | 152/177 kB | 57/173 kB | 94/136 kB
Progress (5): 311/502 kB | 369/638 kB | 152/177 kB | 57/173 kB | 94/136 kB
Progress (5): 315/502 kB | 369/638 kB | 152/177 kB | 57/173 kB | 94/136 kB
Progress (5): 319/502 kB | 369/638 kB | 152/177 kB | 57/173 kB | 94/136 kB
Progress (5): 324/502 kB | 369/638 kB | 152/177 kB | 57/173 kB | 94/136 kB
Progress (5): 328/502 kB | 369/638 kB | 152/177 kB | 57/173 kB | 94/136 kB
Progress (5): 332/502 kB | 369/638 kB | 152/177 kB | 57/173 kB | 94/136 kB
Progress (5): 336/502 kB | 369/638 kB | 152/177 kB | 57/173 kB | 94/136 kB
Progress (5): 340/502 kB | 369/638 kB | 152/177 kB | 57/173 kB | 94/136 kB
Progress (5): 344/502 kB | 369/638 kB | 152/177 kB | 57/173 kB | 94/136 kB
Progress (5): 348/502 kB | 369/638 kB | 152/177 kB | 57/173 kB | 94/136 kB
Progress (5): 352/502 kB | 369/638 kB | 152/177 kB | 57/173 kB | 94/136 kB
Progress (5): 356/502 kB | 369/638 kB | 152/177 kB | 57/173 kB | 94/136 kB
Progress (5): 360/502 kB | 369/638 kB | 152/177 kB | 57/173 kB | 94/136 kB
Progress (5): 365/502 kB | 369/638 kB | 152/177 kB | 57/173 kB | 94/136 kB
Progress (5): 369/502 kB | 369/638 kB | 152/177 kB | 57/173 kB | 94/136 kB
Progress (5): 373/502 kB | 369/638 kB | 152/177 kB | 57/173 kB | 94/136 kB
Progress (5): 377/502 kB | 369/638 kB | 152/177 kB | 57/173 kB | 94/136 kB
Progress (5): 381/502 kB | 369/638 kB | 152/177 kB | 57/173 kB | 94/136 kB
Progress (5): 385/502 kB | 369/638 kB | 152/177 kB | 57/173 kB | 94/136 kB
Progress (5): 389/502 kB | 369/638 kB | 152/177 kB | 57/173 kB | 94/136 kB
Progress (5): 393/502 kB | 369/638 kB | 152/177 kB | 57/173 kB | 94/136 kB
Progress (5): 393/502 kB | 369/638 kB | 156/177 kB | 57/173 kB | 94/136 kB
Progress (5): 393/502 kB | 369/638 kB | 160/177 kB | 57/173 kB | 94/136 kB
Progress (5): 393/502 kB | 369/638 kB | 164/177 kB | 57/173 kB | 94/136 kB
Progress (5): 393/502 kB | 369/638 kB | 168/177 kB | 57/173 kB | 94/136 kB
Progress (5): 393/502 kB | 369/638 kB | 172/177 kB | 57/173 kB | 94/136 kB
Progress (5): 393/502 kB | 369/638 kB | 176/177 kB | 57/173 kB | 94/136 kB
Progress (5): 393/502 kB | 369/638 kB | 177 kB | 57/173 kB | 94/136 kB    
Progress (5): 393/502 kB | 369/638 kB | 177 kB | 57/173 kB | 98/136 kB
Progress (5): 393/502 kB | 369/638 kB | 177 kB | 57/173 kB | 102/136 kB
Progress (5): 393/502 kB | 369/638 kB | 177 kB | 57/173 kB | 106/136 kB
Progress (5): 393/502 kB | 369/638 kB | 177 kB | 57/173 kB | 111/136 kB
Progress (5): 393/502 kB | 369/638 kB | 177 kB | 57/173 kB | 115/136 kB
Progress (5): 393/502 kB | 369/638 kB | 177 kB | 57/173 kB | 119/136 kB
Progress (5): 393/502 kB | 369/638 kB | 177 kB | 57/173 kB | 123/136 kB
Progress (5): 393/502 kB | 369/638 kB | 177 kB | 57/173 kB | 127/136 kB
Progress (5): 393/502 kB | 369/638 kB | 177 kB | 57/173 kB | 131/136 kB
Progress (5): 393/502 kB | 369/638 kB | 177 kB | 57/173 kB | 135/136 kB
Progress (5): 393/502 kB | 369/638 kB | 177 kB | 57/173 kB | 136 kB    
Progress (5): 393/502 kB | 369/638 kB | 177 kB | 61/173 kB | 136 kB
Progress (5): 393/502 kB | 373/638 kB | 177 kB | 61/173 kB | 136 kB
Progress (5): 393/502 kB | 377/638 kB | 177 kB | 61/173 kB | 136 kB
Progress (5): 393/502 kB | 381/638 kB | 177 kB | 61/173 kB | 136 kB
Progress (5): 393/502 kB | 385/638 kB | 177 kB | 61/173 kB | 136 kB
Progress (5): 393/502 kB | 389/638 kB | 177 kB | 61/173 kB | 136 kB
Progress (5): 393/502 kB | 393/638 kB | 177 kB | 61/173 kB | 136 kB
Progress (5): 393/502 kB | 397/638 kB | 177 kB | 61/173 kB | 136 kB
Progress (5): 393/502 kB | 401/638 kB | 177 kB | 61/173 kB | 136 kB
Progress (5): 393/502 kB | 406/638 kB | 177 kB | 61/173 kB | 136 kB
Progress (5): 393/502 kB | 410/638 kB | 177 kB | 61/173 kB | 136 kB
Progress (5): 393/502 kB | 414/638 kB | 177 kB | 61/173 kB | 136 kB
Progress (5): 393/502 kB | 418/638 kB | 177 kB | 61/173 kB | 136 kB
Progress (5): 393/502 kB | 422/638 kB | 177 kB | 61/173 kB | 136 kB
Progress (5): 393/502 kB | 426/638 kB | 177 kB | 61/173 kB | 136 kB
Progress (5): 393/502 kB | 430/638 kB | 177 kB | 61/173 kB | 136 kB
Progress (5): 393/502 kB | 434/638 kB | 177 kB | 61/173 kB | 136 kB
Progress (5): 393/502 kB | 438/638 kB | 177 kB | 61/173 kB | 136 kB
Progress (5): 393/502 kB | 442/638 kB | 177 kB | 61/173 kB | 136 kB
Progress (5): 393/502 kB | 446/638 kB | 177 kB | 61/173 kB | 136 kB
Progress (5): 393/502 kB | 450/638 kB | 177 kB | 61/173 kB | 136 kB
Progress (5): 393/502 kB | 454/638 kB | 177 kB | 61/173 kB | 136 kB
Progress (5): 393/502 kB | 458/638 kB | 177 kB | 61/173 kB | 136 kB
Progress (5): 393/502 kB | 463/638 kB | 177 kB | 61/173 kB | 136 kB
Progress (5): 393/502 kB | 467/638 kB | 177 kB | 61/173 kB | 136 kB
Progress (5): 393/502 kB | 471/638 kB | 177 kB | 61/173 kB | 136 kB
Progress (5): 393/502 kB | 475/638 kB | 177 kB | 61/173 kB | 136 kB
                                                                   
Downloaded from central: https://repo.maven.apache.org/maven2/org/eclipse/aether/aether-api/1.0.2.v20150114/aether-api-1.0.2.v20150114.jar (136 kB at 874 kB/s)
Progress (4): 397/502 kB | 475/638 kB | 177 kB | 61/173 kB
Progress (4): 401/502 kB | 475/638 kB | 177 kB | 61/173 kB
Progress (4): 406/502 kB | 475/638 kB | 177 kB | 61/173 kB
Progress (4): 410/502 kB | 475/638 kB | 177 kB | 61/173 kB
Progress (4): 414/502 kB | 475/638 kB | 177 kB | 61/173 kB
Progress (4): 418/502 kB | 475/638 kB | 177 kB | 61/173 kB
Progress (4): 422/502 kB | 475/638 kB | 177 kB | 61/173 kB
Progress (4): 426/502 kB | 475/638 kB | 177 kB | 61/173 kB
Progress (4): 430/502 kB | 475/638 kB | 177 kB | 61/173 kB
Progress (4): 434/502 kB | 475/638 kB | 177 kB | 61/173 kB
Progress (4): 438/502 kB | 475/638 kB | 177 kB | 61/173 kB
Progress (4): 442/502 kB | 475/638 kB | 177 kB | 61/173 kB
Progress (4): 446/502 kB | 475/638 kB | 177 kB | 61/173 kB
Progress (4): 451/502 kB | 475/638 kB | 177 kB | 61/173 kB
Progress (4): 455/502 kB | 475/638 kB | 177 kB | 61/173 kB
Progress (4): 459/502 kB | 475/638 kB | 177 kB | 61/173 kB
Progress (4): 463/502 kB | 475/638 kB | 177 kB | 61/173 kB
Progress (4): 467/502 kB | 475/638 kB | 177 kB | 61/173 kB
                                                          
Downloaded from central: https://repo.maven.apache.org/maven2/org/apache/maven/maven-model-builder/3.3.9/maven-model-builder-3.3.9.jar (177 kB at 1.1 MB/s)
Progress (3): 467/502 kB | 475/638 kB | 66/173 kB
Progress (3): 467/502 kB | 475/638 kB | 70/173 kB
Progress (3): 467/502 kB | 475/638 kB | 74/173 kB
Progress (3): 467/502 kB | 475/638 kB | 78/173 kB
Progress (3): 467/502 kB | 475/638 kB | 82/173 kB
Progress (3): 467/502 kB | 475/638 kB | 86/173 kB
Progress (3): 467/502 kB | 475/638 kB | 90/173 kB
Progress (3): 467/502 kB | 475/638 kB | 94/173 kB
Progress (3): 467/502 kB | 475/638 kB | 98/173 kB
Progress (3): 467/502 kB | 475/638 kB | 102/173 kB
Progress (3): 467/502 kB | 475/638 kB | 106/173 kB
Progress (3): 467/502 kB | 475/638 kB | 111/173 kB
Progress (3): 467/502 kB | 475/638 kB | 115/173 kB
Progress (3): 467/502 kB | 475/638 kB | 119/173 kB
Progress (3): 467/502 kB | 475/638 kB | 123/173 kB
Progress (3): 467/502 kB | 475/638 kB | 127/173 kB
Progress (3): 467/502 kB | 475/638 kB | 131/173 kB
Progress (3): 467/502 kB | 475/638 kB | 135/173 kB
Progress (3): 467/502 kB | 475/638 kB | 139/173 kB
Progress (3): 467/502 kB | 475/638 kB | 143/173 kB
Progress (3): 467/502 kB | 475/638 kB | 147/173 kB
Progress (3): 467/502 kB | 475/638 kB | 152/173 kB
Progress (3): 467/502 kB | 475/638 kB | 156/173 kB
Progress (3): 467/502 kB | 475/638 kB | 160/173 kB
Progress (3): 467/502 kB | 475/638 kB | 164/173 kB
Progress (3): 467/502 kB | 475/638 kB | 168/173 kB
Progress (3): 467/502 kB | 475/638 kB | 172/173 kB
Progress (3): 467/502 kB | 475/638 kB | 173 kB    
                                              
Downloading from central: https://repo.maven.apache.org/maven2/org/eclipse/sisu/org.eclipse.sisu.plexus/0.3.2/org.eclipse.sisu.plexus-0.3.2.jar
Progress (3): 467/502 kB | 479/638 kB | 173 kB
                                              
Downloading from central: https://repo.maven.apache.org/maven2/org/eclipse/aether/aether-util/1.0.2.v20150114/aether-util-1.0.2.v20150114.jar
Progress (3): 467/502 kB | 483/638 kB | 173 kB
Progress (3): 467/502 kB | 487/638 kB | 173 kB
Progress (3): 467/502 kB | 491/638 kB | 173 kB
Progress (3): 467/502 kB | 495/638 kB | 173 kB
Progress (3): 467/502 kB | 499/638 kB | 173 kB
Progress (3): 467/502 kB | 504/638 kB | 173 kB
Progress (3): 467/502 kB | 508/638 kB | 173 kB
Progress (3): 471/502 kB | 508/638 kB | 173 kB
Progress (3): 475/502 kB | 508/638 kB | 173 kB
Progress (3): 479/502 kB | 508/638 kB | 173 kB
Progress (3): 483/502 kB | 508/638 kB | 173 kB
Progress (3): 487/502 kB | 508/638 kB | 173 kB
Progress (3): 492/502 kB | 508/638 kB | 173 kB
Progress (3): 496/502 kB | 508/638 kB | 173 kB
Progress (3): 500/502 kB | 508/638 kB | 173 kB
Progress (3): 502 kB | 508/638 kB | 173 kB    
                                          
Downloaded from central: https://repo.maven.apache.org/maven2/org/eclipse/aether/aether-impl/1.0.2.v20150114/aether-impl-1.0.2.v20150114.jar (173 kB at 1.0 MB/s)
Progress (3): 502 kB | 508/638 kB | 4.1/147 kB
Progress (3): 502 kB | 508/638 kB | 8.2/147 kB
Progress (3): 502 kB | 508/638 kB | 12/147 kB 
Progress (3): 502 kB | 508/638 kB | 16/147 kB
Progress (3): 502 kB | 508/638 kB | 20/147 kB
Progress (3): 502 kB | 508/638 kB | 25/147 kB
Progress (3): 502 kB | 508/638 kB | 29/147 kB
Progress (3): 502 kB | 508/638 kB | 33/147 kB
Progress (3): 502 kB | 508/638 kB | 37/147 kB
Progress (3): 502 kB | 508/638 kB | 41/147 kB
Progress (3): 502 kB | 508/638 kB | 45/147 kB
Progress (3): 502 kB | 508/638 kB | 49/147 kB
Progress (3): 502 kB | 508/638 kB | 53/147 kB
Progress (3): 502 kB | 508/638 kB | 57/147 kB
Progress (3): 502 kB | 508/638 kB | 61/147 kB
Progress (3): 502 kB | 508/638 kB | 66/147 kB
Progress (3): 502 kB | 508/638 kB | 70/147 kB
Progress (3): 502 kB | 508/638 kB | 74/147 kB
Progress (3): 502 kB | 508/638 kB | 78/147 kB
Progress (3): 502 kB | 508/638 kB | 82/147 kB
Progress (3): 502 kB | 508/638 kB | 86/147 kB
Progress (3): 502 kB | 508/638 kB | 90/147 kB
Progress (3): 502 kB | 508/638 kB | 94/147 kB
Progress (3): 502 kB | 508/638 kB | 98/147 kB
Progress (4): 502 kB | 508/638 kB | 98/147 kB | 4.1/205 kB
Progress (4): 502 kB | 508/638 kB | 98/147 kB | 8.2/205 kB
Progress (4): 502 kB | 508/638 kB | 98/147 kB | 12/205 kB 
Progress (4): 502 kB | 508/638 kB | 98/147 kB | 16/205 kB
Progress (4): 502 kB | 508/638 kB | 98/147 kB | 20/205 kB
Progress (4): 502 kB | 508/638 kB | 98/147 kB | 25/205 kB
Progress (4): 502 kB | 508/638 kB | 98/147 kB | 29/205 kB
Progress (4): 502 kB | 508/638 kB | 98/147 kB | 33/205 kB
Progress (4): 502 kB | 508/638 kB | 98/147 kB | 37/205 kB
Progress (4): 502 kB | 508/638 kB | 98/147 kB | 41/205 kB
Progress (4): 502 kB | 508/638 kB | 98/147 kB | 45/205 kB
Progress (4): 502 kB | 508/638 kB | 98/147 kB | 49/205 kB
Progress (4): 502 kB | 508/638 kB | 98/147 kB | 53/205 kB
Progress (4): 502 kB | 508/638 kB | 98/147 kB | 57/205 kB
Progress (4): 502 kB | 508/638 kB | 98/147 kB | 61/205 kB
Progress (4): 502 kB | 508/638 kB | 98/147 kB | 66/205 kB
Progress (4): 502 kB | 508/638 kB | 98/147 kB | 70/205 kB
Progress (4): 502 kB | 508/638 kB | 98/147 kB | 74/205 kB
Progress (4): 502 kB | 508/638 kB | 98/147 kB | 78/205 kB
Progress (4): 502 kB | 508/638 kB | 98/147 kB | 82/205 kB
Progress (4): 502 kB | 508/638 kB | 98/147 kB | 86/205 kB
Progress (4): 502 kB | 508/638 kB | 98/147 kB | 90/205 kB
Progress (4): 502 kB | 508/638 kB | 98/147 kB | 94/205 kB
Progress (4): 502 kB | 508/638 kB | 98/147 kB | 98/205 kB
Progress (4): 502 kB | 508/638 kB | 98/147 kB | 102/205 kB
Progress (4): 502 kB | 508/638 kB | 98/147 kB | 106/205 kB
Progress (4): 502 kB | 508/638 kB | 98/147 kB | 111/205 kB
Progress (4): 502 kB | 508/638 kB | 98/147 kB | 115/205 kB
Progress (4): 502 kB | 508/638 kB | 98/147 kB | 119/205 kB
Progress (4): 502 kB | 512/638 kB | 98/147 kB | 119/205 kB
Progress (4): 502 kB | 516/638 kB | 98/147 kB | 119/205 kB
                                                          
Downloading from central: https://repo.maven.apache.org/maven2/javax/enterprise/cdi-api/1.0/cdi-api-1.0.jar
Downloaded from central: https://repo.maven.apache.org/maven2/org/apache/commons/commons-lang3/3.8.1/commons-lang3-3.8.1.jar (502 kB at 2.7 MB/s)
Progress (3): 520/638 kB | 98/147 kB | 119/205 kB
Progress (3): 524/638 kB | 98/147 kB | 119/205 kB
Progress (3): 528/638 kB | 98/147 kB | 119/205 kB
Progress (3): 532/638 kB | 98/147 kB | 119/205 kB
Progress (3): 536/638 kB | 98/147 kB | 119/205 kB
Progress (3): 540/638 kB | 98/147 kB | 119/205 kB
Progress (3): 544/638 kB | 98/147 kB | 119/205 kB
Progress (3): 549/638 kB | 98/147 kB | 119/205 kB
Progress (3): 553/638 kB | 98/147 kB | 119/205 kB
Progress (3): 557/638 kB | 98/147 kB | 119/205 kB
Progress (3): 561/638 kB | 98/147 kB | 119/205 kB
Progress (3): 565/638 kB | 98/147 kB | 119/205 kB
Progress (3): 569/638 kB | 98/147 kB | 119/205 kB
Progress (3): 573/638 kB | 98/147 kB | 119/205 kB
Progress (3): 577/638 kB | 98/147 kB | 119/205 kB
Progress (3): 581/638 kB | 98/147 kB | 119/205 kB
Progress (3): 585/638 kB | 98/147 kB | 119/205 kB
Progress (3): 590/638 kB | 98/147 kB | 119/205 kB
Progress (3): 594/638 kB | 98/147 kB | 119/205 kB
Progress (3): 598/638 kB | 98/147 kB | 119/205 kB
Progress (3): 602/638 kB | 98/147 kB | 119/205 kB
Progress (3): 606/638 kB | 98/147 kB | 119/205 kB
Progress (3): 610/638 kB | 98/147 kB | 119/205 kB
Progress (3): 614/638 kB | 98/147 kB | 119/205 kB
Progress (3): 618/638 kB | 98/147 kB | 119/205 kB
                                                 
Downloading from central: https://repo.maven.apache.org/maven2/javax/annotation/jsr250-api/1.0/jsr250-api-1.0.jar
Progress (3): 618/638 kB | 102/147 kB | 119/205 kB
Progress (3): 618/638 kB | 106/147 kB | 119/205 kB
Progress (3): 618/638 kB | 111/147 kB | 119/205 kB
Progress (3): 618/638 kB | 115/147 kB | 119/205 kB
Progress (3): 618/638 kB | 119/147 kB | 119/205 kB
Progress (4): 618/638 kB | 119/147 kB | 119/205 kB | 4.1/45 kB
Progress (4): 618/638 kB | 119/147 kB | 119/205 kB | 8.2/45 kB
Progress (4): 618/638 kB | 119/147 kB | 119/205 kB | 12/45 kB 
Progress (4): 618/638 kB | 119/147 kB | 119/205 kB | 16/45 kB
Progress (4): 618/638 kB | 119/147 kB | 119/205 kB | 20/45 kB
Progress (4): 618/638 kB | 119/147 kB | 119/205 kB | 25/45 kB
Progress (4): 618/638 kB | 119/147 kB | 119/205 kB | 29/45 kB
Progress (4): 618/638 kB | 119/147 kB | 119/205 kB | 33/45 kB
Progress (4): 618/638 kB | 119/147 kB | 119/205 kB | 37/45 kB
Progress (4): 618/638 kB | 119/147 kB | 123/205 kB | 37/45 kB
Progress (4): 618/638 kB | 119/147 kB | 127/205 kB | 37/45 kB
Progress (4): 618/638 kB | 119/147 kB | 131/205 kB | 37/45 kB
Progress (4): 618/638 kB | 119/147 kB | 135/205 kB | 37/45 kB
Progress (4): 618/638 kB | 119/147 kB | 139/205 kB | 37/45 kB
Progress (4): 618/638 kB | 119/147 kB | 143/205 kB | 37/45 kB
Progress (4): 618/638 kB | 119/147 kB | 147/205 kB | 37/45 kB
Progress (4): 618/638 kB | 119/147 kB | 152/205 kB | 37/45 kB
Progress (4): 618/638 kB | 119/147 kB | 156/205 kB | 37/45 kB
Progress (4): 618/638 kB | 119/147 kB | 160/205 kB | 37/45 kB
Progress (4): 618/638 kB | 119/147 kB | 164/205 kB | 37/45 kB
Progress (4): 618/638 kB | 119/147 kB | 168/205 kB | 37/45 kB
Progress (4): 618/638 kB | 119/147 kB | 172/205 kB | 37/45 kB
Progress (4): 618/638 kB | 119/147 kB | 176/205 kB | 37/45 kB
Progress (4): 618/638 kB | 119/147 kB | 180/205 kB | 37/45 kB
Progress (4): 618/638 kB | 119/147 kB | 184/205 kB | 37/45 kB
Progress (4): 618/638 kB | 119/147 kB | 188/205 kB | 37/45 kB
Progress (4): 618/638 kB | 119/147 kB | 193/205 kB | 37/45 kB
Progress (4): 618/638 kB | 119/147 kB | 197/205 kB | 37/45 kB
Progress (4): 618/638 kB | 119/147 kB | 201/205 kB | 37/45 kB
Progress (4): 618/638 kB | 119/147 kB | 205/205 kB | 37/45 kB
Progress (4): 618/638 kB | 119/147 kB | 205 kB | 37/45 kB    
Progress (4): 618/638 kB | 123/147 kB | 205 kB | 37/45 kB
Progress (4): 618/638 kB | 127/147 kB | 205 kB | 37/45 kB
Progress (5): 618/638 kB | 127/147 kB | 205 kB | 37/45 kB | 4.1/5.8 kB
Progress (5): 618/638 kB | 127/147 kB | 205 kB | 37/45 kB | 5.8 kB    
Progress (5): 618/638 kB | 131/147 kB | 205 kB | 37/45 kB | 5.8 kB
Progress (5): 618/638 kB | 135/147 kB | 205 kB | 37/45 kB | 5.8 kB
Progress (5): 618/638 kB | 139/147 kB | 205 kB | 37/45 kB | 5.8 kB
Progress (5): 618/638 kB | 143/147 kB | 205 kB | 37/45 kB | 5.8 kB
Progress (5): 618/638 kB | 147 kB | 205 kB | 37/45 kB | 5.8 kB    
Progress (5): 618/638 kB | 147 kB | 205 kB | 41/45 kB | 5.8 kB
Progress (5): 618/638 kB | 147 kB | 205 kB | 45 kB | 5.8 kB   
                                                           
Downloaded from central: https://repo.maven.apache.org/maven2/javax/annotation/jsr250-api/1.0/jsr250-api-1.0.jar (5.8 kB at 28 kB/s)
Downloading from central: https://repo.maven.apache.org/maven2/org/eclipse/sisu/org.eclipse.sisu.inject/0.3.2/org.eclipse.sisu.inject-0.3.2.jar
Progress (4): 622/638 kB | 147 kB | 205 kB | 45 kB
Progress (4): 626/638 kB | 147 kB | 205 kB | 45 kB
Progress (4): 631/638 kB | 147 kB | 205 kB | 45 kB
Progress (4): 635/638 kB | 147 kB | 205 kB | 45 kB
Progress (4): 638 kB | 147 kB | 205 kB | 45 kB    
                                              
Downloaded from central: https://repo.maven.apache.org/maven2/org/eclipse/aether/aether-util/1.0.2.v20150114/aether-util-1.0.2.v20150114.jar (147 kB at 696 kB/s)
Progress (4): 638 kB | 205 kB | 45 kB | 4.1/378 kB
Progress (4): 638 kB | 205 kB | 45 kB | 8.2/378 kB
Progress (4): 638 kB | 205 kB | 45 kB | 12/378 kB 
Progress (4): 638 kB | 205 kB | 45 kB | 16/378 kB
Progress (4): 638 kB | 205 kB | 45 kB | 20/378 kB
Progress (4): 638 kB | 205 kB | 45 kB | 25/378 kB
Progress (4): 638 kB | 205 kB | 45 kB | 29/378 kB
Progress (4): 638 kB | 205 kB | 45 kB | 33/378 kB
Progress (4): 638 kB | 205 kB | 45 kB | 37/378 kB
Progress (4): 638 kB | 205 kB | 45 kB | 41/378 kB
Progress (4): 638 kB | 205 kB | 45 kB | 45/378 kB
Progress (4): 638 kB | 205 kB | 45 kB | 49/378 kB
Progress (4): 638 kB | 205 kB | 45 kB | 53/378 kB
Progress (4): 638 kB | 205 kB | 45 kB | 57/378 kB
Progress (4): 638 kB | 205 kB | 45 kB | 61/378 kB
Progress (4): 638 kB | 205 kB | 45 kB | 66/378 kB
Progress (4): 638 kB | 205 kB | 45 kB | 70/378 kB
Progress (4): 638 kB | 205 kB | 45 kB | 74/378 kB
Progress (4): 638 kB | 205 kB | 45 kB | 78/378 kB
Progress (4): 638 kB | 205 kB | 45 kB | 82/378 kB
Progress (4): 638 kB | 205 kB | 45 kB | 86/378 kB
Progress (4): 638 kB | 205 kB | 45 kB | 90/378 kB
Progress (4): 638 kB | 205 kB | 45 kB | 94/378 kB
Progress (4): 638 kB | 205 kB | 45 kB | 98/378 kB
                                                 
Downloaded from central: https://repo.maven.apache.org/maven2/javax/enterprise/cdi-api/1.0/cdi-api-1.0.jar (45 kB at 209 kB/s)
Downloading from central: https://repo.maven.apache.org/maven2/com/google/inject/guice/4.0/guice-4.0-no_aop.jar
Downloading from central: https://repo.maven.apache.org/maven2/javax/inject/javax.inject/1/javax.inject-1.jar
Progress (4): 638 kB | 205 kB | 98/378 kB | 4.1/424 kB
Progress (4): 638 kB | 205 kB | 98/378 kB | 8.2/424 kB
Progress (4): 638 kB | 205 kB | 98/378 kB | 12/424 kB 
Progress (4): 638 kB | 205 kB | 98/378 kB | 16/424 kB
Progress (4): 638 kB | 205 kB | 98/378 kB | 20/424 kB
Progress (4): 638 kB | 205 kB | 98/378 kB | 25/424 kB
Progress (4): 638 kB | 205 kB | 98/378 kB | 29/424 kB
Progress (4): 638 kB | 205 kB | 98/378 kB | 33/424 kB
Progress (4): 638 kB | 205 kB | 98/378 kB | 37/424 kB
Progress (4): 638 kB | 205 kB | 98/378 kB | 41/424 kB
Progress (4): 638 kB | 205 kB | 98/378 kB | 45/424 kB
Progress (4): 638 kB | 205 kB | 98/378 kB | 49/424 kB
Progress (4): 638 kB | 205 kB | 98/378 kB | 53/424 kB
Progress (4): 638 kB | 205 kB | 98/378 kB | 57/424 kB
Progress (4): 638 kB | 205 kB | 98/378 kB | 61/424 kB
                                                     
Downloaded from central: https://repo.maven.apache.org/maven2/org/eclipse/sisu/org.eclipse.sisu.plexus/0.3.2/org.eclipse.sisu.plexus-0.3.2.jar (205 kB at 901 kB/s)
Downloaded from central: https://repo.maven.apache.org/maven2/org/apache/maven/maven-core/3.3.9/maven-core-3.3.9.jar (638 kB at 2.8 MB/s)
Downloading from central: https://repo.maven.apache.org/maven2/aopalliance/aopalliance/1.0/aopalliance-1.0.jar
Downloading from central: https://repo.maven.apache.org/maven2/org/codehaus/plexus/plexus-classworlds/2.5.2/plexus-classworlds-2.5.2.jar
Progress (2): 98/378 kB | 66/424 kB
Progress (2): 98/378 kB | 70/424 kB
Progress (2): 98/378 kB | 74/424 kB
Progress (2): 98/378 kB | 78/424 kB
Progress (2): 102/378 kB | 78/424 kB
Progress (3): 102/378 kB | 78/424 kB | 2.5 kB
Progress (4): 102/378 kB | 78/424 kB | 2.5 kB | 4.1/4.5 kB
Progress (4): 102/378 kB | 78/424 kB | 2.5 kB | 4.5 kB    
Progress (5): 102/378 kB | 78/424 kB | 2.5 kB | 4.5 kB | 4.1/53 kB
Progress (5): 102/378 kB | 78/424 kB | 2.5 kB | 4.5 kB | 8.2/53 kB
Progress (5): 102/378 kB | 78/424 kB | 2.5 kB | 4.5 kB | 12/53 kB 
Progress (5): 102/378 kB | 78/424 kB | 2.5 kB | 4.5 kB | 16/53 kB
                                                                 
Downloaded from central: https://repo.maven.apache.org/maven2/javax/inject/javax.inject/1/javax.inject-1.jar (2.5 kB at 11 kB/s)
Downloading from central: https://repo.maven.apache.org/maven2/org/codehaus/plexus/plexus-component-annotations/1.6/plexus-component-annotations-1.6.jar
Progress (4): 102/378 kB | 78/424 kB | 4.5 kB | 20/53 kB
Progress (4): 102/378 kB | 78/424 kB | 4.5 kB | 25/53 kB
Progress (4): 102/378 kB | 78/424 kB | 4.5 kB | 29/53 kB
Progress (4): 102/378 kB | 78/424 kB | 4.5 kB | 33/53 kB
Progress (4): 102/378 kB | 78/424 kB | 4.5 kB | 37/53 kB
                                                        
Downloaded from central: https://repo.maven.apache.org/maven2/aopalliance/aopalliance/1.0/aopalliance-1.0.jar (4.5 kB at 19 kB/s)
Progress (4): 102/378 kB | 78/424 kB | 37/53 kB | 4.1/4.3 kB
Progress (4): 102/378 kB | 78/424 kB | 37/53 kB | 4.3 kB    
                                                        
Downloading from central: https://repo.maven.apache.org/maven2/org/apache/maven/maven-model/3.3.9/maven-model-3.3.9.jar
Progress (4): 106/378 kB | 78/424 kB | 37/53 kB | 4.3 kB
Progress (4): 111/378 kB | 78/424 kB | 37/53 kB | 4.3 kB
Progress (4): 115/378 kB | 78/424 kB | 37/53 kB | 4.3 kB
Progress (4): 119/378 kB | 78/424 kB | 37/53 kB | 4.3 kB
Progress (4): 123/378 kB | 78/424 kB | 37/53 kB | 4.3 kB
Progress (4): 127/378 kB | 78/424 kB | 37/53 kB | 4.3 kB
Progress (4): 131/378 kB | 78/424 kB | 37/53 kB | 4.3 kB
Progress (4): 135/378 kB | 78/424 kB | 37/53 kB | 4.3 kB
Progress (4): 139/378 kB | 78/424 kB | 37/53 kB | 4.3 kB
Progress (4): 143/378 kB | 78/424 kB | 37/53 kB | 4.3 kB
Progress (4): 147/378 kB | 78/424 kB | 37/53 kB | 4.3 kB
Progress (4): 152/378 kB | 78/424 kB | 37/53 kB | 4.3 kB
Progress (4): 156/378 kB | 78/424 kB | 37/53 kB | 4.3 kB
Progress (4): 160/378 kB | 78/424 kB | 37/53 kB | 4.3 kB
Progress (4): 164/378 kB | 78/424 kB | 37/53 kB | 4.3 kB
Progress (4): 168/378 kB | 78/424 kB | 37/53 kB | 4.3 kB
Progress (4): 172/378 kB | 78/424 kB | 37/53 kB | 4.3 kB
Progress (4): 176/378 kB | 78/424 kB | 37/53 kB | 4.3 kB
Progress (4): 180/378 kB | 78/424 kB | 37/53 kB | 4.3 kB
Progress (4): 180/378 kB | 82/424 kB | 37/53 kB | 4.3 kB
Progress (4): 180/378 kB | 86/424 kB | 37/53 kB | 4.3 kB
Progress (4): 180/378 kB | 90/424 kB | 37/53 kB | 4.3 kB
Progress (4): 180/378 kB | 94/424 kB | 37/53 kB | 4.3 kB
Progress (4): 180/378 kB | 98/424 kB | 37/53 kB | 4.3 kB
Progress (4): 180/378 kB | 102/424 kB | 37/53 kB | 4.3 kB
Progress (4): 180/378 kB | 106/424 kB | 37/53 kB | 4.3 kB
Progress (4): 180/378 kB | 111/424 kB | 37/53 kB | 4.3 kB
Progress (4): 180/378 kB | 115/424 kB | 37/53 kB | 4.3 kB
Progress (4): 180/378 kB | 119/424 kB | 37/53 kB | 4.3 kB
Progress (4): 180/378 kB | 123/424 kB | 37/53 kB | 4.3 kB
Progress (4): 180/378 kB | 127/424 kB | 37/53 kB | 4.3 kB
Progress (4): 180/378 kB | 131/424 kB | 37/53 kB | 4.3 kB
Progress (4): 180/378 kB | 135/424 kB | 37/53 kB | 4.3 kB
Progress (4): 180/378 kB | 139/424 kB | 37/53 kB | 4.3 kB
Progress (4): 180/378 kB | 143/424 kB | 37/53 kB | 4.3 kB
Progress (4): 180/378 kB | 147/424 kB | 37/53 kB | 4.3 kB
Progress (4): 180/378 kB | 152/424 kB | 37/53 kB | 4.3 kB
Progress (4): 180/378 kB | 156/424 kB | 37/53 kB | 4.3 kB
Progress (4): 180/378 kB | 160/424 kB | 37/53 kB | 4.3 kB
Progress (4): 180/378 kB | 164/424 kB | 37/53 kB | 4.3 kB
Progress (4): 180/378 kB | 168/424 kB | 37/53 kB | 4.3 kB
Progress (4): 180/378 kB | 172/424 kB | 37/53 kB | 4.3 kB
Progress (4): 180/378 kB | 176/424 kB | 37/53 kB | 4.3 kB
Progress (4): 180/378 kB | 180/424 kB | 37/53 kB | 4.3 kB
Progress (4): 180/378 kB | 184/424 kB | 37/53 kB | 4.3 kB
Progress (4): 180/378 kB | 188/424 kB | 37/53 kB | 4.3 kB
Progress (4): 180/378 kB | 193/424 kB | 37/53 kB | 4.3 kB
Progress (4): 180/378 kB | 197/424 kB | 37/53 kB | 4.3 kB
Progress (5): 180/378 kB | 197/424 kB | 37/53 kB | 4.3 kB | 4.1/164 kB
Progress (5): 180/378 kB | 197/424 kB | 37/53 kB | 4.3 kB | 8.2/164 kB
Progress (5): 180/378 kB | 197/424 kB | 37/53 kB | 4.3 kB | 12/164 kB 
Progress (5): 180/378 kB | 197/424 kB | 37/53 kB | 4.3 kB | 16/164 kB
Progress (5): 180/378 kB | 197/424 kB | 37/53 kB | 4.3 kB | 20/164 kB
Progress (5): 180/378 kB | 197/424 kB | 37/53 kB | 4.3 kB | 25/164 kB
Progress (5): 180/378 kB | 197/424 kB | 37/53 kB | 4.3 kB | 29/164 kB
Progress (5): 180/378 kB | 197/424 kB | 37/53 kB | 4.3 kB | 33/164 kB
Progress (5): 180/378 kB | 197/424 kB | 37/53 kB | 4.3 kB | 37/164 kB
Progress (5): 180/378 kB | 197/424 kB | 37/53 kB | 4.3 kB | 41/164 kB
Progress (5): 180/378 kB | 197/424 kB | 37/53 kB | 4.3 kB | 45/164 kB
Progress (5): 180/378 kB | 197/424 kB | 37/53 kB | 4.3 kB | 49/164 kB
Progress (5): 180/378 kB | 197/424 kB | 37/53 kB | 4.3 kB | 53/164 kB
Progress (5): 180/378 kB | 197/424 kB | 37/53 kB | 4.3 kB | 57/164 kB
Progress (5): 180/378 kB | 197/424 kB | 37/53 kB | 4.3 kB | 61/164 kB
Progress (5): 180/378 kB | 197/424 kB | 37/53 kB | 4.3 kB | 66/164 kB
Progress (5): 180/378 kB | 197/424 kB | 37/53 kB | 4.3 kB | 70/164 kB
Progress (5): 180/378 kB | 197/424 kB | 37/53 kB | 4.3 kB | 74/164 kB
Progress (5): 180/378 kB | 197/424 kB | 37/53 kB | 4.3 kB | 78/164 kB
Progress (5): 180/378 kB | 197/424 kB | 37/53 kB | 4.3 kB | 82/164 kB
Progress (5): 180/378 kB | 197/424 kB | 37/53 kB | 4.3 kB | 86/164 kB
Progress (5): 180/378 kB | 197/424 kB | 37/53 kB | 4.3 kB | 90/164 kB
Progress (5): 180/378 kB | 197/424 kB | 37/53 kB | 4.3 kB | 94/164 kB
Progress (5): 180/378 kB | 197/424 kB | 41/53 kB | 4.3 kB | 94/164 kB
Progress (5): 180/378 kB | 197/424 kB | 45/53 kB | 4.3 kB | 94/164 kB
Progress (5): 180/378 kB | 197/424 kB | 49/53 kB | 4.3 kB | 94/164 kB
Progress (5): 180/378 kB | 197/424 kB | 53 kB | 4.3 kB | 94/164 kB   
                                                                  
Downloaded from central: https://repo.maven.apache.org/maven2/org/codehaus/plexus/plexus-component-annotations/1.6/plexus-component-annotations-1.6.jar (4.3 kB at 17 kB/s)
Downloading from central: https://repo.maven.apache.org/maven2/org/apache/maven/maven-plugin-api/3.3.9/maven-plugin-api-3.3.9.jar
Progress (4): 184/378 kB | 197/424 kB | 53 kB | 94/164 kB
Progress (4): 188/378 kB | 197/424 kB | 53 kB | 94/164 kB
Progress (4): 193/378 kB | 197/424 kB | 53 kB | 94/164 kB
Progress (4): 197/378 kB | 197/424 kB | 53 kB | 94/164 kB
                                                         
Downloaded from central: https://repo.maven.apache.org/maven2/org/codehaus/plexus/plexus-classworlds/2.5.2/plexus-classworlds-2.5.2.jar (53 kB at 203 kB/s)
Downloading from central: https://repo.maven.apache.org/maven2/org/apache/maven/maven-settings/3.3.9/maven-settings-3.3.9.jar
Progress (4): 197/378 kB | 197/424 kB | 94/164 kB | 4.1/47 kB
Progress (4): 197/378 kB | 197/424 kB | 94/164 kB | 8.2/47 kB
Progress (4): 197/378 kB | 197/424 kB | 94/164 kB | 12/47 kB 
Progress (4): 197/378 kB | 197/424 kB | 94/164 kB | 16/47 kB
Progress (4): 197/378 kB | 197/424 kB | 94/164 kB | 20/47 kB
Progress (4): 197/378 kB | 197/424 kB | 94/164 kB | 25/47 kB
Progress (4): 197/378 kB | 197/424 kB | 94/164 kB | 29/47 kB
Progress (4): 197/378 kB | 197/424 kB | 94/164 kB | 33/47 kB
Progress (4): 197/378 kB | 197/424 kB | 94/164 kB | 37/47 kB
Progress (4): 197/378 kB | 197/424 kB | 94/164 kB | 41/47 kB
Progress (4): 197/378 kB | 197/424 kB | 94/164 kB | 45/47 kB
Progress (4): 197/378 kB | 197/424 kB | 94/164 kB | 47 kB   
Progress (4): 201/378 kB | 197/424 kB | 94/164 kB | 47 kB
Progress (4): 205/378 kB | 197/424 kB | 94/164 kB | 47 kB
Progress (4): 209/378 kB | 197/424 kB | 94/164 kB | 47 kB
Progress (4): 213/378 kB | 197/424 kB | 94/164 kB | 47 kB
Progress (4): 217/378 kB | 197/424 kB | 94/164 kB | 47 kB
Progress (4): 221/378 kB | 197/424 kB | 94/164 kB | 47 kB
Progress (4): 225/378 kB | 197/424 kB | 94/164 kB | 47 kB
Progress (4): 229/378 kB | 197/424 kB | 94/164 kB | 47 kB
Progress (4): 233/378 kB | 197/424 kB | 94/164 kB | 47 kB
Progress (4): 233/378 kB | 201/424 kB | 94/164 kB | 47 kB
Progress (4): 233/378 kB | 205/424 kB | 94/164 kB | 47 kB
Progress (4): 233/378 kB | 209/424 kB | 94/164 kB | 47 kB
Progress (4): 233/378 kB | 213/424 kB | 94/164 kB | 47 kB
Progress (4): 233/378 kB | 217/424 kB | 94/164 kB | 47 kB
Progress (4): 233/378 kB | 221/424 kB | 94/164 kB | 47 kB
Progress (4): 233/378 kB | 225/424 kB | 94/164 kB | 47 kB
Progress (4): 233/378 kB | 229/424 kB | 94/164 kB | 47 kB
Progress (4): 233/378 kB | 233/424 kB | 94/164 kB | 47 kB
Progress (4): 233/378 kB | 238/424 kB | 94/164 kB | 47 kB
Progress (4): 233/378 kB | 242/424 kB | 94/164 kB | 47 kB
Progress (4): 233/378 kB | 246/424 kB | 94/164 kB | 47 kB
Progress (4): 233/378 kB | 250/424 kB | 94/164 kB | 47 kB
Progress (4): 233/378 kB | 254/424 kB | 94/164 kB | 47 kB
Progress (4): 233/378 kB | 258/424 kB | 94/164 kB | 47 kB
Progress (4): 233/378 kB | 262/424 kB | 94/164 kB | 47 kB
Progress (4): 233/378 kB | 266/424 kB | 94/164 kB | 47 kB
Progress (4): 233/378 kB | 270/424 kB | 94/164 kB | 47 kB
Progress (4): 233/378 kB | 274/424 kB | 94/164 kB | 47 kB
Progress (4): 233/378 kB | 279/424 kB | 94/164 kB | 47 kB
Progress (4): 233/378 kB | 283/424 kB | 94/164 kB | 47 kB
Progress (4): 233/378 kB | 287/424 kB | 94/164 kB | 47 kB
Progress (5): 233/378 kB | 287/424 kB | 94/164 kB | 47 kB | 4.1/44 kB
Progress (5): 233/378 kB | 287/424 kB | 94/164 kB | 47 kB | 8.2/44 kB
Progress (5): 233/378 kB | 287/424 kB | 94/164 kB | 47 kB | 12/44 kB 
Progress (5): 233/378 kB | 287/424 kB | 94/164 kB | 47 kB | 16/44 kB
Progress (5): 233/378 kB | 287/424 kB | 94/164 kB | 47 kB | 20/44 kB
Progress (5): 233/378 kB | 287/424 kB | 94/164 kB | 47 kB | 25/44 kB
Progress (5): 233/378 kB | 287/424 kB | 94/164 kB | 47 kB | 29/44 kB
Progress (5): 233/378 kB | 287/424 kB | 94/164 kB | 47 kB | 33/44 kB
Progress (5): 233/378 kB | 287/424 kB | 94/164 kB | 47 kB | 37/44 kB
Progress (5): 233/378 kB | 287/424 kB | 94/164 kB | 47 kB | 41/44 kB
Progress (5): 233/378 kB | 287/424 kB | 94/164 kB | 47 kB | 44 kB   
                                                                 
Downloaded from central: https://repo.maven.apache.org/maven2/org/apache/maven/maven-plugin-api/3.3.9/maven-plugin-api-3.3.9.jar (47 kB at 174 kB/s)
Progress (4): 233/378 kB | 287/424 kB | 98/164 kB | 44 kB
Progress (4): 233/378 kB | 287/424 kB | 102/164 kB | 44 kB
Progress (4): 233/378 kB | 287/424 kB | 106/164 kB | 44 kB
Progress (4): 233/378 kB | 287/424 kB | 111/164 kB | 44 kB
Progress (4): 233/378 kB | 287/424 kB | 115/164 kB | 44 kB
Progress (4): 233/378 kB | 287/424 kB | 119/164 kB | 44 kB
Progress (4): 233/378 kB | 287/424 kB | 123/164 kB | 44 kB
Progress (4): 233/378 kB | 287/424 kB | 127/164 kB | 44 kB
Progress (4): 233/378 kB | 287/424 kB | 131/164 kB | 44 kB
Progress (4): 233/378 kB | 287/424 kB | 135/164 kB | 44 kB
Progress (4): 233/378 kB | 287/424 kB | 139/164 kB | 44 kB
Progress (4): 233/378 kB | 287/424 kB | 143/164 kB | 44 kB
                                                          
Downloading from central: https://repo.maven.apache.org/maven2/org/apache/maven/shared/maven-common-artifact-filters/3.0.1/maven-common-artifact-filters-3.0.1.jar
Progress (4): 238/378 kB | 287/424 kB | 143/164 kB | 44 kB
Progress (4): 242/378 kB | 287/424 kB | 143/164 kB | 44 kB
Progress (4): 246/378 kB | 287/424 kB | 143/164 kB | 44 kB
Progress (4): 250/378 kB | 287/424 kB | 143/164 kB | 44 kB
Progress (4): 254/378 kB | 287/424 kB | 143/164 kB | 44 kB
Progress (4): 258/378 kB | 287/424 kB | 143/164 kB | 44 kB
Progress (4): 262/378 kB | 287/424 kB | 143/164 kB | 44 kB
Progress (4): 266/378 kB | 287/424 kB | 143/164 kB | 44 kB
Progress (4): 270/378 kB | 287/424 kB | 143/164 kB | 44 kB
Progress (4): 274/378 kB | 287/424 kB | 143/164 kB | 44 kB
Progress (4): 279/378 kB | 287/424 kB | 143/164 kB | 44 kB
Progress (4): 283/378 kB | 287/424 kB | 143/164 kB | 44 kB
Progress (4): 287/378 kB | 287/424 kB | 143/164 kB | 44 kB
Progress (4): 291/378 kB | 287/424 kB | 143/164 kB | 44 kB
Progress (4): 295/378 kB | 287/424 kB | 143/164 kB | 44 kB
Progress (4): 299/378 kB | 287/424 kB | 143/164 kB | 44 kB
Progress (4): 303/378 kB | 287/424 kB | 143/164 kB | 44 kB
Progress (4): 307/378 kB | 287/424 kB | 143/164 kB | 44 kB
Progress (4): 311/378 kB | 287/424 kB | 143/164 kB | 44 kB
Progress (4): 315/378 kB | 287/424 kB | 143/164 kB | 44 kB
Progress (4): 319/378 kB | 287/424 kB | 143/164 kB | 44 kB
Progress (4): 324/378 kB | 287/424 kB | 143/164 kB | 44 kB
Progress (4): 328/378 kB | 287/424 kB | 143/164 kB | 44 kB
Progress (4): 332/378 kB | 287/424 kB | 143/164 kB | 44 kB
Progress (4): 336/378 kB | 287/424 kB | 143/164 kB | 44 kB
Progress (4): 340/378 kB | 287/424 kB | 143/164 kB | 44 kB
Progress (4): 344/378 kB | 287/424 kB | 143/164 kB | 44 kB
Progress (4): 348/378 kB | 287/424 kB | 143/164 kB | 44 kB
Progress (5): 348/378 kB | 287/424 kB | 143/164 kB | 44 kB | 4.1/61 kB
Progress (5): 348/378 kB | 287/424 kB | 143/164 kB | 44 kB | 8.2/61 kB
Progress (5): 348/378 kB | 287/424 kB | 143/164 kB | 44 kB | 12/61 kB 
Progress (5): 348/378 kB | 287/424 kB | 143/164 kB | 44 kB | 16/61 kB
Progress (5): 348/378 kB | 287/424 kB | 143/164 kB | 44 kB | 20/61 kB
Progress (5): 348/378 kB | 287/424 kB | 143/164 kB | 44 kB | 25/61 kB
Progress (5): 348/378 kB | 287/424 kB | 143/164 kB | 44 kB | 29/61 kB
Progress (5): 348/378 kB | 287/424 kB | 143/164 kB | 44 kB | 33/61 kB
Progress (5): 348/378 kB | 287/424 kB | 143/164 kB | 44 kB | 37/61 kB
Progress (5): 348/378 kB | 287/424 kB | 143/164 kB | 44 kB | 41/61 kB
Progress (5): 348/378 kB | 287/424 kB | 143/164 kB | 44 kB | 45/61 kB
Progress (5): 348/378 kB | 287/424 kB | 143/164 kB | 44 kB | 49/61 kB
Progress (5): 348/378 kB | 287/424 kB | 143/164 kB | 44 kB | 53/61 kB
Progress (5): 348/378 kB | 287/424 kB | 143/164 kB | 44 kB | 57/61 kB
                                                                     
Downloaded from central: https://repo.maven.apache.org/maven2/org/apache/maven/maven-settings/3.3.9/maven-settings-3.3.9.jar (44 kB at 148 kB/s)
Downloading from central: https://repo.maven.apache.org/maven2/org/codehaus/plexus/plexus-archiver/3.6.0/plexus-archiver-3.6.0.jar
Progress (4): 348/378 kB | 291/424 kB | 143/164 kB | 57/61 kB
Progress (4): 348/378 kB | 291/424 kB | 147/164 kB | 57/61 kB
Progress (4): 348/378 kB | 291/424 kB | 152/164 kB | 57/61 kB
Progress (4): 348/378 kB | 291/424 kB | 156/164 kB | 57/61 kB
Progress (4): 348/378 kB | 291/424 kB | 160/164 kB | 57/61 kB
Progress (4): 348/378 kB | 291/424 kB | 164/164 kB | 57/61 kB
Progress (4): 348/378 kB | 291/424 kB | 164 kB | 57/61 kB    
Progress (4): 348/378 kB | 295/424 kB | 164 kB | 57/61 kB
Progress (4): 348/378 kB | 299/424 kB | 164 kB | 57/61 kB
Progress (4): 348/378 kB | 303/424 kB | 164 kB | 57/61 kB
Progress (4): 348/378 kB | 307/424 kB | 164 kB | 57/61 kB
Progress (5): 348/378 kB | 307/424 kB | 164 kB | 57/61 kB | 4.1/191 kB
Progress (5): 348/378 kB | 307/424 kB | 164 kB | 57/61 kB | 8.2/191 kB
Progress (5): 348/378 kB | 307/424 kB | 164 kB | 57/61 kB | 12/191 kB 
Progress (5): 348/378 kB | 307/424 kB | 164 kB | 57/61 kB | 16/191 kB
Progress (5): 348/378 kB | 307/424 kB | 164 kB | 57/61 kB | 20/191 kB
Progress (5): 348/378 kB | 307/424 kB | 164 kB | 57/61 kB | 25/191 kB
Progress (5): 348/378 kB | 307/424 kB | 164 kB | 57/61 kB | 29/191 kB
Progress (5): 348/378 kB | 307/424 kB | 164 kB | 57/61 kB | 33/191 kB
Progress (5): 348/378 kB | 307/424 kB | 164 kB | 57/61 kB | 37/191 kB
Progress (5): 348/378 kB | 307/424 kB | 164 kB | 57/61 kB | 41/191 kB
Progress (5): 348/378 kB | 307/424 kB | 164 kB | 57/61 kB | 45/191 kB
Progress (5): 348/378 kB | 307/424 kB | 164 kB | 57/61 kB | 49/191 kB
Progress (5): 348/378 kB | 307/424 kB | 164 kB | 61/61 kB | 49/191 kB
Progress (5): 348/378 kB | 307/424 kB | 164 kB | 61 kB | 49/191 kB   
Progress (5): 348/378 kB | 311/424 kB | 164 kB | 61 kB | 49/191 kB
Progress (5): 348/378 kB | 315/424 kB | 164 kB | 61 kB | 49/191 kB
                                                                  
Downloaded from central: https://repo.maven.apache.org/maven2/org/apache/maven/maven-model/3.3.9/maven-model-3.3.9.jar (164 kB at 531 kB/s)
Downloading from central: https://repo.maven.apache.org/maven2/org/codehaus/plexus/plexus-io/3.0.1/plexus-io-3.0.1.jar
Progress (4): 348/378 kB | 319/424 kB | 61 kB | 49/191 kB
Progress (4): 348/378 kB | 324/424 kB | 61 kB | 49/191 kB
Progress (4): 348/378 kB | 328/424 kB | 61 kB | 49/191 kB
Progress (4): 348/378 kB | 332/424 kB | 61 kB | 49/191 kB
Progress (4): 348/378 kB | 336/424 kB | 61 kB | 49/191 kB
                                                         
Downloaded from central: https://repo.maven.apache.org/maven2/org/apache/maven/shared/maven-common-artifact-filters/3.0.1/maven-common-artifact-filters-3.0.1.jar (61 kB at 197 kB/s)
Progress (3): 348/378 kB | 336/424 kB | 53/191 kB
Progress (3): 348/378 kB | 336/424 kB | 57/191 kB
Progress (3): 348/378 kB | 336/424 kB | 61/191 kB
Progress (3): 348/378 kB | 336/424 kB | 66/191 kB
Progress (3): 348/378 kB | 336/424 kB | 70/191 kB
Progress (4): 348/378 kB | 336/424 kB | 70/191 kB | 4.1/74 kB
Progress (4): 348/378 kB | 336/424 kB | 70/191 kB | 8.2/74 kB
Progress (4): 348/378 kB | 336/424 kB | 70/191 kB | 12/74 kB 
Progress (4): 348/378 kB | 336/424 kB | 70/191 kB | 16/74 kB
Progress (4): 348/378 kB | 336/424 kB | 70/191 kB | 20/74 kB
Progress (4): 348/378 kB | 336/424 kB | 70/191 kB | 25/74 kB
Progress (4): 348/378 kB | 336/424 kB | 70/191 kB | 29/74 kB
Progress (4): 348/378 kB | 336/424 kB | 70/191 kB | 33/74 kB
Progress (4): 348/378 kB | 336/424 kB | 74/191 kB | 33/74 kB
Progress (4): 348/378 kB | 336/424 kB | 78/191 kB | 33/74 kB
                                                            
Downloading from central: https://repo.maven.apache.org/maven2/org/apache/maven/plugins/maven-shade-plugin/3.2.1/maven-shade-plugin-3.2.1.jar
Progress (4): 352/378 kB | 336/424 kB | 78/191 kB | 33/74 kB
Progress (4): 356/378 kB | 336/424 kB | 78/191 kB | 33/74 kB
Progress (4): 360/378 kB | 336/424 kB | 78/191 kB | 33/74 kB
Progress (4): 365/378 kB | 336/424 kB | 78/191 kB | 33/74 kB
Progress (4): 369/378 kB | 336/424 kB | 78/191 kB | 33/74 kB
Progress (4): 373/378 kB | 336/424 kB | 78/191 kB | 33/74 kB
Progress (4): 377/378 kB | 336/424 kB | 78/191 kB | 33/74 kB
Progress (4): 378 kB | 336/424 kB | 78/191 kB | 33/74 kB    
Progress (4): 378 kB | 336/424 kB | 78/191 kB | 37/74 kB
Progress (4): 378 kB | 336/424 kB | 78/191 kB | 41/74 kB
Progress (4): 378 kB | 336/424 kB | 78/191 kB | 45/74 kB
Progress (4): 378 kB | 336/424 kB | 78/191 kB | 49/74 kB
Progress (4): 378 kB | 336/424 kB | 78/191 kB | 53/74 kB
Progress (4): 378 kB | 336/424 kB | 78/191 kB | 57/74 kB
Progress (4): 378 kB | 336/424 kB | 78/191 kB | 61/74 kB
Progress (4): 378 kB | 336/424 kB | 78/191 kB | 66/74 kB
Progress (4): 378 kB | 336/424 kB | 78/191 kB | 70/74 kB
Progress (4): 378 kB | 336/424 kB | 78/191 kB | 74/74 kB
Progress (4): 378 kB | 336/424 kB | 78/191 kB | 74 kB   
Progress (4): 378 kB | 340/424 kB | 78/191 kB | 74 kB
Progress (4): 378 kB | 344/424 kB | 78/191 kB | 74 kB
Progress (4): 378 kB | 348/424 kB | 78/191 kB | 74 kB
Progress (4): 378 kB | 352/424 kB | 78/191 kB | 74 kB
Progress (4): 378 kB | 356/424 kB | 78/191 kB | 74 kB
Progress (4): 378 kB | 360/424 kB | 78/191 kB | 74 kB
Progress (4): 378 kB | 365/424 kB | 78/191 kB | 74 kB
Progress (4): 378 kB | 369/424 kB | 78/191 kB | 74 kB
Progress (4): 378 kB | 373/424 kB | 78/191 kB | 74 kB
Progress (4): 378 kB | 377/424 kB | 78/191 kB | 74 kB
Progress (4): 378 kB | 381/424 kB | 78/191 kB | 74 kB
Progress (4): 378 kB | 385/424 kB | 78/191 kB | 74 kB
Progress (5): 378 kB | 385/424 kB | 78/191 kB | 74 kB | 4.1/114 kB
Progress (5): 378 kB | 385/424 kB | 78/191 kB | 74 kB | 8.2/114 kB
Progress (5): 378 kB | 385/424 kB | 78/191 kB | 74 kB | 12/114 kB 
Progress (5): 378 kB | 385/424 kB | 78/191 kB | 74 kB | 16/114 kB
Progress (5): 378 kB | 385/424 kB | 78/191 kB | 74 kB | 20/114 kB
Progress (5): 378 kB | 385/424 kB | 78/191 kB | 74 kB | 25/114 kB
Progress (5): 378 kB | 385/424 kB | 78/191 kB | 74 kB | 29/114 kB
Progress (5): 378 kB | 385/424 kB | 78/191 kB | 74 kB | 33/114 kB
Progress (5): 378 kB | 385/424 kB | 78/191 kB | 74 kB | 37/114 kB
Progress (5): 378 kB | 385/424 kB | 78/191 kB | 74 kB | 41/114 kB
Progress (5): 378 kB | 385/424 kB | 78/191 kB | 74 kB | 45/114 kB
                                                                 
Downloaded from central: https://repo.maven.apache.org/maven2/org/eclipse/sisu/org.eclipse.sisu.inject/0.3.2/org.eclipse.sisu.inject-0.3.2.jar (378 kB at 1.1 MB/s)
Progress (4): 385/424 kB | 82/191 kB | 74 kB | 45/114 kB
Progress (4): 385/424 kB | 86/191 kB | 74 kB | 45/114 kB
Progress (4): 385/424 kB | 90/191 kB | 74 kB | 45/114 kB
Progress (4): 385/424 kB | 94/191 kB | 74 kB | 45/114 kB
Progress (4): 385/424 kB | 98/191 kB | 74 kB | 45/114 kB
Progress (4): 385/424 kB | 102/191 kB | 74 kB | 45/114 kB
Progress (4): 385/424 kB | 106/191 kB | 74 kB | 45/114 kB
Progress (4): 385/424 kB | 111/191 kB | 74 kB | 45/114 kB
Progress (4): 385/424 kB | 115/191 kB | 74 kB | 45/114 kB
Progress (4): 385/424 kB | 119/191 kB | 74 kB | 45/114 kB
Progress (4): 385/424 kB | 123/191 kB | 74 kB | 45/114 kB
Progress (4): 385/424 kB | 127/191 kB | 74 kB | 45/114 kB
                                                         
Downloading from central: https://repo.maven.apache.org/maven2/org/apache/maven/shared/maven-artifact-transfer/0.10.0/maven-artifact-transfer-0.10.0.jar
Progress (4): 389/424 kB | 127/191 kB | 74 kB | 45/114 kB
Progress (4): 393/424 kB | 127/191 kB | 74 kB | 45/114 kB
Progress (4): 397/424 kB | 127/191 kB | 74 kB | 45/114 kB
Progress (4): 401/424 kB | 127/191 kB | 74 kB | 45/114 kB
Progress (4): 406/424 kB | 127/191 kB | 74 kB | 45/114 kB
Progress (4): 410/424 kB | 127/191 kB | 74 kB | 45/114 kB
Progress (4): 414/424 kB | 127/191 kB | 74 kB | 45/114 kB
Progress (4): 418/424 kB | 127/191 kB | 74 kB | 45/114 kB
Progress (4): 422/424 kB | 127/191 kB | 74 kB | 45/114 kB
Progress (4): 424 kB | 127/191 kB | 74 kB | 45/114 kB    
                                                     
Downloaded from central: https://repo.maven.apache.org/maven2/org/codehaus/plexus/plexus-io/3.0.1/plexus-io-3.0.1.jar (74 kB at 218 kB/s)
Progress (3): 424 kB | 127/191 kB | 49/114 kB
Progress (3): 424 kB | 127/191 kB | 53/114 kB
Progress (3): 424 kB | 127/191 kB | 57/114 kB
Progress (3): 424 kB | 127/191 kB | 61/114 kB
Progress (3): 424 kB | 127/191 kB | 66/114 kB
Progress (3): 424 kB | 127/191 kB | 70/114 kB
Progress (3): 424 kB | 127/191 kB | 74/114 kB
Progress (3): 424 kB | 127/191 kB | 78/114 kB
Progress (3): 424 kB | 127/191 kB | 82/114 kB
Progress (3): 424 kB | 127/191 kB | 86/114 kB
Progress (3): 424 kB | 127/191 kB | 90/114 kB
Progress (3): 424 kB | 127/191 kB | 94/114 kB
Progress (3): 424 kB | 127/191 kB | 98/114 kB
Progress (3): 424 kB | 127/191 kB | 102/114 kB
Progress (3): 424 kB | 127/191 kB | 106/114 kB
Progress (3): 424 kB | 127/191 kB | 111/114 kB
Progress (3): 424 kB | 127/191 kB | 114 kB    
Progress (4): 424 kB | 127/191 kB | 114 kB | 4.1/128 kB
Progress (4): 424 kB | 127/191 kB | 114 kB | 8.2/128 kB
Progress (4): 424 kB | 127/191 kB | 114 kB | 12/128 kB 
Progress (4): 424 kB | 127/191 kB | 114 kB | 16/128 kB
Progress (4): 424 kB | 127/191 kB | 114 kB | 20/128 kB
Progress (4): 424 kB | 131/191 kB | 114 kB | 20/128 kB
Progress (4): 424 kB | 135/191 kB | 114 kB | 20/128 kB
Progress (4): 424 kB | 139/191 kB | 114 kB | 20/128 kB
Progress (4): 424 kB | 143/191 kB | 114 kB | 20/128 kB
Progress (4): 424 kB | 147/191 kB | 114 kB | 20/128 kB
Progress (4): 424 kB | 152/191 kB | 114 kB | 20/128 kB
Progress (4): 424 kB | 156/191 kB | 114 kB | 20/128 kB
Progress (4): 424 kB | 160/191 kB | 114 kB | 20/128 kB
Progress (4): 424 kB | 164/191 kB | 114 kB | 20/128 kB
Progress (4): 424 kB | 168/191 kB | 114 kB | 20/128 kB
Progress (4): 424 kB | 172/191 kB | 114 kB | 20/128 kB
Progress (4): 424 kB | 176/191 kB | 114 kB | 20/128 kB
Progress (4): 424 kB | 180/191 kB | 114 kB | 20/128 kB
Progress (4): 424 kB | 184/191 kB | 114 kB | 20/128 kB
Progress (4): 424 kB | 188/191 kB | 114 kB | 20/128 kB
Progress (4): 424 kB | 191 kB | 114 kB | 20/128 kB    
Progress (4): 424 kB | 191 kB | 114 kB | 25/128 kB
Progress (4): 424 kB | 191 kB | 114 kB | 29/128 kB
Progress (4): 424 kB | 191 kB | 114 kB | 33/128 kB
Progress (4): 424 kB | 191 kB | 114 kB | 37/128 kB
Progress (4): 424 kB | 191 kB | 114 kB | 41/128 kB
Progress (4): 424 kB | 191 kB | 114 kB | 45/128 kB
Progress (4): 424 kB | 191 kB | 114 kB | 49/128 kB
Progress (4): 424 kB | 191 kB | 114 kB | 53/128 kB
                                                  
Downloaded from central: https://repo.maven.apache.org/maven2/com/google/inject/guice/4.0/guice-4.0-no_aop.jar (424 kB at 1.2 MB/s)
Downloading from central: https://repo.maven.apache.org/maven2/org/ow2/asm/asm/7.0/asm-7.0.jar
Downloading from central: https://repo.maven.apache.org/maven2/org/ow2/asm/asm-commons/7.0/asm-commons-7.0.jar
Progress (3): 191 kB | 114 kB | 57/128 kB
Progress (3): 191 kB | 114 kB | 61/128 kB
Progress (3): 191 kB | 114 kB | 66/128 kB
Progress (3): 191 kB | 114 kB | 70/128 kB
Progress (3): 191 kB | 114 kB | 74/128 kB
Progress (3): 191 kB | 114 kB | 78/128 kB
Progress (3): 191 kB | 114 kB | 82/128 kB
                                         
Downloaded from central: https://repo.maven.apache.org/maven2/org/codehaus/plexus/plexus-archiver/3.6.0/plexus-archiver-3.6.0.jar (191 kB at 531 kB/s)
Progress (3): 114 kB | 82/128 kB | 4.1/80 kB
Progress (3): 114 kB | 82/128 kB | 8.2/80 kB
Progress (3): 114 kB | 82/128 kB | 12/80 kB 
Progress (3): 114 kB | 82/128 kB | 16/80 kB
Progress (3): 114 kB | 82/128 kB | 20/80 kB
Progress (3): 114 kB | 82/128 kB | 25/80 kB
Progress (3): 114 kB | 82/128 kB | 29/80 kB
Progress (3): 114 kB | 82/128 kB | 33/80 kB
Progress (3): 114 kB | 82/128 kB | 37/80 kB
Progress (3): 114 kB | 82/128 kB | 41/80 kB
Progress (3): 114 kB | 82/128 kB | 45/80 kB
Progress (3): 114 kB | 82/128 kB | 49/80 kB
Progress (3): 114 kB | 82/128 kB | 53/80 kB
Progress (3): 114 kB | 82/128 kB | 57/80 kB
Progress (3): 114 kB | 82/128 kB | 61/80 kB
Progress (3): 114 kB | 82/128 kB | 66/80 kB
Progress (3): 114 kB | 82/128 kB | 70/80 kB
Progress (3): 114 kB | 82/128 kB | 74/80 kB
Progress (3): 114 kB | 82/128 kB | 78/80 kB
Progress (3): 114 kB | 82/128 kB | 80 kB   
Progress (4): 114 kB | 82/128 kB | 80 kB | 4.1/114 kB
Progress (4): 114 kB | 82/128 kB | 80 kB | 8.2/114 kB
Progress (4): 114 kB | 82/128 kB | 80 kB | 12/114 kB 
Progress (4): 114 kB | 82/128 kB | 80 kB | 16/114 kB
Progress (4): 114 kB | 82/128 kB | 80 kB | 20/114 kB
Progress (4): 114 kB | 82/128 kB | 80 kB | 25/114 kB
Progress (4): 114 kB | 82/128 kB | 80 kB | 29/114 kB
Progress (4): 114 kB | 82/128 kB | 80 kB | 33/114 kB
Progress (4): 114 kB | 82/128 kB | 80 kB | 37/114 kB
Progress (4): 114 kB | 82/128 kB | 80 kB | 41/114 kB
Progress (4): 114 kB | 82/128 kB | 80 kB | 45/114 kB
Progress (4): 114 kB | 82/128 kB | 80 kB | 49/114 kB
Progress (4): 114 kB | 82/128 kB | 80 kB | 53/114 kB
Progress (4): 114 kB | 82/128 kB | 80 kB | 57/114 kB
Progress (4): 114 kB | 82/128 kB | 80 kB | 61/114 kB
Progress (4): 114 kB | 82/128 kB | 80 kB | 66/114 kB
Progress (4): 114 kB | 82/128 kB | 80 kB | 70/114 kB
Progress (4): 114 kB | 82/128 kB | 80 kB | 74/114 kB
Progress (4): 114 kB | 82/128 kB | 80 kB | 78/114 kB
Progress (4): 114 kB | 82/128 kB | 80 kB | 82/114 kB
Progress (4): 114 kB | 82/128 kB | 80 kB | 86/114 kB
Progress (4): 114 kB | 82/128 kB | 80 kB | 90/114 kB
Progress (4): 114 kB | 82/128 kB | 80 kB | 94/114 kB
Progress (4): 114 kB | 82/128 kB | 80 kB | 98/114 kB
Progress (4): 114 kB | 82/128 kB | 80 kB | 102/114 kB
Progress (4): 114 kB | 82/128 kB | 80 kB | 106/114 kB
Progress (4): 114 kB | 82/128 kB | 80 kB | 111/114 kB
Progress (4): 114 kB | 82/128 kB | 80 kB | 114 kB    
                                                 
Downloaded from central: https://repo.maven.apache.org/maven2/org/apache/maven/plugins/maven-shade-plugin/3.2.1/maven-shade-plugin-3.2.1.jar (114 kB at 310 kB/s)
Downloading from central: https://repo.maven.apache.org/maven2/org/ow2/asm/asm-tree/7.0/asm-tree-7.0.jar
Downloading from central: https://repo.maven.apache.org/maven2/org/ow2/asm/asm-analysis/7.0/asm-analysis-7.0.jar
Progress (3): 86/128 kB | 80 kB | 114 kB
Progress (3): 90/128 kB | 80 kB | 114 kB
Progress (3): 94/128 kB | 80 kB | 114 kB
Progress (3): 98/128 kB | 80 kB | 114 kB
Progress (3): 102/128 kB | 80 kB | 114 kB
Progress (3): 106/128 kB | 80 kB | 114 kB
Progress (4): 106/128 kB | 80 kB | 114 kB | 4.1/50 kB
Progress (4): 106/128 kB | 80 kB | 114 kB | 8.2/50 kB
Progress (4): 106/128 kB | 80 kB | 114 kB | 12/50 kB 
Progress (4): 106/128 kB | 80 kB | 114 kB | 16/50 kB
Progress (4): 106/128 kB | 80 kB | 114 kB | 20/50 kB
Progress (4): 106/128 kB | 80 kB | 114 kB | 25/50 kB
Progress (4): 106/128 kB | 80 kB | 114 kB | 29/50 kB
Progress (4): 106/128 kB | 80 kB | 114 kB | 33/50 kB
Progress (4): 106/128 kB | 80 kB | 114 kB | 37/50 kB
Progress (4): 106/128 kB | 80 kB | 114 kB | 41/50 kB
Progress (4): 106/128 kB | 80 kB | 114 kB | 45/50 kB
Progress (4): 106/128 kB | 80 kB | 114 kB | 49/50 kB
Progress (4): 106/128 kB | 80 kB | 114 kB | 50 kB   
Progress (5): 106/128 kB | 80 kB | 114 kB | 50 kB | 4.1/33 kB
Progress (5): 106/128 kB | 80 kB | 114 kB | 50 kB | 8.2/33 kB
Progress (5): 106/128 kB | 80 kB | 114 kB | 50 kB | 12/33 kB 
Progress (5): 106/128 kB | 80 kB | 114 kB | 50 kB | 16/33 kB
Progress (5): 106/128 kB | 80 kB | 114 kB | 50 kB | 20/33 kB
Progress (5): 106/128 kB | 80 kB | 114 kB | 50 kB | 25/33 kB
Progress (5): 106/128 kB | 80 kB | 114 kB | 50 kB | 29/33 kB
Progress (5): 106/128 kB | 80 kB | 114 kB | 50 kB | 33/33 kB
Progress (5): 106/128 kB | 80 kB | 114 kB | 50 kB | 33 kB   
Progress (5): 111/128 kB | 80 kB | 114 kB | 50 kB | 33 kB
Progress (5): 115/128 kB | 80 kB | 114 kB | 50 kB | 33 kB
Progress (5): 119/128 kB | 80 kB | 114 kB | 50 kB | 33 kB
Progress (5): 123/128 kB | 80 kB | 114 kB | 50 kB | 33 kB
Progress (5): 127/128 kB | 80 kB | 114 kB | 50 kB | 33 kB
Progress (5): 128 kB | 80 kB | 114 kB | 50 kB | 33 kB    
                                                     
Downloaded from central: https://repo.maven.apache.org/maven2/org/ow2/asm/asm-commons/7.0/asm-commons-7.0.jar (80 kB at 209 kB/s)
Downloading from central: https://repo.maven.apache.org/maven2/org/jdom/jdom2/2.0.6/jdom2-2.0.6.jar
Downloaded from central: https://repo.maven.apache.org/maven2/org/ow2/asm/asm-analysis/7.0/asm-analysis-7.0.jar (33 kB at 87 kB/s)
Downloaded from central: https://repo.maven.apache.org/maven2/org/ow2/asm/asm/7.0/asm-7.0.jar (114 kB at 296 kB/s)
Downloading from central: https://repo.maven.apache.org/maven2/org/apache/maven/shared/maven-dependency-tree/3.0.1/maven-dependency-tree-3.0.1.jar
Downloaded from central: https://repo.maven.apache.org/maven2/org/ow2/asm/asm-tree/7.0/asm-tree-7.0.jar (50 kB at 131 kB/s)
Downloading from central: https://repo.maven.apache.org/maven2/org/vafer/jdependency/2.1.1/jdependency-2.1.1.jar
Downloaded from central: https://repo.maven.apache.org/maven2/org/apache/maven/shared/maven-artifact-transfer/0.10.0/maven-artifact-transfer-0.10.0.jar (128 kB at 331 kB/s)
Progress (1): 4.1/186 kB
Progress (1): 8.2/186 kB
Progress (1): 12/186 kB 
Progress (1): 16/186 kB
Progress (1): 20/186 kB
Progress (1): 25/186 kB
Progress (1): 29/186 kB
Progress (1): 33/186 kB
Progress (1): 36/186 kB
Progress (1): 40/186 kB
Progress (1): 44/186 kB
Progress (1): 48/186 kB
Progress (1): 52/186 kB
Progress (1): 56/186 kB
Progress (1): 61/186 kB
Progress (1): 65/186 kB
Progress (1): 69/186 kB
Progress (1): 73/186 kB
Progress (1): 77/186 kB
Progress (1): 81/186 kB
Progress (1): 85/186 kB
Progress (1): 89/186 kB
Progress (1): 93/186 kB
Progress (1): 97/186 kB
Progress (1): 102/186 kB
Progress (1): 106/186 kB
Progress (1): 110/186 kB
Progress (1): 114/186 kB
Progress (1): 118/186 kB
Progress (1): 122/186 kB
Progress (1): 126/186 kB
Progress (1): 130/186 kB
Progress (1): 134/186 kB
Progress (1): 138/186 kB
Progress (1): 143/186 kB
Progress (1): 147/186 kB
Progress (1): 151/186 kB
Progress (2): 151/186 kB | 4.1/305 kB
Progress (2): 151/186 kB | 8.2/305 kB
Progress (2): 151/186 kB | 12/305 kB 
Progress (2): 151/186 kB | 16/305 kB
Progress (2): 151/186 kB | 20/305 kB
Progress (2): 151/186 kB | 25/305 kB
Progress (2): 151/186 kB | 29/305 kB
Progress (2): 151/186 kB | 33/305 kB
Progress (2): 151/186 kB | 37/305 kB
Progress (2): 151/186 kB | 41/305 kB
Progress (2): 151/186 kB | 45/305 kB
Progress (2): 151/186 kB | 49/305 kB
Progress (2): 151/186 kB | 53/305 kB
Progress (2): 151/186 kB | 57/305 kB
Progress (2): 151/186 kB | 61/305 kB
Progress (2): 151/186 kB | 66/305 kB
Progress (2): 151/186 kB | 70/305 kB
Progress (2): 151/186 kB | 74/305 kB
Progress (2): 151/186 kB | 78/305 kB
Progress (2): 151/186 kB | 82/305 kB
Progress (2): 151/186 kB | 86/305 kB
Progress (2): 151/186 kB | 90/305 kB
Progress (2): 151/186 kB | 94/305 kB
Progress (2): 151/186 kB | 98/305 kB
Progress (2): 151/186 kB | 102/305 kB
Progress (2): 151/186 kB | 106/305 kB
Progress (2): 151/186 kB | 111/305 kB
Progress (2): 151/186 kB | 115/305 kB
Progress (2): 151/186 kB | 119/305 kB
Progress (2): 151/186 kB | 123/305 kB
Progress (2): 151/186 kB | 127/305 kB
Progress (2): 151/186 kB | 131/305 kB
Progress (2): 151/186 kB | 135/305 kB
                                     
Downloading from central: https://repo.maven.apache.org/maven2/org/ow2/asm/asm-util/7.0-beta/asm-util-7.0-beta.jar
Progress (3): 151/186 kB | 135/305 kB | 4.1/37 kB
Progress (3): 151/186 kB | 135/305 kB | 8.2/37 kB
Progress (3): 151/186 kB | 135/305 kB | 12/37 kB 
Progress (3): 151/186 kB | 135/305 kB | 16/37 kB
Progress (3): 151/186 kB | 135/305 kB | 20/37 kB
Progress (3): 151/186 kB | 135/305 kB | 25/37 kB
Progress (3): 151/186 kB | 135/305 kB | 29/37 kB
Progress (3): 151/186 kB | 135/305 kB | 33/37 kB
Progress (3): 151/186 kB | 135/305 kB | 37 kB   
                                             
Downloading from central: https://repo.maven.apache.org/maven2/com/google/guava/guava/19.0/guava-19.0.jar
Progress (4): 151/186 kB | 135/305 kB | 37 kB | 4.1/81 kB
Progress (4): 151/186 kB | 135/305 kB | 37 kB | 8.2/81 kB
Progress (4): 151/186 kB | 135/305 kB | 37 kB | 12/81 kB 
Progress (4): 151/186 kB | 135/305 kB | 37 kB | 16/81 kB
Progress (4): 151/186 kB | 135/305 kB | 37 kB | 20/81 kB
Progress (4): 151/186 kB | 135/305 kB | 37 kB | 25/81 kB
Progress (4): 151/186 kB | 135/305 kB | 37 kB | 29/81 kB
Progress (4): 151/186 kB | 135/305 kB | 37 kB | 33/81 kB
Progress (4): 151/186 kB | 135/305 kB | 37 kB | 37/81 kB
Progress (4): 151/186 kB | 135/305 kB | 37 kB | 41/81 kB
                                                        
Downloaded from central: https://repo.maven.apache.org/maven2/org/apache/maven/shared/maven-dependency-tree/3.0.1/maven-dependency-tree-3.0.1.jar (37 kB at 89 kB/s)
Progress (3): 151/186 kB | 135/305 kB | 45/81 kB
Progress (3): 151/186 kB | 135/305 kB | 49/81 kB
Progress (3): 151/186 kB | 135/305 kB | 53/81 kB
Progress (3): 151/186 kB | 135/305 kB | 57/81 kB
Progress (3): 151/186 kB | 135/305 kB | 61/81 kB
Progress (3): 151/186 kB | 135/305 kB | 66/81 kB
Progress (3): 151/186 kB | 135/305 kB | 70/81 kB
Progress (3): 155/186 kB | 135/305 kB | 70/81 kB
Progress (4): 155/186 kB | 135/305 kB | 70/81 kB | 0/2.3 MB
Progress (4): 155/186 kB | 135/305 kB | 70/81 kB | 0/2.3 MB
Progress (4): 155/186 kB | 135/305 kB | 70/81 kB | 0/2.3 MB
Progress (4): 155/186 kB | 135/305 kB | 70/81 kB | 0.1/2.3 MB
Progress (4): 155/186 kB | 135/305 kB | 70/81 kB | 0.1/2.3 MB
Progress (4): 155/186 kB | 135/305 kB | 70/81 kB | 0.1/2.3 MB
Progress (4): 155/186 kB | 135/305 kB | 70/81 kB | 0.1/2.3 MB
Progress (4): 155/186 kB | 135/305 kB | 70/81 kB | 0.1/2.3 MB
Progress (4): 155/186 kB | 139/305 kB | 70/81 kB | 0.1/2.3 MB
Progress (4): 155/186 kB | 143/305 kB | 70/81 kB | 0.1/2.3 MB
Progress (4): 155/186 kB | 147/305 kB | 70/81 kB | 0.1/2.3 MB
Progress (4): 155/186 kB | 152/305 kB | 70/81 kB | 0.1/2.3 MB
Progress (4): 155/186 kB | 156/305 kB | 70/81 kB | 0.1/2.3 MB
Progress (4): 155/186 kB | 160/305 kB | 70/81 kB | 0.1/2.3 MB
Progress (4): 155/186 kB | 164/305 kB | 70/81 kB | 0.1/2.3 MB
Progress (4): 155/186 kB | 168/305 kB | 70/81 kB | 0.1/2.3 MB
Progress (4): 155/186 kB | 172/305 kB | 70/81 kB | 0.1/2.3 MB
Progress (4): 155/186 kB | 176/305 kB | 70/81 kB | 0.1/2.3 MB
Progress (4): 155/186 kB | 180/305 kB | 70/81 kB | 0.1/2.3 MB
Progress (4): 155/186 kB | 184/305 kB | 70/81 kB | 0.1/2.3 MB
Progress (4): 155/186 kB | 188/305 kB | 70/81 kB | 0.1/2.3 MB
Progress (4): 155/186 kB | 193/305 kB | 70/81 kB | 0.1/2.3 MB
Progress (4): 155/186 kB | 197/305 kB | 70/81 kB | 0.1/2.3 MB
Progress (4): 155/186 kB | 201/305 kB | 70/81 kB | 0.1/2.3 MB
Progress (4): 155/186 kB | 205/305 kB | 70/81 kB | 0.1/2.3 MB
Progress (4): 155/186 kB | 209/305 kB | 70/81 kB | 0.1/2.3 MB
Progress (4): 155/186 kB | 213/305 kB | 70/81 kB | 0.1/2.3 MB
Progress (4): 155/186 kB | 213/305 kB | 74/81 kB | 0.1/2.3 MB
Progress (4): 159/186 kB | 213/305 kB | 74/81 kB | 0.1/2.3 MB
Progress (4): 163/186 kB | 213/305 kB | 74/81 kB | 0.1/2.3 MB
Progress (4): 167/186 kB | 213/305 kB | 74/81 kB | 0.1/2.3 MB
Progress (4): 171/186 kB | 213/305 kB | 74/81 kB | 0.1/2.3 MB
Progress (4): 175/186 kB | 213/305 kB | 74/81 kB | 0.1/2.3 MB
Progress (4): 179/186 kB | 213/305 kB | 74/81 kB | 0.1/2.3 MB
Progress (4): 183/186 kB | 213/305 kB | 74/81 kB | 0.1/2.3 MB
Progress (4): 186 kB | 213/305 kB | 74/81 kB | 0.1/2.3 MB    
Progress (4): 186 kB | 213/305 kB | 78/81 kB | 0.1/2.3 MB
Progress (4): 186 kB | 213/305 kB | 81 kB | 0.1/2.3 MB   
Progress (4): 186 kB | 213/305 kB | 81 kB | 0.1/2.3 MB
Progress (4): 186 kB | 213/305 kB | 81 kB | 0.2/2.3 MB
                                                      
Downloaded from central: https://repo.maven.apache.org/maven2/org/vafer/jdependency/2.1.1/jdependency-2.1.1.jar (186 kB at 427 kB/s)
Downloaded from central: https://repo.maven.apache.org/maven2/org/ow2/asm/asm-util/7.0-beta/asm-util-7.0-beta.jar (81 kB at 185 kB/s)
Progress (2): 213/305 kB | 0.2/2.3 MB
Progress (2): 213/305 kB | 0.2/2.3 MB
Progress (2): 213/305 kB | 0.2/2.3 MB
Progress (2): 213/305 kB | 0.2/2.3 MB
Progress (2): 213/305 kB | 0.2/2.3 MB
Progress (2): 213/305 kB | 0.3/2.3 MB
Progress (2): 217/305 kB | 0.3/2.3 MB
Progress (2): 221/305 kB | 0.3/2.3 MB
Progress (2): 225/305 kB | 0.3/2.3 MB
Progress (2): 229/305 kB | 0.3/2.3 MB
Progress (2): 233/305 kB | 0.3/2.3 MB
Progress (2): 238/305 kB | 0.3/2.3 MB
Progress (2): 242/305 kB | 0.3/2.3 MB
Progress (2): 246/305 kB | 0.3/2.3 MB
Progress (2): 250/305 kB | 0.3/2.3 MB
Progress (2): 254/305 kB | 0.3/2.3 MB
Progress (2): 258/305 kB | 0.3/2.3 MB
Progress (2): 262/305 kB | 0.3/2.3 MB
Progress (2): 266/305 kB | 0.3/2.3 MB
Progress (2): 266/305 kB | 0.3/2.3 MB
Progress (2): 266/305 kB | 0.3/2.3 MB
Progress (2): 266/305 kB | 0.3/2.3 MB
Progress (2): 266/305 kB | 0.3/2.3 MB
Progress (2): 266/305 kB | 0.3/2.3 MB
Progress (2): 266/305 kB | 0.4/2.3 MB
Progress (2): 266/305 kB | 0.4/2.3 MB
Progress (2): 266/305 kB | 0.4/2.3 MB
Progress (2): 266/305 kB | 0.4/2.3 MB
Progress (2): 266/305 kB | 0.4/2.3 MB
Progress (2): 266/305 kB | 0.4/2.3 MB
Progress (2): 270/305 kB | 0.4/2.3 MB
Progress (2): 274/305 kB | 0.4/2.3 MB
Progress (2): 279/305 kB | 0.4/2.3 MB
Progress (2): 283/305 kB | 0.4/2.3 MB
Progress (2): 287/305 kB | 0.4/2.3 MB
Progress (2): 291/305 kB | 0.4/2.3 MB
Progress (2): 295/305 kB | 0.4/2.3 MB
Progress (2): 299/305 kB | 0.4/2.3 MB
Progress (2): 303/305 kB | 0.4/2.3 MB
Progress (2): 305 kB | 0.4/2.3 MB    
Progress (2): 305 kB | 0.5/2.3 MB
Progress (2): 305 kB | 0.5/2.3 MB
Progress (2): 305 kB | 0.5/2.3 MB
Progress (2): 305 kB | 0.5/2.3 MB
Progress (2): 305 kB | 0.5/2.3 MB
                                 
Downloaded from central: https://repo.maven.apache.org/maven2/org/jdom/jdom2/2.0.6/jdom2-2.0.6.jar (305 kB at 653 kB/s)
Progress (1): 0.5/2.3 MB
Progress (1): 0.6/2.3 MB
Progress (1): 0.6/2.3 MB
Progress (1): 0.6/2.3 MB
Progress (1): 0.6/2.3 MB
Progress (1): 0.6/2.3 MB
Progress (1): 0.6/2.3 MB
Progress (1): 0.7/2.3 MB
Progress (1): 0.7/2.3 MB
Progress (1): 0.7/2.3 MB
Progress (1): 0.7/2.3 MB
Progress (1): 0.7/2.3 MB
Progress (1): 0.7/2.3 MB
Progress (1): 0.8/2.3 MB
Progress (1): 0.8/2.3 MB
Progress (1): 0.8/2.3 MB
Progress (1): 0.8/2.3 MB
Progress (1): 0.8/2.3 MB
Progress (1): 0.8/2.3 MB
Progress (1): 0.9/2.3 MB
Progress (1): 0.9/2.3 MB
Progress (1): 0.9/2.3 MB
Progress (1): 0.9/2.3 MB
Progress (1): 0.9/2.3 MB
Progress (1): 0.9/2.3 MB
Progress (1): 0.9/2.3 MB
Progress (1): 1.0/2.3 MB
Progress (1): 1.0/2.3 MB
Progress (1): 1.0/2.3 MB
Progress (1): 1.0/2.3 MB
Progress (1): 1.0/2.3 MB
Progress (1): 1.0/2.3 MB
Progress (1): 1.1/2.3 MB
Progress (1): 1.1/2.3 MB
Progress (1): 1.1/2.3 MB
Progress (1): 1.1/2.3 MB
Progress (1): 1.1/2.3 MB
Progress (1): 1.1/2.3 MB
Progress (1): 1.2/2.3 MB
Progress (1): 1.2/2.3 MB
Progress (1): 1.2/2.3 MB
Progress (1): 1.2/2.3 MB
Progress (1): 1.2/2.3 MB
Progress (1): 1.2/2.3 MB
Progress (1): 1.3/2.3 MB
Progress (1): 1.3/2.3 MB
Progress (1): 1.3/2.3 MB
Progress (1): 1.3/2.3 MB
Progress (1): 1.3/2.3 MB
Progress (1): 1.3/2.3 MB
Progress (1): 1.4/2.3 MB
Progress (1): 1.4/2.3 MB
Progress (1): 1.4/2.3 MB
Progress (1): 1.4/2.3 MB
Progress (1): 1.4/2.3 MB
Progress (1): 1.4/2.3 MB
Progress (1): 1.5/2.3 MB
Progress (1): 1.5/2.3 MB
Progress (1): 1.5/2.3 MB
Progress (1): 1.5/2.3 MB
Progress (1): 1.5/2.3 MB
Progress (1): 1.5/2.3 MB
Progress (1): 1.6/2.3 MB
Progress (1): 1.6/2.3 MB
Progress (1): 1.6/2.3 MB
Progress (1): 1.6/2.3 MB
Progress (1): 1.6/2.3 MB
Progress (1): 1.6/2.3 MB
Progress (1): 1.7/2.3 MB
Progress (1): 1.7/2.3 MB
Progress (1): 1.7/2.3 MB
Progress (1): 1.7/2.3 MB
Progress (1): 1.7/2.3 MB
Progress (1): 1.7/2.3 MB
Progress (1): 1.8/2.3 MB
Progress (1): 1.8/2.3 MB
Progress (1): 1.8/2.3 MB
Progress (1): 1.8/2.3 MB
Progress (1): 1.8/2.3 MB
Progress (1): 1.8/2.3 MB
Progress (1): 1.9/2.3 MB
Progress (1): 1.9/2.3 MB
Progress (1): 1.9/2.3 MB
Progress (1): 1.9/2.3 MB
Progress (1): 1.9/2.3 MB
Progress (1): 1.9/2.3 MB
Progress (1): 1.9/2.3 MB
Progress (1): 2.0/2.3 MB
Progress (1): 2.0/2.3 MB
Progress (1): 2.0/2.3 MB
Progress (1): 2.0/2.3 MB
Progress (1): 2.0/2.3 MB
Progress (1): 2.0/2.3 MB
Progress (1): 2.1/2.3 MB
Progress (1): 2.1/2.3 MB
Progress (1): 2.1/2.3 MB
Progress (1): 2.1/2.3 MB
Progress (1): 2.1/2.3 MB
Progress (1): 2.1/2.3 MB
Progress (1): 2.2/2.3 MB
Progress (1): 2.2/2.3 MB
Progress (1): 2.2/2.3 MB
Progress (1): 2.2/2.3 MB
Progress (1): 2.2/2.3 MB
Progress (1): 2.2/2.3 MB
Progress (1): 2.3/2.3 MB
Progress (1): 2.3/2.3 MB
Progress (1): 2.3/2.3 MB
Progress (1): 2.3 MB    
                    
Downloaded from central: https://repo.maven.apache.org/maven2/com/google/guava/guava/19.0/guava-19.0.jar (2.3 MB at 4.4 MB/s)
[INFO] Replacing main artifact with repackaged archive
[INFO] ------------------------------------------------------------------------
[INFO] BUILD SUCCESS
[INFO] ------------------------------------------------------------------------
[INFO] Total time:  36.579 s
[INFO] Finished at: 2020-08-20T17:46:37Z
[INFO] ------------------------------------------------------------------------
Finished: SUCCESS
